#! /opt/homebrew/Cellar/icarus-verilog/11.0/bin/vvp
:ivl_version "11.0 (stable)";
:ivl_delay_selection "TYPICAL";
:vpi_time_precision - 12;
:vpi_module "/opt/homebrew/Cellar/icarus-verilog/11.0/lib/ivl/system.vpi";
:vpi_module "/opt/homebrew/Cellar/icarus-verilog/11.0/lib/ivl/vhdl_sys.vpi";
:vpi_module "/opt/homebrew/Cellar/icarus-verilog/11.0/lib/ivl/vhdl_textio.vpi";
:vpi_module "/opt/homebrew/Cellar/icarus-verilog/11.0/lib/ivl/v2005_math.vpi";
:vpi_module "/opt/homebrew/Cellar/icarus-verilog/11.0/lib/ivl/va_math.vpi";
S_0x1236341e0 .scope module, "lc4_divider" "lc4_divider" 2 6;
 .timescale -9 -12;
    .port_info 0 /INPUT 16 "i_dividend";
    .port_info 1 /INPUT 16 "i_divisor";
    .port_info 2 /OUTPUT 16 "o_remainder";
    .port_info 3 /OUTPUT 16 "o_quotient";
o0x1280459b0 .functor BUFZ 16, C4<zzzzzzzzzzzzzzzz>; HiZ drive
L_0x600001d28a80 .functor BUFZ 16, o0x1280459b0, C4<0000000000000000>, C4<0000000000000000>, C4<0000000000000000>;
L_0x128079ba0 .functor BUFT 1, C4<0000000000000000>, C4<0>, C4<0>, C4<0>;
v0x6000004320a0_0 .net *"_ivl_12", 15 0, L_0x128079ba0;  1 drivers
L_0x128079be8 .functor BUFT 1, C4<00000000000000000000000000000000>, C4<0>, C4<0>, C4<0>;
v0x600000432130_0 .net/2u *"_ivl_13", 31 0, L_0x128079be8;  1 drivers
v0x6000004321c0_0 .net *"_ivl_15", 0 0, L_0x600000724d20;  1 drivers
L_0x128079c30 .functor BUFT 1, C4<0000000000000000>, C4<0>, C4<0>, C4<0>;
v0x600000432250_0 .net/2u *"_ivl_17", 15 0, L_0x128079c30;  1 drivers
v0x6000004322e0_0 .net *"_ivl_22", 31 0, L_0x600000724e60;  1 drivers
L_0x128079c78 .functor BUFT 1, C4<0000000000000000>, C4<0>, C4<0>, C4<0>;
v0x600000432370_0 .net *"_ivl_25", 15 0, L_0x128079c78;  1 drivers
L_0x128079cc0 .functor BUFT 1, C4<00000000000000000000000000000000>, C4<0>, C4<0>, C4<0>;
v0x600000432400_0 .net/2u *"_ivl_26", 31 0, L_0x128079cc0;  1 drivers
v0x600000432490_0 .net *"_ivl_28", 0 0, L_0x600000724f00;  1 drivers
L_0x128079d08 .functor BUFT 1, C4<0000000000000000>, C4<0>, C4<0>, C4<0>;
v0x600000432520_0 .net/2u *"_ivl_30", 15 0, L_0x128079d08;  1 drivers
v0x6000004325b0_0 .net *"_ivl_9", 31 0, L_0x600000724c80;  1 drivers
v0x600000432640 .array "dn_i", 0 16;
v0x600000432640_0 .net v0x600000432640 0, 15 0, L_0x600001d28a80; 1 drivers
v0x600000432640_1 .net v0x600000432640 1, 15 0, L_0x60000072c820; 1 drivers
v0x600000432640_2 .net v0x600000432640 2, 15 0, L_0x60000072d0e0; 1 drivers
v0x600000432640_3 .net v0x600000432640 3, 15 0, L_0x60000072d9a0; 1 drivers
v0x600000432640_4 .net v0x600000432640 4, 15 0, L_0x60000072e260; 1 drivers
v0x600000432640_5 .net v0x600000432640 5, 15 0, L_0x60000072eb20; 1 drivers
v0x600000432640_6 .net v0x600000432640 6, 15 0, L_0x60000072f3e0; 1 drivers
v0x600000432640_7 .net v0x600000432640 7, 15 0, L_0x60000072fca0; 1 drivers
v0x600000432640_8 .net v0x600000432640 8, 15 0, L_0x6000007285a0; 1 drivers
v0x600000432640_9 .net v0x600000432640 9, 15 0, L_0x600000728e60; 1 drivers
v0x600000432640_10 .net v0x600000432640 10, 15 0, L_0x600000729720; 1 drivers
v0x600000432640_11 .net v0x600000432640 11, 15 0, L_0x600000729fe0; 1 drivers
v0x600000432640_12 .net v0x600000432640 12, 15 0, L_0x60000072a8a0; 1 drivers
v0x600000432640_13 .net v0x600000432640 13, 15 0, L_0x60000072b160; 1 drivers
v0x600000432640_14 .net v0x600000432640 14, 15 0, L_0x60000072ba20; 1 drivers
v0x600000432640_15 .net v0x600000432640 15, 15 0, L_0x600000724320; 1 drivers
v0x600000432640_16 .net v0x600000432640 16, 15 0, L_0x600000724be0; 1 drivers
v0x600000432760_0 .net "i_dividend", 15 0, o0x1280459b0;  0 drivers
o0x128040340 .functor BUFZ 16, C4<zzzzzzzzzzzzzzzz>; HiZ drive
v0x6000004327f0_0 .net "i_divisor", 15 0, o0x128040340;  0 drivers
v0x600000432880_0 .net "o_quotient", 15 0, L_0x600000724fa0;  1 drivers
v0x600000432910_0 .net "o_remainder", 15 0, L_0x600000724dc0;  1 drivers
L_0x128079b58 .functor BUFT 1, C4<0000000000000000>, C4<0>, C4<0>, C4<0>;
v0x6000004329a0 .array "q_i", 0 16;
v0x6000004329a0_0 .net v0x6000004329a0 0, 15 0, L_0x128079b58; 1 drivers
v0x6000004329a0_1 .net v0x6000004329a0 1, 15 0, L_0x60000072c640; 1 drivers
v0x6000004329a0_2 .net v0x6000004329a0 2, 15 0, L_0x60000072cf00; 1 drivers
v0x6000004329a0_3 .net v0x6000004329a0 3, 15 0, L_0x60000072d7c0; 1 drivers
v0x6000004329a0_4 .net v0x6000004329a0 4, 15 0, L_0x60000072e080; 1 drivers
v0x6000004329a0_5 .net v0x6000004329a0 5, 15 0, L_0x60000072e940; 1 drivers
v0x6000004329a0_6 .net v0x6000004329a0 6, 15 0, L_0x60000072f200; 1 drivers
v0x6000004329a0_7 .net v0x6000004329a0 7, 15 0, L_0x60000072fac0; 1 drivers
v0x6000004329a0_8 .net v0x6000004329a0 8, 15 0, L_0x6000007283c0; 1 drivers
v0x6000004329a0_9 .net v0x6000004329a0 9, 15 0, L_0x600000728c80; 1 drivers
v0x6000004329a0_10 .net v0x6000004329a0 10, 15 0, L_0x600000729540; 1 drivers
v0x6000004329a0_11 .net v0x6000004329a0 11, 15 0, L_0x600000729e00; 1 drivers
v0x6000004329a0_12 .net v0x6000004329a0 12, 15 0, L_0x60000072a6c0; 1 drivers
v0x6000004329a0_13 .net v0x6000004329a0 13, 15 0, L_0x60000072af80; 1 drivers
v0x6000004329a0_14 .net v0x6000004329a0 14, 15 0, L_0x60000072b840; 1 drivers
v0x6000004329a0_15 .net v0x6000004329a0 15, 15 0, L_0x600000724140; 1 drivers
v0x6000004329a0_16 .net v0x6000004329a0 16, 15 0, L_0x600000724a00; 1 drivers
L_0x128079b10 .functor BUFT 1, C4<0000000000000000>, C4<0>, C4<0>, C4<0>;
v0x600000432ac0 .array "r_i", 0 16;
v0x600000432ac0_0 .net v0x600000432ac0 0, 15 0, L_0x128079b10; 1 drivers
v0x600000432ac0_1 .net v0x600000432ac0 1, 15 0, L_0x60000072c6e0; 1 drivers
v0x600000432ac0_2 .net v0x600000432ac0 2, 15 0, L_0x60000072cfa0; 1 drivers
v0x600000432ac0_3 .net v0x600000432ac0 3, 15 0, L_0x60000072d860; 1 drivers
v0x600000432ac0_4 .net v0x600000432ac0 4, 15 0, L_0x60000072e120; 1 drivers
v0x600000432ac0_5 .net v0x600000432ac0 5, 15 0, L_0x60000072e9e0; 1 drivers
v0x600000432ac0_6 .net v0x600000432ac0 6, 15 0, L_0x60000072f2a0; 1 drivers
v0x600000432ac0_7 .net v0x600000432ac0 7, 15 0, L_0x60000072fb60; 1 drivers
v0x600000432ac0_8 .net v0x600000432ac0 8, 15 0, L_0x600000728460; 1 drivers
v0x600000432ac0_9 .net v0x600000432ac0 9, 15 0, L_0x600000728d20; 1 drivers
v0x600000432ac0_10 .net v0x600000432ac0 10, 15 0, L_0x6000007295e0; 1 drivers
v0x600000432ac0_11 .net v0x600000432ac0 11, 15 0, L_0x600000729ea0; 1 drivers
v0x600000432ac0_12 .net v0x600000432ac0 12, 15 0, L_0x60000072a760; 1 drivers
v0x600000432ac0_13 .net v0x600000432ac0 13, 15 0, L_0x60000072b020; 1 drivers
v0x600000432ac0_14 .net v0x600000432ac0 14, 15 0, L_0x60000072b8e0; 1 drivers
v0x600000432ac0_15 .net v0x600000432ac0 15, 15 0, L_0x6000007241e0; 1 drivers
v0x600000432ac0_16 .net v0x600000432ac0 16, 15 0, L_0x600000724aa0; 1 drivers
L_0x600000724c80 .concat [ 16 16 0 0], o0x128040340, L_0x128079ba0;
L_0x600000724d20 .cmp/eeq 32, L_0x600000724c80, L_0x128079be8;
L_0x600000724dc0 .functor MUXZ 16, L_0x600000724aa0, L_0x128079c30, L_0x600000724d20, C4<>;
L_0x600000724e60 .concat [ 16 16 0 0], o0x128040340, L_0x128079c78;
L_0x600000724f00 .cmp/eeq 32, L_0x600000724e60, L_0x128079cc0;
L_0x600000724fa0 .functor MUXZ 16, L_0x600000724a00, L_0x128079d08, L_0x600000724f00, C4<>;
S_0x1236320f0 .scope generate, "genblk1[1]" "genblk1[1]" 2 20, 2 20 0, S_0x1236341e0;
 .timescale -9 -12;
P_0x600002327a00 .param/l "i" 0 2 20, +C4<01>;
S_0x123630220 .scope module, "d0" "lc4_divider_one_iter" 2 21, 2 35 0, S_0x1236320f0;
 .timescale -9 -12;
    .port_info 0 /INPUT 16 "i_dividend";
    .port_info 1 /INPUT 16 "i_divisor";
    .port_info 2 /INPUT 16 "i_remainder";
    .port_info 3 /INPUT 16 "i_quotient";
    .port_info 4 /OUTPUT 16 "o_dividend";
    .port_info 5 /OUTPUT 16 "o_remainder";
    .port_info 6 /OUTPUT 16 "o_quotient";
L_0x600001d2f560 .functor OR 16, L_0x60000072c0a0, L_0x60000072c1e0, C4<0000000000000000>, C4<0000000000000000>;
L_0x128078130 .functor BUFT 1, C4<0000000000000001>, C4<0>, C4<0>, C4<0>;
L_0x600001d2f5d0 .functor OR 16, L_0x60000072c5a0, L_0x128078130, C4<0000000000000000>, C4<0000000000000000>;
v0x6000004234e0_0 .net *"_ivl_0", 15 0, L_0x60000072c0a0;  1 drivers
L_0x128078058 .functor BUFT 1, C4<000000000000000>, C4<0>, C4<0>, C4<0>;
v0x600000423570_0 .net *"_ivl_10", 14 0, L_0x128078058;  1 drivers
v0x600000423600_0 .net *"_ivl_18", 15 0, L_0x60000072c460;  1 drivers
v0x600000423690_0 .net *"_ivl_2", 14 0, L_0x60000072c000;  1 drivers
v0x600000423720_0 .net *"_ivl_20", 14 0, L_0x60000072c3c0;  1 drivers
L_0x1280780a0 .functor BUFT 1, C4<0>, C4<0>, C4<0>, C4<0>;
v0x6000004237b0_0 .net *"_ivl_22", 0 0, L_0x1280780a0;  1 drivers
v0x600000423840_0 .net *"_ivl_24", 15 0, L_0x60000072c5a0;  1 drivers
v0x6000004238d0_0 .net *"_ivl_26", 14 0, L_0x60000072c500;  1 drivers
L_0x1280780e8 .functor BUFT 1, C4<0>, C4<0>, C4<0>, C4<0>;
v0x600000423960_0 .net *"_ivl_28", 0 0, L_0x1280780e8;  1 drivers
v0x6000004239f0_0 .net/2u *"_ivl_30", 15 0, L_0x128078130;  1 drivers
v0x600000423a80_0 .net *"_ivl_32", 15 0, L_0x600001d2f5d0;  1 drivers
L_0x128078010 .functor BUFT 1, C4<0>, C4<0>, C4<0>, C4<0>;
v0x600000423b10_0 .net *"_ivl_4", 0 0, L_0x128078010;  1 drivers
v0x600000423ba0_0 .net *"_ivl_40", 14 0, L_0x60000072c780;  1 drivers
L_0x128078178 .functor BUFT 1, C4<0>, C4<0>, C4<0>, C4<0>;
v0x600000423c30_0 .net *"_ivl_42", 0 0, L_0x128078178;  1 drivers
v0x600000423cc0_0 .net *"_ivl_6", 15 0, L_0x60000072c1e0;  1 drivers
v0x600000423d50_0 .net *"_ivl_8", 0 0, L_0x60000072c140;  1 drivers
v0x600000423de0_0 .net "i_dividend", 15 0, L_0x600001d28a80;  alias, 1 drivers
v0x600000423e70_0 .net "i_divisor", 15 0, o0x128040340;  alias, 0 drivers
v0x600000423f00_0 .net "i_quotient", 15 0, L_0x128079b58;  alias, 1 drivers
v0x60000043c000_0 .net "i_remainder", 15 0, L_0x128079b10;  alias, 1 drivers
v0x60000043c090_0 .net "o_dividend", 15 0, L_0x60000072c820;  alias, 1 drivers
v0x60000043c120_0 .net "o_quotient", 15 0, L_0x60000072c640;  alias, 1 drivers
v0x60000043c1b0_0 .net "o_remainder", 15 0, L_0x60000072c6e0;  alias, 1 drivers
v0x60000043c240_0 .net "r_shift", 15 0, L_0x600001d2f560;  1 drivers
v0x60000043c2d0_0 .net "r_sub", 15 0, L_0x60000072c320;  1 drivers
v0x60000043c360_0 .net "select", 0 0, L_0x60000072c280;  1 drivers
L_0x60000072c000 .part L_0x128079b10, 0, 15;
L_0x60000072c0a0 .concat [ 1 15 0 0], L_0x128078010, L_0x60000072c000;
L_0x60000072c140 .part L_0x600001d28a80, 15, 1;
L_0x60000072c1e0 .concat [ 1 15 0 0], L_0x60000072c140, L_0x128078058;
L_0x60000072c280 .cmp/gt 16, o0x128040340, L_0x600001d2f560;
L_0x60000072c320 .arith/sub 16, L_0x600001d2f560, o0x128040340;
L_0x60000072c3c0 .part L_0x128079b58, 0, 15;
L_0x60000072c460 .concat [ 1 15 0 0], L_0x1280780a0, L_0x60000072c3c0;
L_0x60000072c500 .part L_0x128079b58, 0, 15;
L_0x60000072c5a0 .concat [ 1 15 0 0], L_0x1280780e8, L_0x60000072c500;
L_0x60000072c640 .functor MUXZ 16, L_0x600001d2f5d0, L_0x60000072c460, L_0x60000072c280, C4<>;
L_0x60000072c6e0 .functor MUXZ 16, L_0x60000072c320, L_0x600001d2f560, L_0x60000072c280, C4<>;
L_0x60000072c780 .part L_0x600001d28a80, 0, 15;
L_0x60000072c820 .concat [ 1 15 0 0], L_0x128078178, L_0x60000072c780;
S_0x12362e350 .scope generate, "genblk1[2]" "genblk1[2]" 2 20, 2 20 0, S_0x1236341e0;
 .timescale -9 -12;
P_0x600002327a80 .param/l "i" 0 2 20, +C4<010>;
S_0x12362c480 .scope module, "d0" "lc4_divider_one_iter" 2 21, 2 35 0, S_0x12362e350;
 .timescale -9 -12;
    .port_info 0 /INPUT 16 "i_dividend";
    .port_info 1 /INPUT 16 "i_divisor";
    .port_info 2 /INPUT 16 "i_remainder";
    .port_info 3 /INPUT 16 "i_quotient";
    .port_info 4 /OUTPUT 16 "o_dividend";
    .port_info 5 /OUTPUT 16 "o_remainder";
    .port_info 6 /OUTPUT 16 "o_quotient";
L_0x600001d2f6b0 .functor OR 16, L_0x60000072c960, L_0x60000072caa0, C4<0000000000000000>, C4<0000000000000000>;
L_0x1280782e0 .functor BUFT 1, C4<0000000000000001>, C4<0>, C4<0>, C4<0>;
L_0x600001d2f720 .functor OR 16, L_0x60000072ce60, L_0x1280782e0, C4<0000000000000000>, C4<0000000000000000>;
v0x60000043c3f0_0 .net *"_ivl_0", 15 0, L_0x60000072c960;  1 drivers
L_0x128078208 .functor BUFT 1, C4<000000000000000>, C4<0>, C4<0>, C4<0>;
v0x60000043c480_0 .net *"_ivl_10", 14 0, L_0x128078208;  1 drivers
v0x60000043c510_0 .net *"_ivl_18", 15 0, L_0x60000072cd20;  1 drivers
v0x60000043c5a0_0 .net *"_ivl_2", 14 0, L_0x60000072c8c0;  1 drivers
v0x60000043c630_0 .net *"_ivl_20", 14 0, L_0x60000072cc80;  1 drivers
L_0x128078250 .functor BUFT 1, C4<0>, C4<0>, C4<0>, C4<0>;
v0x60000043c6c0_0 .net *"_ivl_22", 0 0, L_0x128078250;  1 drivers
v0x60000043c750_0 .net *"_ivl_24", 15 0, L_0x60000072ce60;  1 drivers
v0x60000043c7e0_0 .net *"_ivl_26", 14 0, L_0x60000072cdc0;  1 drivers
L_0x128078298 .functor BUFT 1, C4<0>, C4<0>, C4<0>, C4<0>;
v0x60000043c870_0 .net *"_ivl_28", 0 0, L_0x128078298;  1 drivers
v0x60000043c900_0 .net/2u *"_ivl_30", 15 0, L_0x1280782e0;  1 drivers
v0x60000043c990_0 .net *"_ivl_32", 15 0, L_0x600001d2f720;  1 drivers
L_0x1280781c0 .functor BUFT 1, C4<0>, C4<0>, C4<0>, C4<0>;
v0x60000043ca20_0 .net *"_ivl_4", 0 0, L_0x1280781c0;  1 drivers
v0x60000043cab0_0 .net *"_ivl_40", 14 0, L_0x60000072d040;  1 drivers
L_0x128078328 .functor BUFT 1, C4<0>, C4<0>, C4<0>, C4<0>;
v0x60000043cb40_0 .net *"_ivl_42", 0 0, L_0x128078328;  1 drivers
v0x60000043cbd0_0 .net *"_ivl_6", 15 0, L_0x60000072caa0;  1 drivers
v0x60000043cc60_0 .net *"_ivl_8", 0 0, L_0x60000072ca00;  1 drivers
v0x60000043ccf0_0 .net "i_dividend", 15 0, L_0x60000072c820;  alias, 1 drivers
v0x60000043cd80_0 .net "i_divisor", 15 0, o0x128040340;  alias, 0 drivers
v0x60000043ce10_0 .net "i_quotient", 15 0, L_0x60000072c640;  alias, 1 drivers
v0x60000043cea0_0 .net "i_remainder", 15 0, L_0x60000072c6e0;  alias, 1 drivers
v0x60000043cf30_0 .net "o_dividend", 15 0, L_0x60000072d0e0;  alias, 1 drivers
v0x60000043cfc0_0 .net "o_quotient", 15 0, L_0x60000072cf00;  alias, 1 drivers
v0x60000043d050_0 .net "o_remainder", 15 0, L_0x60000072cfa0;  alias, 1 drivers
v0x60000043d0e0_0 .net "r_shift", 15 0, L_0x600001d2f6b0;  1 drivers
v0x60000043d170_0 .net "r_sub", 15 0, L_0x60000072cbe0;  1 drivers
v0x60000043d200_0 .net "select", 0 0, L_0x60000072cb40;  1 drivers
L_0x60000072c8c0 .part L_0x60000072c6e0, 0, 15;
L_0x60000072c960 .concat [ 1 15 0 0], L_0x1280781c0, L_0x60000072c8c0;
L_0x60000072ca00 .part L_0x60000072c820, 15, 1;
L_0x60000072caa0 .concat [ 1 15 0 0], L_0x60000072ca00, L_0x128078208;
L_0x60000072cb40 .cmp/gt 16, o0x128040340, L_0x600001d2f6b0;
L_0x60000072cbe0 .arith/sub 16, L_0x600001d2f6b0, o0x128040340;
L_0x60000072cc80 .part L_0x60000072c640, 0, 15;
L_0x60000072cd20 .concat [ 1 15 0 0], L_0x128078250, L_0x60000072cc80;
L_0x60000072cdc0 .part L_0x60000072c640, 0, 15;
L_0x60000072ce60 .concat [ 1 15 0 0], L_0x128078298, L_0x60000072cdc0;
L_0x60000072cf00 .functor MUXZ 16, L_0x600001d2f720, L_0x60000072cd20, L_0x60000072cb40, C4<>;
L_0x60000072cfa0 .functor MUXZ 16, L_0x60000072cbe0, L_0x600001d2f6b0, L_0x60000072cb40, C4<>;
L_0x60000072d040 .part L_0x60000072c820, 0, 15;
L_0x60000072d0e0 .concat [ 1 15 0 0], L_0x128078328, L_0x60000072d040;
S_0x12362a5b0 .scope generate, "genblk1[3]" "genblk1[3]" 2 20, 2 20 0, S_0x1236341e0;
 .timescale -9 -12;
P_0x600002327b40 .param/l "i" 0 2 20, +C4<011>;
S_0x1236286e0 .scope module, "d0" "lc4_divider_one_iter" 2 21, 2 35 0, S_0x12362a5b0;
 .timescale -9 -12;
    .port_info 0 /INPUT 16 "i_dividend";
    .port_info 1 /INPUT 16 "i_divisor";
    .port_info 2 /INPUT 16 "i_remainder";
    .port_info 3 /INPUT 16 "i_quotient";
    .port_info 4 /OUTPUT 16 "o_dividend";
    .port_info 5 /OUTPUT 16 "o_remainder";
    .port_info 6 /OUTPUT 16 "o_quotient";
L_0x600001d2f800 .functor OR 16, L_0x60000072d220, L_0x60000072d360, C4<0000000000000000>, C4<0000000000000000>;
L_0x128078490 .functor BUFT 1, C4<0000000000000001>, C4<0>, C4<0>, C4<0>;
L_0x600001d2f870 .functor OR 16, L_0x60000072d720, L_0x128078490, C4<0000000000000000>, C4<0000000000000000>;
v0x60000043d290_0 .net *"_ivl_0", 15 0, L_0x60000072d220;  1 drivers
L_0x1280783b8 .functor BUFT 1, C4<000000000000000>, C4<0>, C4<0>, C4<0>;
v0x60000043d320_0 .net *"_ivl_10", 14 0, L_0x1280783b8;  1 drivers
v0x60000043d3b0_0 .net *"_ivl_18", 15 0, L_0x60000072d5e0;  1 drivers
v0x60000043d440_0 .net *"_ivl_2", 14 0, L_0x60000072d180;  1 drivers
v0x60000043d4d0_0 .net *"_ivl_20", 14 0, L_0x60000072d540;  1 drivers
L_0x128078400 .functor BUFT 1, C4<0>, C4<0>, C4<0>, C4<0>;
v0x60000043d560_0 .net *"_ivl_22", 0 0, L_0x128078400;  1 drivers
v0x60000043d5f0_0 .net *"_ivl_24", 15 0, L_0x60000072d720;  1 drivers
v0x60000043d680_0 .net *"_ivl_26", 14 0, L_0x60000072d680;  1 drivers
L_0x128078448 .functor BUFT 1, C4<0>, C4<0>, C4<0>, C4<0>;
v0x60000043d710_0 .net *"_ivl_28", 0 0, L_0x128078448;  1 drivers
v0x60000043d7a0_0 .net/2u *"_ivl_30", 15 0, L_0x128078490;  1 drivers
v0x60000043d830_0 .net *"_ivl_32", 15 0, L_0x600001d2f870;  1 drivers
L_0x128078370 .functor BUFT 1, C4<0>, C4<0>, C4<0>, C4<0>;
v0x60000043d8c0_0 .net *"_ivl_4", 0 0, L_0x128078370;  1 drivers
v0x60000043d950_0 .net *"_ivl_40", 14 0, L_0x60000072d900;  1 drivers
L_0x1280784d8 .functor BUFT 1, C4<0>, C4<0>, C4<0>, C4<0>;
v0x60000043d9e0_0 .net *"_ivl_42", 0 0, L_0x1280784d8;  1 drivers
v0x60000043da70_0 .net *"_ivl_6", 15 0, L_0x60000072d360;  1 drivers
v0x60000043db00_0 .net *"_ivl_8", 0 0, L_0x60000072d2c0;  1 drivers
v0x60000043db90_0 .net "i_dividend", 15 0, L_0x60000072d0e0;  alias, 1 drivers
v0x60000043dc20_0 .net "i_divisor", 15 0, o0x128040340;  alias, 0 drivers
v0x60000043dcb0_0 .net "i_quotient", 15 0, L_0x60000072cf00;  alias, 1 drivers
v0x60000043dd40_0 .net "i_remainder", 15 0, L_0x60000072cfa0;  alias, 1 drivers
v0x60000043ddd0_0 .net "o_dividend", 15 0, L_0x60000072d9a0;  alias, 1 drivers
v0x60000043de60_0 .net "o_quotient", 15 0, L_0x60000072d7c0;  alias, 1 drivers
v0x60000043def0_0 .net "o_remainder", 15 0, L_0x60000072d860;  alias, 1 drivers
v0x60000043df80_0 .net "r_shift", 15 0, L_0x600001d2f800;  1 drivers
v0x60000043e010_0 .net "r_sub", 15 0, L_0x60000072d4a0;  1 drivers
v0x60000043e0a0_0 .net "select", 0 0, L_0x60000072d400;  1 drivers
L_0x60000072d180 .part L_0x60000072cfa0, 0, 15;
L_0x60000072d220 .concat [ 1 15 0 0], L_0x128078370, L_0x60000072d180;
L_0x60000072d2c0 .part L_0x60000072d0e0, 15, 1;
L_0x60000072d360 .concat [ 1 15 0 0], L_0x60000072d2c0, L_0x1280783b8;
L_0x60000072d400 .cmp/gt 16, o0x128040340, L_0x600001d2f800;
L_0x60000072d4a0 .arith/sub 16, L_0x600001d2f800, o0x128040340;
L_0x60000072d540 .part L_0x60000072cf00, 0, 15;
L_0x60000072d5e0 .concat [ 1 15 0 0], L_0x128078400, L_0x60000072d540;
L_0x60000072d680 .part L_0x60000072cf00, 0, 15;
L_0x60000072d720 .concat [ 1 15 0 0], L_0x128078448, L_0x60000072d680;
L_0x60000072d7c0 .functor MUXZ 16, L_0x600001d2f870, L_0x60000072d5e0, L_0x60000072d400, C4<>;
L_0x60000072d860 .functor MUXZ 16, L_0x60000072d4a0, L_0x600001d2f800, L_0x60000072d400, C4<>;
L_0x60000072d900 .part L_0x60000072d0e0, 0, 15;
L_0x60000072d9a0 .concat [ 1 15 0 0], L_0x1280784d8, L_0x60000072d900;
S_0x123626810 .scope generate, "genblk1[4]" "genblk1[4]" 2 20, 2 20 0, S_0x1236341e0;
 .timescale -9 -12;
P_0x600002327c00 .param/l "i" 0 2 20, +C4<0100>;
S_0x123624940 .scope module, "d0" "lc4_divider_one_iter" 2 21, 2 35 0, S_0x123626810;
 .timescale -9 -12;
    .port_info 0 /INPUT 16 "i_dividend";
    .port_info 1 /INPUT 16 "i_divisor";
    .port_info 2 /INPUT 16 "i_remainder";
    .port_info 3 /INPUT 16 "i_quotient";
    .port_info 4 /OUTPUT 16 "o_dividend";
    .port_info 5 /OUTPUT 16 "o_remainder";
    .port_info 6 /OUTPUT 16 "o_quotient";
L_0x600001d2f950 .functor OR 16, L_0x60000072dae0, L_0x60000072dc20, C4<0000000000000000>, C4<0000000000000000>;
L_0x128078640 .functor BUFT 1, C4<0000000000000001>, C4<0>, C4<0>, C4<0>;
L_0x600001d2f9c0 .functor OR 16, L_0x60000072dfe0, L_0x128078640, C4<0000000000000000>, C4<0000000000000000>;
v0x60000043e130_0 .net *"_ivl_0", 15 0, L_0x60000072dae0;  1 drivers
L_0x128078568 .functor BUFT 1, C4<000000000000000>, C4<0>, C4<0>, C4<0>;
v0x60000043e1c0_0 .net *"_ivl_10", 14 0, L_0x128078568;  1 drivers
v0x60000043e250_0 .net *"_ivl_18", 15 0, L_0x60000072dea0;  1 drivers
v0x60000043e2e0_0 .net *"_ivl_2", 14 0, L_0x60000072da40;  1 drivers
v0x60000043e370_0 .net *"_ivl_20", 14 0, L_0x60000072de00;  1 drivers
L_0x1280785b0 .functor BUFT 1, C4<0>, C4<0>, C4<0>, C4<0>;
v0x60000043e400_0 .net *"_ivl_22", 0 0, L_0x1280785b0;  1 drivers
v0x60000043e490_0 .net *"_ivl_24", 15 0, L_0x60000072dfe0;  1 drivers
v0x60000043e520_0 .net *"_ivl_26", 14 0, L_0x60000072df40;  1 drivers
L_0x1280785f8 .functor BUFT 1, C4<0>, C4<0>, C4<0>, C4<0>;
v0x60000043e5b0_0 .net *"_ivl_28", 0 0, L_0x1280785f8;  1 drivers
v0x60000043e640_0 .net/2u *"_ivl_30", 15 0, L_0x128078640;  1 drivers
v0x60000043e6d0_0 .net *"_ivl_32", 15 0, L_0x600001d2f9c0;  1 drivers
L_0x128078520 .functor BUFT 1, C4<0>, C4<0>, C4<0>, C4<0>;
v0x60000043e760_0 .net *"_ivl_4", 0 0, L_0x128078520;  1 drivers
v0x60000043e7f0_0 .net *"_ivl_40", 14 0, L_0x60000072e1c0;  1 drivers
L_0x128078688 .functor BUFT 1, C4<0>, C4<0>, C4<0>, C4<0>;
v0x60000043e880_0 .net *"_ivl_42", 0 0, L_0x128078688;  1 drivers
v0x60000043e910_0 .net *"_ivl_6", 15 0, L_0x60000072dc20;  1 drivers
v0x60000043e9a0_0 .net *"_ivl_8", 0 0, L_0x60000072db80;  1 drivers
v0x60000043ea30_0 .net "i_dividend", 15 0, L_0x60000072d9a0;  alias, 1 drivers
v0x60000043eac0_0 .net "i_divisor", 15 0, o0x128040340;  alias, 0 drivers
v0x60000043eb50_0 .net "i_quotient", 15 0, L_0x60000072d7c0;  alias, 1 drivers
v0x60000043ebe0_0 .net "i_remainder", 15 0, L_0x60000072d860;  alias, 1 drivers
v0x60000043ec70_0 .net "o_dividend", 15 0, L_0x60000072e260;  alias, 1 drivers
v0x60000043ed00_0 .net "o_quotient", 15 0, L_0x60000072e080;  alias, 1 drivers
v0x60000043ed90_0 .net "o_remainder", 15 0, L_0x60000072e120;  alias, 1 drivers
v0x60000043ee20_0 .net "r_shift", 15 0, L_0x600001d2f950;  1 drivers
v0x60000043eeb0_0 .net "r_sub", 15 0, L_0x60000072dd60;  1 drivers
v0x60000043ef40_0 .net "select", 0 0, L_0x60000072dcc0;  1 drivers
L_0x60000072da40 .part L_0x60000072d860, 0, 15;
L_0x60000072dae0 .concat [ 1 15 0 0], L_0x128078520, L_0x60000072da40;
L_0x60000072db80 .part L_0x60000072d9a0, 15, 1;
L_0x60000072dc20 .concat [ 1 15 0 0], L_0x60000072db80, L_0x128078568;
L_0x60000072dcc0 .cmp/gt 16, o0x128040340, L_0x600001d2f950;
L_0x60000072dd60 .arith/sub 16, L_0x600001d2f950, o0x128040340;
L_0x60000072de00 .part L_0x60000072d7c0, 0, 15;
L_0x60000072dea0 .concat [ 1 15 0 0], L_0x1280785b0, L_0x60000072de00;
L_0x60000072df40 .part L_0x60000072d7c0, 0, 15;
L_0x60000072dfe0 .concat [ 1 15 0 0], L_0x1280785f8, L_0x60000072df40;
L_0x60000072e080 .functor MUXZ 16, L_0x600001d2f9c0, L_0x60000072dea0, L_0x60000072dcc0, C4<>;
L_0x60000072e120 .functor MUXZ 16, L_0x60000072dd60, L_0x600001d2f950, L_0x60000072dcc0, C4<>;
L_0x60000072e1c0 .part L_0x60000072d9a0, 0, 15;
L_0x60000072e260 .concat [ 1 15 0 0], L_0x128078688, L_0x60000072e1c0;
S_0x123622a70 .scope generate, "genblk1[5]" "genblk1[5]" 2 20, 2 20 0, S_0x1236341e0;
 .timescale -9 -12;
P_0x600002327d80 .param/l "i" 0 2 20, +C4<0101>;
S_0x123620ba0 .scope module, "d0" "lc4_divider_one_iter" 2 21, 2 35 0, S_0x123622a70;
 .timescale -9 -12;
    .port_info 0 /INPUT 16 "i_dividend";
    .port_info 1 /INPUT 16 "i_divisor";
    .port_info 2 /INPUT 16 "i_remainder";
    .port_info 3 /INPUT 16 "i_quotient";
    .port_info 4 /OUTPUT 16 "o_dividend";
    .port_info 5 /OUTPUT 16 "o_remainder";
    .port_info 6 /OUTPUT 16 "o_quotient";
L_0x600001d2faa0 .functor OR 16, L_0x60000072e3a0, L_0x60000072e4e0, C4<0000000000000000>, C4<0000000000000000>;
L_0x1280787f0 .functor BUFT 1, C4<0000000000000001>, C4<0>, C4<0>, C4<0>;
L_0x600001d2fb10 .functor OR 16, L_0x60000072e8a0, L_0x1280787f0, C4<0000000000000000>, C4<0000000000000000>;
v0x60000043efd0_0 .net *"_ivl_0", 15 0, L_0x60000072e3a0;  1 drivers
L_0x128078718 .functor BUFT 1, C4<000000000000000>, C4<0>, C4<0>, C4<0>;
v0x60000043f060_0 .net *"_ivl_10", 14 0, L_0x128078718;  1 drivers
v0x60000043f0f0_0 .net *"_ivl_18", 15 0, L_0x60000072e760;  1 drivers
v0x60000043f180_0 .net *"_ivl_2", 14 0, L_0x60000072e300;  1 drivers
v0x60000043f210_0 .net *"_ivl_20", 14 0, L_0x60000072e6c0;  1 drivers
L_0x128078760 .functor BUFT 1, C4<0>, C4<0>, C4<0>, C4<0>;
v0x60000043f2a0_0 .net *"_ivl_22", 0 0, L_0x128078760;  1 drivers
v0x60000043f330_0 .net *"_ivl_24", 15 0, L_0x60000072e8a0;  1 drivers
v0x60000043f3c0_0 .net *"_ivl_26", 14 0, L_0x60000072e800;  1 drivers
L_0x1280787a8 .functor BUFT 1, C4<0>, C4<0>, C4<0>, C4<0>;
v0x60000043f450_0 .net *"_ivl_28", 0 0, L_0x1280787a8;  1 drivers
v0x60000043f4e0_0 .net/2u *"_ivl_30", 15 0, L_0x1280787f0;  1 drivers
v0x60000043f570_0 .net *"_ivl_32", 15 0, L_0x600001d2fb10;  1 drivers
L_0x1280786d0 .functor BUFT 1, C4<0>, C4<0>, C4<0>, C4<0>;
v0x60000043f600_0 .net *"_ivl_4", 0 0, L_0x1280786d0;  1 drivers
v0x60000043f690_0 .net *"_ivl_40", 14 0, L_0x60000072ea80;  1 drivers
L_0x128078838 .functor BUFT 1, C4<0>, C4<0>, C4<0>, C4<0>;
v0x60000043f720_0 .net *"_ivl_42", 0 0, L_0x128078838;  1 drivers
v0x60000043f7b0_0 .net *"_ivl_6", 15 0, L_0x60000072e4e0;  1 drivers
v0x60000043f840_0 .net *"_ivl_8", 0 0, L_0x60000072e440;  1 drivers
v0x60000043f8d0_0 .net "i_dividend", 15 0, L_0x60000072e260;  alias, 1 drivers
v0x60000043f960_0 .net "i_divisor", 15 0, o0x128040340;  alias, 0 drivers
v0x60000043f9f0_0 .net "i_quotient", 15 0, L_0x60000072e080;  alias, 1 drivers
v0x60000043fa80_0 .net "i_remainder", 15 0, L_0x60000072e120;  alias, 1 drivers
v0x60000043fb10_0 .net "o_dividend", 15 0, L_0x60000072eb20;  alias, 1 drivers
v0x60000043fba0_0 .net "o_quotient", 15 0, L_0x60000072e940;  alias, 1 drivers
v0x60000043fc30_0 .net "o_remainder", 15 0, L_0x60000072e9e0;  alias, 1 drivers
v0x60000043fcc0_0 .net "r_shift", 15 0, L_0x600001d2faa0;  1 drivers
v0x60000043fd50_0 .net "r_sub", 15 0, L_0x60000072e620;  1 drivers
v0x60000043fde0_0 .net "select", 0 0, L_0x60000072e580;  1 drivers
L_0x60000072e300 .part L_0x60000072e120, 0, 15;
L_0x60000072e3a0 .concat [ 1 15 0 0], L_0x1280786d0, L_0x60000072e300;
L_0x60000072e440 .part L_0x60000072e260, 15, 1;
L_0x60000072e4e0 .concat [ 1 15 0 0], L_0x60000072e440, L_0x128078718;
L_0x60000072e580 .cmp/gt 16, o0x128040340, L_0x600001d2faa0;
L_0x60000072e620 .arith/sub 16, L_0x600001d2faa0, o0x128040340;
L_0x60000072e6c0 .part L_0x60000072e080, 0, 15;
L_0x60000072e760 .concat [ 1 15 0 0], L_0x128078760, L_0x60000072e6c0;
L_0x60000072e800 .part L_0x60000072e080, 0, 15;
L_0x60000072e8a0 .concat [ 1 15 0 0], L_0x1280787a8, L_0x60000072e800;
L_0x60000072e940 .functor MUXZ 16, L_0x600001d2fb10, L_0x60000072e760, L_0x60000072e580, C4<>;
L_0x60000072e9e0 .functor MUXZ 16, L_0x60000072e620, L_0x600001d2faa0, L_0x60000072e580, C4<>;
L_0x60000072ea80 .part L_0x60000072e260, 0, 15;
L_0x60000072eb20 .concat [ 1 15 0 0], L_0x128078838, L_0x60000072ea80;
S_0x12361ecd0 .scope generate, "genblk1[6]" "genblk1[6]" 2 20, 2 20 0, S_0x1236341e0;
 .timescale -9 -12;
P_0x600002327e00 .param/l "i" 0 2 20, +C4<0110>;
S_0x12361ce00 .scope module, "d0" "lc4_divider_one_iter" 2 21, 2 35 0, S_0x12361ecd0;
 .timescale -9 -12;
    .port_info 0 /INPUT 16 "i_dividend";
    .port_info 1 /INPUT 16 "i_divisor";
    .port_info 2 /INPUT 16 "i_remainder";
    .port_info 3 /INPUT 16 "i_quotient";
    .port_info 4 /OUTPUT 16 "o_dividend";
    .port_info 5 /OUTPUT 16 "o_remainder";
    .port_info 6 /OUTPUT 16 "o_quotient";
L_0x600001d2fbf0 .functor OR 16, L_0x60000072ec60, L_0x60000072eda0, C4<0000000000000000>, C4<0000000000000000>;
L_0x1280789a0 .functor BUFT 1, C4<0000000000000001>, C4<0>, C4<0>, C4<0>;
L_0x600001d2fc60 .functor OR 16, L_0x60000072f160, L_0x1280789a0, C4<0000000000000000>, C4<0000000000000000>;
v0x60000043fe70_0 .net *"_ivl_0", 15 0, L_0x60000072ec60;  1 drivers
L_0x1280788c8 .functor BUFT 1, C4<000000000000000>, C4<0>, C4<0>, C4<0>;
v0x60000043ff00_0 .net *"_ivl_10", 14 0, L_0x1280788c8;  1 drivers
v0x600000438000_0 .net *"_ivl_18", 15 0, L_0x60000072f020;  1 drivers
v0x600000438090_0 .net *"_ivl_2", 14 0, L_0x60000072ebc0;  1 drivers
v0x600000438120_0 .net *"_ivl_20", 14 0, L_0x60000072ef80;  1 drivers
L_0x128078910 .functor BUFT 1, C4<0>, C4<0>, C4<0>, C4<0>;
v0x6000004381b0_0 .net *"_ivl_22", 0 0, L_0x128078910;  1 drivers
v0x600000438240_0 .net *"_ivl_24", 15 0, L_0x60000072f160;  1 drivers
v0x6000004382d0_0 .net *"_ivl_26", 14 0, L_0x60000072f0c0;  1 drivers
L_0x128078958 .functor BUFT 1, C4<0>, C4<0>, C4<0>, C4<0>;
v0x600000438360_0 .net *"_ivl_28", 0 0, L_0x128078958;  1 drivers
v0x6000004383f0_0 .net/2u *"_ivl_30", 15 0, L_0x1280789a0;  1 drivers
v0x600000438480_0 .net *"_ivl_32", 15 0, L_0x600001d2fc60;  1 drivers
L_0x128078880 .functor BUFT 1, C4<0>, C4<0>, C4<0>, C4<0>;
v0x600000438510_0 .net *"_ivl_4", 0 0, L_0x128078880;  1 drivers
v0x6000004385a0_0 .net *"_ivl_40", 14 0, L_0x60000072f340;  1 drivers
L_0x1280789e8 .functor BUFT 1, C4<0>, C4<0>, C4<0>, C4<0>;
v0x600000438630_0 .net *"_ivl_42", 0 0, L_0x1280789e8;  1 drivers
v0x6000004386c0_0 .net *"_ivl_6", 15 0, L_0x60000072eda0;  1 drivers
v0x600000438750_0 .net *"_ivl_8", 0 0, L_0x60000072ed00;  1 drivers
v0x6000004387e0_0 .net "i_dividend", 15 0, L_0x60000072eb20;  alias, 1 drivers
v0x600000438870_0 .net "i_divisor", 15 0, o0x128040340;  alias, 0 drivers
v0x600000438900_0 .net "i_quotient", 15 0, L_0x60000072e940;  alias, 1 drivers
v0x600000438990_0 .net "i_remainder", 15 0, L_0x60000072e9e0;  alias, 1 drivers
v0x600000438a20_0 .net "o_dividend", 15 0, L_0x60000072f3e0;  alias, 1 drivers
v0x600000438ab0_0 .net "o_quotient", 15 0, L_0x60000072f200;  alias, 1 drivers
v0x600000438b40_0 .net "o_remainder", 15 0, L_0x60000072f2a0;  alias, 1 drivers
v0x600000438bd0_0 .net "r_shift", 15 0, L_0x600001d2fbf0;  1 drivers
v0x600000438c60_0 .net "r_sub", 15 0, L_0x60000072eee0;  1 drivers
v0x600000438cf0_0 .net "select", 0 0, L_0x60000072ee40;  1 drivers
L_0x60000072ebc0 .part L_0x60000072e9e0, 0, 15;
L_0x60000072ec60 .concat [ 1 15 0 0], L_0x128078880, L_0x60000072ebc0;
L_0x60000072ed00 .part L_0x60000072eb20, 15, 1;
L_0x60000072eda0 .concat [ 1 15 0 0], L_0x60000072ed00, L_0x1280788c8;
L_0x60000072ee40 .cmp/gt 16, o0x128040340, L_0x600001d2fbf0;
L_0x60000072eee0 .arith/sub 16, L_0x600001d2fbf0, o0x128040340;
L_0x60000072ef80 .part L_0x60000072e940, 0, 15;
L_0x60000072f020 .concat [ 1 15 0 0], L_0x128078910, L_0x60000072ef80;
L_0x60000072f0c0 .part L_0x60000072e940, 0, 15;
L_0x60000072f160 .concat [ 1 15 0 0], L_0x128078958, L_0x60000072f0c0;
L_0x60000072f200 .functor MUXZ 16, L_0x600001d2fc60, L_0x60000072f020, L_0x60000072ee40, C4<>;
L_0x60000072f2a0 .functor MUXZ 16, L_0x60000072eee0, L_0x600001d2fbf0, L_0x60000072ee40, C4<>;
L_0x60000072f340 .part L_0x60000072eb20, 0, 15;
L_0x60000072f3e0 .concat [ 1 15 0 0], L_0x1280789e8, L_0x60000072f340;
S_0x12361af30 .scope generate, "genblk1[7]" "genblk1[7]" 2 20, 2 20 0, S_0x1236341e0;
 .timescale -9 -12;
P_0x600002327e80 .param/l "i" 0 2 20, +C4<0111>;
S_0x123619060 .scope module, "d0" "lc4_divider_one_iter" 2 21, 2 35 0, S_0x12361af30;
 .timescale -9 -12;
    .port_info 0 /INPUT 16 "i_dividend";
    .port_info 1 /INPUT 16 "i_divisor";
    .port_info 2 /INPUT 16 "i_remainder";
    .port_info 3 /INPUT 16 "i_quotient";
    .port_info 4 /OUTPUT 16 "o_dividend";
    .port_info 5 /OUTPUT 16 "o_remainder";
    .port_info 6 /OUTPUT 16 "o_quotient";
L_0x600001d2fd40 .functor OR 16, L_0x60000072f520, L_0x60000072f660, C4<0000000000000000>, C4<0000000000000000>;
L_0x128078b50 .functor BUFT 1, C4<0000000000000001>, C4<0>, C4<0>, C4<0>;
L_0x600001d2fdb0 .functor OR 16, L_0x60000072fa20, L_0x128078b50, C4<0000000000000000>, C4<0000000000000000>;
v0x600000438d80_0 .net *"_ivl_0", 15 0, L_0x60000072f520;  1 drivers
L_0x128078a78 .functor BUFT 1, C4<000000000000000>, C4<0>, C4<0>, C4<0>;
v0x600000438e10_0 .net *"_ivl_10", 14 0, L_0x128078a78;  1 drivers
v0x600000438ea0_0 .net *"_ivl_18", 15 0, L_0x60000072f8e0;  1 drivers
v0x600000438f30_0 .net *"_ivl_2", 14 0, L_0x60000072f480;  1 drivers
v0x600000438fc0_0 .net *"_ivl_20", 14 0, L_0x60000072f840;  1 drivers
L_0x128078ac0 .functor BUFT 1, C4<0>, C4<0>, C4<0>, C4<0>;
v0x600000439050_0 .net *"_ivl_22", 0 0, L_0x128078ac0;  1 drivers
v0x6000004390e0_0 .net *"_ivl_24", 15 0, L_0x60000072fa20;  1 drivers
v0x600000439170_0 .net *"_ivl_26", 14 0, L_0x60000072f980;  1 drivers
L_0x128078b08 .functor BUFT 1, C4<0>, C4<0>, C4<0>, C4<0>;
v0x600000439200_0 .net *"_ivl_28", 0 0, L_0x128078b08;  1 drivers
v0x600000439290_0 .net/2u *"_ivl_30", 15 0, L_0x128078b50;  1 drivers
v0x600000439320_0 .net *"_ivl_32", 15 0, L_0x600001d2fdb0;  1 drivers
L_0x128078a30 .functor BUFT 1, C4<0>, C4<0>, C4<0>, C4<0>;
v0x6000004393b0_0 .net *"_ivl_4", 0 0, L_0x128078a30;  1 drivers
v0x600000439440_0 .net *"_ivl_40", 14 0, L_0x60000072fc00;  1 drivers
L_0x128078b98 .functor BUFT 1, C4<0>, C4<0>, C4<0>, C4<0>;
v0x6000004394d0_0 .net *"_ivl_42", 0 0, L_0x128078b98;  1 drivers
v0x600000439560_0 .net *"_ivl_6", 15 0, L_0x60000072f660;  1 drivers
v0x6000004395f0_0 .net *"_ivl_8", 0 0, L_0x60000072f5c0;  1 drivers
v0x600000439680_0 .net "i_dividend", 15 0, L_0x60000072f3e0;  alias, 1 drivers
v0x600000439710_0 .net "i_divisor", 15 0, o0x128040340;  alias, 0 drivers
v0x6000004397a0_0 .net "i_quotient", 15 0, L_0x60000072f200;  alias, 1 drivers
v0x600000439830_0 .net "i_remainder", 15 0, L_0x60000072f2a0;  alias, 1 drivers
v0x6000004398c0_0 .net "o_dividend", 15 0, L_0x60000072fca0;  alias, 1 drivers
v0x600000439950_0 .net "o_quotient", 15 0, L_0x60000072fac0;  alias, 1 drivers
v0x6000004399e0_0 .net "o_remainder", 15 0, L_0x60000072fb60;  alias, 1 drivers
v0x600000439a70_0 .net "r_shift", 15 0, L_0x600001d2fd40;  1 drivers
v0x600000439b00_0 .net "r_sub", 15 0, L_0x60000072f7a0;  1 drivers
v0x600000439b90_0 .net "select", 0 0, L_0x60000072f700;  1 drivers
L_0x60000072f480 .part L_0x60000072f2a0, 0, 15;
L_0x60000072f520 .concat [ 1 15 0 0], L_0x128078a30, L_0x60000072f480;
L_0x60000072f5c0 .part L_0x60000072f3e0, 15, 1;
L_0x60000072f660 .concat [ 1 15 0 0], L_0x60000072f5c0, L_0x128078a78;
L_0x60000072f700 .cmp/gt 16, o0x128040340, L_0x600001d2fd40;
L_0x60000072f7a0 .arith/sub 16, L_0x600001d2fd40, o0x128040340;
L_0x60000072f840 .part L_0x60000072f200, 0, 15;
L_0x60000072f8e0 .concat [ 1 15 0 0], L_0x128078ac0, L_0x60000072f840;
L_0x60000072f980 .part L_0x60000072f200, 0, 15;
L_0x60000072fa20 .concat [ 1 15 0 0], L_0x128078b08, L_0x60000072f980;
L_0x60000072fac0 .functor MUXZ 16, L_0x600001d2fdb0, L_0x60000072f8e0, L_0x60000072f700, C4<>;
L_0x60000072fb60 .functor MUXZ 16, L_0x60000072f7a0, L_0x600001d2fd40, L_0x60000072f700, C4<>;
L_0x60000072fc00 .part L_0x60000072f3e0, 0, 15;
L_0x60000072fca0 .concat [ 1 15 0 0], L_0x128078b98, L_0x60000072fc00;
S_0x123617190 .scope generate, "genblk1[8]" "genblk1[8]" 2 20, 2 20 0, S_0x1236341e0;
 .timescale -9 -12;
P_0x600002327f40 .param/l "i" 0 2 20, +C4<01000>;
S_0x1236152c0 .scope module, "d0" "lc4_divider_one_iter" 2 21, 2 35 0, S_0x123617190;
 .timescale -9 -12;
    .port_info 0 /INPUT 16 "i_dividend";
    .port_info 1 /INPUT 16 "i_divisor";
    .port_info 2 /INPUT 16 "i_remainder";
    .port_info 3 /INPUT 16 "i_quotient";
    .port_info 4 /OUTPUT 16 "o_dividend";
    .port_info 5 /OUTPUT 16 "o_remainder";
    .port_info 6 /OUTPUT 16 "o_quotient";
L_0x600001d2fe90 .functor OR 16, L_0x60000072fde0, L_0x60000072ff20, C4<0000000000000000>, C4<0000000000000000>;
L_0x128078d00 .functor BUFT 1, C4<0000000000000001>, C4<0>, C4<0>, C4<0>;
L_0x600001d2ff00 .functor OR 16, L_0x600000728320, L_0x128078d00, C4<0000000000000000>, C4<0000000000000000>;
v0x600000439c20_0 .net *"_ivl_0", 15 0, L_0x60000072fde0;  1 drivers
L_0x128078c28 .functor BUFT 1, C4<000000000000000>, C4<0>, C4<0>, C4<0>;
v0x600000439cb0_0 .net *"_ivl_10", 14 0, L_0x128078c28;  1 drivers
v0x600000439d40_0 .net *"_ivl_18", 15 0, L_0x6000007281e0;  1 drivers
v0x600000439dd0_0 .net *"_ivl_2", 14 0, L_0x60000072fd40;  1 drivers
v0x600000439e60_0 .net *"_ivl_20", 14 0, L_0x600000728140;  1 drivers
L_0x128078c70 .functor BUFT 1, C4<0>, C4<0>, C4<0>, C4<0>;
v0x600000439ef0_0 .net *"_ivl_22", 0 0, L_0x128078c70;  1 drivers
v0x600000439f80_0 .net *"_ivl_24", 15 0, L_0x600000728320;  1 drivers
v0x60000043a010_0 .net *"_ivl_26", 14 0, L_0x600000728280;  1 drivers
L_0x128078cb8 .functor BUFT 1, C4<0>, C4<0>, C4<0>, C4<0>;
v0x60000043a0a0_0 .net *"_ivl_28", 0 0, L_0x128078cb8;  1 drivers
v0x60000043a130_0 .net/2u *"_ivl_30", 15 0, L_0x128078d00;  1 drivers
v0x60000043a1c0_0 .net *"_ivl_32", 15 0, L_0x600001d2ff00;  1 drivers
L_0x128078be0 .functor BUFT 1, C4<0>, C4<0>, C4<0>, C4<0>;
v0x60000043a250_0 .net *"_ivl_4", 0 0, L_0x128078be0;  1 drivers
v0x60000043a2e0_0 .net *"_ivl_40", 14 0, L_0x600000728500;  1 drivers
L_0x128078d48 .functor BUFT 1, C4<0>, C4<0>, C4<0>, C4<0>;
v0x60000043a370_0 .net *"_ivl_42", 0 0, L_0x128078d48;  1 drivers
v0x60000043a400_0 .net *"_ivl_6", 15 0, L_0x60000072ff20;  1 drivers
v0x60000043a490_0 .net *"_ivl_8", 0 0, L_0x60000072fe80;  1 drivers
v0x60000043a520_0 .net "i_dividend", 15 0, L_0x60000072fca0;  alias, 1 drivers
v0x60000043a5b0_0 .net "i_divisor", 15 0, o0x128040340;  alias, 0 drivers
v0x60000043a640_0 .net "i_quotient", 15 0, L_0x60000072fac0;  alias, 1 drivers
v0x60000043a6d0_0 .net "i_remainder", 15 0, L_0x60000072fb60;  alias, 1 drivers
v0x60000043a760_0 .net "o_dividend", 15 0, L_0x6000007285a0;  alias, 1 drivers
v0x60000043a7f0_0 .net "o_quotient", 15 0, L_0x6000007283c0;  alias, 1 drivers
v0x60000043a880_0 .net "o_remainder", 15 0, L_0x600000728460;  alias, 1 drivers
v0x60000043a910_0 .net "r_shift", 15 0, L_0x600001d2fe90;  1 drivers
v0x60000043a9a0_0 .net "r_sub", 15 0, L_0x6000007280a0;  1 drivers
v0x60000043aa30_0 .net "select", 0 0, L_0x600000728000;  1 drivers
L_0x60000072fd40 .part L_0x60000072fb60, 0, 15;
L_0x60000072fde0 .concat [ 1 15 0 0], L_0x128078be0, L_0x60000072fd40;
L_0x60000072fe80 .part L_0x60000072fca0, 15, 1;
L_0x60000072ff20 .concat [ 1 15 0 0], L_0x60000072fe80, L_0x128078c28;
L_0x600000728000 .cmp/gt 16, o0x128040340, L_0x600001d2fe90;
L_0x6000007280a0 .arith/sub 16, L_0x600001d2fe90, o0x128040340;
L_0x600000728140 .part L_0x60000072fac0, 0, 15;
L_0x6000007281e0 .concat [ 1 15 0 0], L_0x128078c70, L_0x600000728140;
L_0x600000728280 .part L_0x60000072fac0, 0, 15;
L_0x600000728320 .concat [ 1 15 0 0], L_0x128078cb8, L_0x600000728280;
L_0x6000007283c0 .functor MUXZ 16, L_0x600001d2ff00, L_0x6000007281e0, L_0x600000728000, C4<>;
L_0x600000728460 .functor MUXZ 16, L_0x6000007280a0, L_0x600001d2fe90, L_0x600000728000, C4<>;
L_0x600000728500 .part L_0x60000072fca0, 0, 15;
L_0x6000007285a0 .concat [ 1 15 0 0], L_0x128078d48, L_0x600000728500;
S_0x123604b40 .scope generate, "genblk1[9]" "genblk1[9]" 2 20, 2 20 0, S_0x1236341e0;
 .timescale -9 -12;
P_0x6000023281c0 .param/l "i" 0 2 20, +C4<01001>;
S_0x123604cb0 .scope module, "d0" "lc4_divider_one_iter" 2 21, 2 35 0, S_0x123604b40;
 .timescale -9 -12;
    .port_info 0 /INPUT 16 "i_dividend";
    .port_info 1 /INPUT 16 "i_divisor";
    .port_info 2 /INPUT 16 "i_remainder";
    .port_info 3 /INPUT 16 "i_quotient";
    .port_info 4 /OUTPUT 16 "o_dividend";
    .port_info 5 /OUTPUT 16 "o_remainder";
    .port_info 6 /OUTPUT 16 "o_quotient";
L_0x600001d28000 .functor OR 16, L_0x6000007286e0, L_0x600000728820, C4<0000000000000000>, C4<0000000000000000>;
L_0x128078eb0 .functor BUFT 1, C4<0000000000000001>, C4<0>, C4<0>, C4<0>;
L_0x600001d28070 .functor OR 16, L_0x600000728be0, L_0x128078eb0, C4<0000000000000000>, C4<0000000000000000>;
v0x60000043aac0_0 .net *"_ivl_0", 15 0, L_0x6000007286e0;  1 drivers
L_0x128078dd8 .functor BUFT 1, C4<000000000000000>, C4<0>, C4<0>, C4<0>;
v0x60000043ab50_0 .net *"_ivl_10", 14 0, L_0x128078dd8;  1 drivers
v0x60000043abe0_0 .net *"_ivl_18", 15 0, L_0x600000728aa0;  1 drivers
v0x60000043ac70_0 .net *"_ivl_2", 14 0, L_0x600000728640;  1 drivers
v0x60000043ad00_0 .net *"_ivl_20", 14 0, L_0x600000728a00;  1 drivers
L_0x128078e20 .functor BUFT 1, C4<0>, C4<0>, C4<0>, C4<0>;
v0x60000043ad90_0 .net *"_ivl_22", 0 0, L_0x128078e20;  1 drivers
v0x60000043ae20_0 .net *"_ivl_24", 15 0, L_0x600000728be0;  1 drivers
v0x60000043aeb0_0 .net *"_ivl_26", 14 0, L_0x600000728b40;  1 drivers
L_0x128078e68 .functor BUFT 1, C4<0>, C4<0>, C4<0>, C4<0>;
v0x60000043af40_0 .net *"_ivl_28", 0 0, L_0x128078e68;  1 drivers
v0x60000043afd0_0 .net/2u *"_ivl_30", 15 0, L_0x128078eb0;  1 drivers
v0x60000043b060_0 .net *"_ivl_32", 15 0, L_0x600001d28070;  1 drivers
L_0x128078d90 .functor BUFT 1, C4<0>, C4<0>, C4<0>, C4<0>;
v0x60000043b0f0_0 .net *"_ivl_4", 0 0, L_0x128078d90;  1 drivers
v0x60000043b180_0 .net *"_ivl_40", 14 0, L_0x600000728dc0;  1 drivers
L_0x128078ef8 .functor BUFT 1, C4<0>, C4<0>, C4<0>, C4<0>;
v0x60000043b210_0 .net *"_ivl_42", 0 0, L_0x128078ef8;  1 drivers
v0x60000043b2a0_0 .net *"_ivl_6", 15 0, L_0x600000728820;  1 drivers
v0x60000043b330_0 .net *"_ivl_8", 0 0, L_0x600000728780;  1 drivers
v0x60000043b3c0_0 .net "i_dividend", 15 0, L_0x6000007285a0;  alias, 1 drivers
v0x60000043b450_0 .net "i_divisor", 15 0, o0x128040340;  alias, 0 drivers
v0x60000043b4e0_0 .net "i_quotient", 15 0, L_0x6000007283c0;  alias, 1 drivers
v0x60000043b570_0 .net "i_remainder", 15 0, L_0x600000728460;  alias, 1 drivers
v0x60000043b600_0 .net "o_dividend", 15 0, L_0x600000728e60;  alias, 1 drivers
v0x60000043b690_0 .net "o_quotient", 15 0, L_0x600000728c80;  alias, 1 drivers
v0x60000043b720_0 .net "o_remainder", 15 0, L_0x600000728d20;  alias, 1 drivers
v0x60000043b7b0_0 .net "r_shift", 15 0, L_0x600001d28000;  1 drivers
v0x60000043b840_0 .net "r_sub", 15 0, L_0x600000728960;  1 drivers
v0x60000043b8d0_0 .net "select", 0 0, L_0x6000007288c0;  1 drivers
L_0x600000728640 .part L_0x600000728460, 0, 15;
L_0x6000007286e0 .concat [ 1 15 0 0], L_0x128078d90, L_0x600000728640;
L_0x600000728780 .part L_0x6000007285a0, 15, 1;
L_0x600000728820 .concat [ 1 15 0 0], L_0x600000728780, L_0x128078dd8;
L_0x6000007288c0 .cmp/gt 16, o0x128040340, L_0x600001d28000;
L_0x600000728960 .arith/sub 16, L_0x600001d28000, o0x128040340;
L_0x600000728a00 .part L_0x6000007283c0, 0, 15;
L_0x600000728aa0 .concat [ 1 15 0 0], L_0x128078e20, L_0x600000728a00;
L_0x600000728b40 .part L_0x6000007283c0, 0, 15;
L_0x600000728be0 .concat [ 1 15 0 0], L_0x128078e68, L_0x600000728b40;
L_0x600000728c80 .functor MUXZ 16, L_0x600001d28070, L_0x600000728aa0, L_0x6000007288c0, C4<>;
L_0x600000728d20 .functor MUXZ 16, L_0x600000728960, L_0x600001d28000, L_0x6000007288c0, C4<>;
L_0x600000728dc0 .part L_0x6000007285a0, 0, 15;
L_0x600000728e60 .concat [ 1 15 0 0], L_0x128078ef8, L_0x600000728dc0;
S_0x1236045d0 .scope generate, "genblk1[10]" "genblk1[10]" 2 20, 2 20 0, S_0x1236341e0;
 .timescale -9 -12;
P_0x600002320000 .param/l "i" 0 2 20, +C4<01010>;
S_0x123604740 .scope module, "d0" "lc4_divider_one_iter" 2 21, 2 35 0, S_0x1236045d0;
 .timescale -9 -12;
    .port_info 0 /INPUT 16 "i_dividend";
    .port_info 1 /INPUT 16 "i_divisor";
    .port_info 2 /INPUT 16 "i_remainder";
    .port_info 3 /INPUT 16 "i_quotient";
    .port_info 4 /OUTPUT 16 "o_dividend";
    .port_info 5 /OUTPUT 16 "o_remainder";
    .port_info 6 /OUTPUT 16 "o_quotient";
L_0x600001d28150 .functor OR 16, L_0x600000728fa0, L_0x6000007290e0, C4<0000000000000000>, C4<0000000000000000>;
L_0x128079060 .functor BUFT 1, C4<0000000000000001>, C4<0>, C4<0>, C4<0>;
L_0x600001d281c0 .functor OR 16, L_0x6000007294a0, L_0x128079060, C4<0000000000000000>, C4<0000000000000000>;
v0x60000043b960_0 .net *"_ivl_0", 15 0, L_0x600000728fa0;  1 drivers
L_0x128078f88 .functor BUFT 1, C4<000000000000000>, C4<0>, C4<0>, C4<0>;
v0x60000043b9f0_0 .net *"_ivl_10", 14 0, L_0x128078f88;  1 drivers
v0x60000043ba80_0 .net *"_ivl_18", 15 0, L_0x600000729360;  1 drivers
v0x60000043bb10_0 .net *"_ivl_2", 14 0, L_0x600000728f00;  1 drivers
v0x60000043bba0_0 .net *"_ivl_20", 14 0, L_0x6000007292c0;  1 drivers
L_0x128078fd0 .functor BUFT 1, C4<0>, C4<0>, C4<0>, C4<0>;
v0x60000043bc30_0 .net *"_ivl_22", 0 0, L_0x128078fd0;  1 drivers
v0x60000043bcc0_0 .net *"_ivl_24", 15 0, L_0x6000007294a0;  1 drivers
v0x60000043bd50_0 .net *"_ivl_26", 14 0, L_0x600000729400;  1 drivers
L_0x128079018 .functor BUFT 1, C4<0>, C4<0>, C4<0>, C4<0>;
v0x60000043bde0_0 .net *"_ivl_28", 0 0, L_0x128079018;  1 drivers
v0x60000043be70_0 .net/2u *"_ivl_30", 15 0, L_0x128079060;  1 drivers
v0x60000043bf00_0 .net *"_ivl_32", 15 0, L_0x600001d281c0;  1 drivers
L_0x128078f40 .functor BUFT 1, C4<0>, C4<0>, C4<0>, C4<0>;
v0x600000434000_0 .net *"_ivl_4", 0 0, L_0x128078f40;  1 drivers
v0x600000434090_0 .net *"_ivl_40", 14 0, L_0x600000729680;  1 drivers
L_0x1280790a8 .functor BUFT 1, C4<0>, C4<0>, C4<0>, C4<0>;
v0x600000434120_0 .net *"_ivl_42", 0 0, L_0x1280790a8;  1 drivers
v0x6000004341b0_0 .net *"_ivl_6", 15 0, L_0x6000007290e0;  1 drivers
v0x600000434240_0 .net *"_ivl_8", 0 0, L_0x600000729040;  1 drivers
v0x6000004342d0_0 .net "i_dividend", 15 0, L_0x600000728e60;  alias, 1 drivers
v0x600000434360_0 .net "i_divisor", 15 0, o0x128040340;  alias, 0 drivers
v0x6000004343f0_0 .net "i_quotient", 15 0, L_0x600000728c80;  alias, 1 drivers
v0x600000434480_0 .net "i_remainder", 15 0, L_0x600000728d20;  alias, 1 drivers
v0x600000434510_0 .net "o_dividend", 15 0, L_0x600000729720;  alias, 1 drivers
v0x6000004345a0_0 .net "o_quotient", 15 0, L_0x600000729540;  alias, 1 drivers
v0x600000434630_0 .net "o_remainder", 15 0, L_0x6000007295e0;  alias, 1 drivers
v0x6000004346c0_0 .net "r_shift", 15 0, L_0x600001d28150;  1 drivers
v0x600000434750_0 .net "r_sub", 15 0, L_0x600000729220;  1 drivers
v0x6000004347e0_0 .net "select", 0 0, L_0x600000729180;  1 drivers
L_0x600000728f00 .part L_0x600000728d20, 0, 15;
L_0x600000728fa0 .concat [ 1 15 0 0], L_0x128078f40, L_0x600000728f00;
L_0x600000729040 .part L_0x600000728e60, 15, 1;
L_0x6000007290e0 .concat [ 1 15 0 0], L_0x600000729040, L_0x128078f88;
L_0x600000729180 .cmp/gt 16, o0x128040340, L_0x600001d28150;
L_0x600000729220 .arith/sub 16, L_0x600001d28150, o0x128040340;
L_0x6000007292c0 .part L_0x600000728c80, 0, 15;
L_0x600000729360 .concat [ 1 15 0 0], L_0x128078fd0, L_0x6000007292c0;
L_0x600000729400 .part L_0x600000728c80, 0, 15;
L_0x6000007294a0 .concat [ 1 15 0 0], L_0x128079018, L_0x600000729400;
L_0x600000729540 .functor MUXZ 16, L_0x600001d281c0, L_0x600000729360, L_0x600000729180, C4<>;
L_0x6000007295e0 .functor MUXZ 16, L_0x600000729220, L_0x600001d28150, L_0x600000729180, C4<>;
L_0x600000729680 .part L_0x600000728e60, 0, 15;
L_0x600000729720 .concat [ 1 15 0 0], L_0x1280790a8, L_0x600000729680;
S_0x123633a70 .scope generate, "genblk1[11]" "genblk1[11]" 2 20, 2 20 0, S_0x1236341e0;
 .timescale -9 -12;
P_0x6000023200c0 .param/l "i" 0 2 20, +C4<01011>;
S_0x123633be0 .scope module, "d0" "lc4_divider_one_iter" 2 21, 2 35 0, S_0x123633a70;
 .timescale -9 -12;
    .port_info 0 /INPUT 16 "i_dividend";
    .port_info 1 /INPUT 16 "i_divisor";
    .port_info 2 /INPUT 16 "i_remainder";
    .port_info 3 /INPUT 16 "i_quotient";
    .port_info 4 /OUTPUT 16 "o_dividend";
    .port_info 5 /OUTPUT 16 "o_remainder";
    .port_info 6 /OUTPUT 16 "o_quotient";
L_0x600001d282a0 .functor OR 16, L_0x600000729860, L_0x6000007299a0, C4<0000000000000000>, C4<0000000000000000>;
L_0x128079210 .functor BUFT 1, C4<0000000000000001>, C4<0>, C4<0>, C4<0>;
L_0x600001d28310 .functor OR 16, L_0x600000729d60, L_0x128079210, C4<0000000000000000>, C4<0000000000000000>;
v0x600000434870_0 .net *"_ivl_0", 15 0, L_0x600000729860;  1 drivers
L_0x128079138 .functor BUFT 1, C4<000000000000000>, C4<0>, C4<0>, C4<0>;
v0x600000434900_0 .net *"_ivl_10", 14 0, L_0x128079138;  1 drivers
v0x600000434990_0 .net *"_ivl_18", 15 0, L_0x600000729c20;  1 drivers
v0x600000434a20_0 .net *"_ivl_2", 14 0, L_0x6000007297c0;  1 drivers
v0x600000434ab0_0 .net *"_ivl_20", 14 0, L_0x600000729b80;  1 drivers
L_0x128079180 .functor BUFT 1, C4<0>, C4<0>, C4<0>, C4<0>;
v0x600000434b40_0 .net *"_ivl_22", 0 0, L_0x128079180;  1 drivers
v0x600000434bd0_0 .net *"_ivl_24", 15 0, L_0x600000729d60;  1 drivers
v0x600000434c60_0 .net *"_ivl_26", 14 0, L_0x600000729cc0;  1 drivers
L_0x1280791c8 .functor BUFT 1, C4<0>, C4<0>, C4<0>, C4<0>;
v0x600000434cf0_0 .net *"_ivl_28", 0 0, L_0x1280791c8;  1 drivers
v0x600000434d80_0 .net/2u *"_ivl_30", 15 0, L_0x128079210;  1 drivers
v0x600000434e10_0 .net *"_ivl_32", 15 0, L_0x600001d28310;  1 drivers
L_0x1280790f0 .functor BUFT 1, C4<0>, C4<0>, C4<0>, C4<0>;
v0x600000434ea0_0 .net *"_ivl_4", 0 0, L_0x1280790f0;  1 drivers
v0x600000434f30_0 .net *"_ivl_40", 14 0, L_0x600000729f40;  1 drivers
L_0x128079258 .functor BUFT 1, C4<0>, C4<0>, C4<0>, C4<0>;
v0x600000434fc0_0 .net *"_ivl_42", 0 0, L_0x128079258;  1 drivers
v0x600000435050_0 .net *"_ivl_6", 15 0, L_0x6000007299a0;  1 drivers
v0x6000004350e0_0 .net *"_ivl_8", 0 0, L_0x600000729900;  1 drivers
v0x600000435170_0 .net "i_dividend", 15 0, L_0x600000729720;  alias, 1 drivers
v0x600000435200_0 .net "i_divisor", 15 0, o0x128040340;  alias, 0 drivers
v0x600000435290_0 .net "i_quotient", 15 0, L_0x600000729540;  alias, 1 drivers
v0x600000435320_0 .net "i_remainder", 15 0, L_0x6000007295e0;  alias, 1 drivers
v0x6000004353b0_0 .net "o_dividend", 15 0, L_0x600000729fe0;  alias, 1 drivers
v0x600000435440_0 .net "o_quotient", 15 0, L_0x600000729e00;  alias, 1 drivers
v0x6000004354d0_0 .net "o_remainder", 15 0, L_0x600000729ea0;  alias, 1 drivers
v0x600000435560_0 .net "r_shift", 15 0, L_0x600001d282a0;  1 drivers
v0x6000004355f0_0 .net "r_sub", 15 0, L_0x600000729ae0;  1 drivers
v0x600000435680_0 .net "select", 0 0, L_0x600000729a40;  1 drivers
L_0x6000007297c0 .part L_0x6000007295e0, 0, 15;
L_0x600000729860 .concat [ 1 15 0 0], L_0x1280790f0, L_0x6000007297c0;
L_0x600000729900 .part L_0x600000729720, 15, 1;
L_0x6000007299a0 .concat [ 1 15 0 0], L_0x600000729900, L_0x128079138;
L_0x600000729a40 .cmp/gt 16, o0x128040340, L_0x600001d282a0;
L_0x600000729ae0 .arith/sub 16, L_0x600001d282a0, o0x128040340;
L_0x600000729b80 .part L_0x600000729540, 0, 15;
L_0x600000729c20 .concat [ 1 15 0 0], L_0x128079180, L_0x600000729b80;
L_0x600000729cc0 .part L_0x600000729540, 0, 15;
L_0x600000729d60 .concat [ 1 15 0 0], L_0x1280791c8, L_0x600000729cc0;
L_0x600000729e00 .functor MUXZ 16, L_0x600001d28310, L_0x600000729c20, L_0x600000729a40, C4<>;
L_0x600000729ea0 .functor MUXZ 16, L_0x600000729ae0, L_0x600001d282a0, L_0x600000729a40, C4<>;
L_0x600000729f40 .part L_0x600000729720, 0, 15;
L_0x600000729fe0 .concat [ 1 15 0 0], L_0x128079258, L_0x600000729f40;
S_0x123632db0 .scope generate, "genblk1[12]" "genblk1[12]" 2 20, 2 20 0, S_0x1236341e0;
 .timescale -9 -12;
P_0x600002320180 .param/l "i" 0 2 20, +C4<01100>;
S_0x123632f20 .scope module, "d0" "lc4_divider_one_iter" 2 21, 2 35 0, S_0x123632db0;
 .timescale -9 -12;
    .port_info 0 /INPUT 16 "i_dividend";
    .port_info 1 /INPUT 16 "i_divisor";
    .port_info 2 /INPUT 16 "i_remainder";
    .port_info 3 /INPUT 16 "i_quotient";
    .port_info 4 /OUTPUT 16 "o_dividend";
    .port_info 5 /OUTPUT 16 "o_remainder";
    .port_info 6 /OUTPUT 16 "o_quotient";
L_0x600001d283f0 .functor OR 16, L_0x60000072a120, L_0x60000072a260, C4<0000000000000000>, C4<0000000000000000>;
L_0x1280793c0 .functor BUFT 1, C4<0000000000000001>, C4<0>, C4<0>, C4<0>;
L_0x600001d28460 .functor OR 16, L_0x60000072a620, L_0x1280793c0, C4<0000000000000000>, C4<0000000000000000>;
v0x600000435710_0 .net *"_ivl_0", 15 0, L_0x60000072a120;  1 drivers
L_0x1280792e8 .functor BUFT 1, C4<000000000000000>, C4<0>, C4<0>, C4<0>;
v0x6000004357a0_0 .net *"_ivl_10", 14 0, L_0x1280792e8;  1 drivers
v0x600000435830_0 .net *"_ivl_18", 15 0, L_0x60000072a4e0;  1 drivers
v0x6000004358c0_0 .net *"_ivl_2", 14 0, L_0x60000072a080;  1 drivers
v0x600000435950_0 .net *"_ivl_20", 14 0, L_0x60000072a440;  1 drivers
L_0x128079330 .functor BUFT 1, C4<0>, C4<0>, C4<0>, C4<0>;
v0x6000004359e0_0 .net *"_ivl_22", 0 0, L_0x128079330;  1 drivers
v0x600000435a70_0 .net *"_ivl_24", 15 0, L_0x60000072a620;  1 drivers
v0x600000435b00_0 .net *"_ivl_26", 14 0, L_0x60000072a580;  1 drivers
L_0x128079378 .functor BUFT 1, C4<0>, C4<0>, C4<0>, C4<0>;
v0x600000435b90_0 .net *"_ivl_28", 0 0, L_0x128079378;  1 drivers
v0x600000435c20_0 .net/2u *"_ivl_30", 15 0, L_0x1280793c0;  1 drivers
v0x600000435cb0_0 .net *"_ivl_32", 15 0, L_0x600001d28460;  1 drivers
L_0x1280792a0 .functor BUFT 1, C4<0>, C4<0>, C4<0>, C4<0>;
v0x600000435d40_0 .net *"_ivl_4", 0 0, L_0x1280792a0;  1 drivers
v0x600000435dd0_0 .net *"_ivl_40", 14 0, L_0x60000072a800;  1 drivers
L_0x128079408 .functor BUFT 1, C4<0>, C4<0>, C4<0>, C4<0>;
v0x600000435e60_0 .net *"_ivl_42", 0 0, L_0x128079408;  1 drivers
v0x600000435ef0_0 .net *"_ivl_6", 15 0, L_0x60000072a260;  1 drivers
v0x600000435f80_0 .net *"_ivl_8", 0 0, L_0x60000072a1c0;  1 drivers
v0x600000436010_0 .net "i_dividend", 15 0, L_0x600000729fe0;  alias, 1 drivers
v0x6000004360a0_0 .net "i_divisor", 15 0, o0x128040340;  alias, 0 drivers
v0x600000436130_0 .net "i_quotient", 15 0, L_0x600000729e00;  alias, 1 drivers
v0x6000004361c0_0 .net "i_remainder", 15 0, L_0x600000729ea0;  alias, 1 drivers
v0x600000436250_0 .net "o_dividend", 15 0, L_0x60000072a8a0;  alias, 1 drivers
v0x6000004362e0_0 .net "o_quotient", 15 0, L_0x60000072a6c0;  alias, 1 drivers
v0x600000436370_0 .net "o_remainder", 15 0, L_0x60000072a760;  alias, 1 drivers
v0x600000436400_0 .net "r_shift", 15 0, L_0x600001d283f0;  1 drivers
v0x600000436490_0 .net "r_sub", 15 0, L_0x60000072a3a0;  1 drivers
v0x600000436520_0 .net "select", 0 0, L_0x60000072a300;  1 drivers
L_0x60000072a080 .part L_0x600000729ea0, 0, 15;
L_0x60000072a120 .concat [ 1 15 0 0], L_0x1280792a0, L_0x60000072a080;
L_0x60000072a1c0 .part L_0x600000729fe0, 15, 1;
L_0x60000072a260 .concat [ 1 15 0 0], L_0x60000072a1c0, L_0x1280792e8;
L_0x60000072a300 .cmp/gt 16, o0x128040340, L_0x600001d283f0;
L_0x60000072a3a0 .arith/sub 16, L_0x600001d283f0, o0x128040340;
L_0x60000072a440 .part L_0x600000729e00, 0, 15;
L_0x60000072a4e0 .concat [ 1 15 0 0], L_0x128079330, L_0x60000072a440;
L_0x60000072a580 .part L_0x600000729e00, 0, 15;
L_0x60000072a620 .concat [ 1 15 0 0], L_0x128079378, L_0x60000072a580;
L_0x60000072a6c0 .functor MUXZ 16, L_0x600001d28460, L_0x60000072a4e0, L_0x60000072a300, C4<>;
L_0x60000072a760 .functor MUXZ 16, L_0x60000072a3a0, L_0x600001d283f0, L_0x60000072a300, C4<>;
L_0x60000072a800 .part L_0x600000729fe0, 0, 15;
L_0x60000072a8a0 .concat [ 1 15 0 0], L_0x128079408, L_0x60000072a800;
S_0x123630ee0 .scope generate, "genblk1[13]" "genblk1[13]" 2 20, 2 20 0, S_0x1236341e0;
 .timescale -9 -12;
P_0x600002320240 .param/l "i" 0 2 20, +C4<01101>;
S_0x123631050 .scope module, "d0" "lc4_divider_one_iter" 2 21, 2 35 0, S_0x123630ee0;
 .timescale -9 -12;
    .port_info 0 /INPUT 16 "i_dividend";
    .port_info 1 /INPUT 16 "i_divisor";
    .port_info 2 /INPUT 16 "i_remainder";
    .port_info 3 /INPUT 16 "i_quotient";
    .port_info 4 /OUTPUT 16 "o_dividend";
    .port_info 5 /OUTPUT 16 "o_remainder";
    .port_info 6 /OUTPUT 16 "o_quotient";
L_0x600001d28540 .functor OR 16, L_0x60000072a9e0, L_0x60000072ab20, C4<0000000000000000>, C4<0000000000000000>;
L_0x128079570 .functor BUFT 1, C4<0000000000000001>, C4<0>, C4<0>, C4<0>;
L_0x600001d285b0 .functor OR 16, L_0x60000072aee0, L_0x128079570, C4<0000000000000000>, C4<0000000000000000>;
v0x6000004365b0_0 .net *"_ivl_0", 15 0, L_0x60000072a9e0;  1 drivers
L_0x128079498 .functor BUFT 1, C4<000000000000000>, C4<0>, C4<0>, C4<0>;
v0x600000436640_0 .net *"_ivl_10", 14 0, L_0x128079498;  1 drivers
v0x6000004366d0_0 .net *"_ivl_18", 15 0, L_0x60000072ada0;  1 drivers
v0x600000436760_0 .net *"_ivl_2", 14 0, L_0x60000072a940;  1 drivers
v0x6000004367f0_0 .net *"_ivl_20", 14 0, L_0x60000072ad00;  1 drivers
L_0x1280794e0 .functor BUFT 1, C4<0>, C4<0>, C4<0>, C4<0>;
v0x600000436880_0 .net *"_ivl_22", 0 0, L_0x1280794e0;  1 drivers
v0x600000436910_0 .net *"_ivl_24", 15 0, L_0x60000072aee0;  1 drivers
v0x6000004369a0_0 .net *"_ivl_26", 14 0, L_0x60000072ae40;  1 drivers
L_0x128079528 .functor BUFT 1, C4<0>, C4<0>, C4<0>, C4<0>;
v0x600000436a30_0 .net *"_ivl_28", 0 0, L_0x128079528;  1 drivers
v0x600000436ac0_0 .net/2u *"_ivl_30", 15 0, L_0x128079570;  1 drivers
v0x600000436b50_0 .net *"_ivl_32", 15 0, L_0x600001d285b0;  1 drivers
L_0x128079450 .functor BUFT 1, C4<0>, C4<0>, C4<0>, C4<0>;
v0x600000436be0_0 .net *"_ivl_4", 0 0, L_0x128079450;  1 drivers
v0x600000436c70_0 .net *"_ivl_40", 14 0, L_0x60000072b0c0;  1 drivers
L_0x1280795b8 .functor BUFT 1, C4<0>, C4<0>, C4<0>, C4<0>;
v0x600000436d00_0 .net *"_ivl_42", 0 0, L_0x1280795b8;  1 drivers
v0x600000436d90_0 .net *"_ivl_6", 15 0, L_0x60000072ab20;  1 drivers
v0x600000436e20_0 .net *"_ivl_8", 0 0, L_0x60000072aa80;  1 drivers
v0x600000436eb0_0 .net "i_dividend", 15 0, L_0x60000072a8a0;  alias, 1 drivers
v0x600000436f40_0 .net "i_divisor", 15 0, o0x128040340;  alias, 0 drivers
v0x600000436fd0_0 .net "i_quotient", 15 0, L_0x60000072a6c0;  alias, 1 drivers
v0x600000437060_0 .net "i_remainder", 15 0, L_0x60000072a760;  alias, 1 drivers
v0x6000004370f0_0 .net "o_dividend", 15 0, L_0x60000072b160;  alias, 1 drivers
v0x600000437180_0 .net "o_quotient", 15 0, L_0x60000072af80;  alias, 1 drivers
v0x600000437210_0 .net "o_remainder", 15 0, L_0x60000072b020;  alias, 1 drivers
v0x6000004372a0_0 .net "r_shift", 15 0, L_0x600001d28540;  1 drivers
v0x600000437330_0 .net "r_sub", 15 0, L_0x60000072ac60;  1 drivers
v0x6000004373c0_0 .net "select", 0 0, L_0x60000072abc0;  1 drivers
L_0x60000072a940 .part L_0x60000072a760, 0, 15;
L_0x60000072a9e0 .concat [ 1 15 0 0], L_0x128079450, L_0x60000072a940;
L_0x60000072aa80 .part L_0x60000072a8a0, 15, 1;
L_0x60000072ab20 .concat [ 1 15 0 0], L_0x60000072aa80, L_0x128079498;
L_0x60000072abc0 .cmp/gt 16, o0x128040340, L_0x600001d28540;
L_0x60000072ac60 .arith/sub 16, L_0x600001d28540, o0x128040340;
L_0x60000072ad00 .part L_0x60000072a6c0, 0, 15;
L_0x60000072ada0 .concat [ 1 15 0 0], L_0x1280794e0, L_0x60000072ad00;
L_0x60000072ae40 .part L_0x60000072a6c0, 0, 15;
L_0x60000072aee0 .concat [ 1 15 0 0], L_0x128079528, L_0x60000072ae40;
L_0x60000072af80 .functor MUXZ 16, L_0x600001d285b0, L_0x60000072ada0, L_0x60000072abc0, C4<>;
L_0x60000072b020 .functor MUXZ 16, L_0x60000072ac60, L_0x600001d28540, L_0x60000072abc0, C4<>;
L_0x60000072b0c0 .part L_0x60000072a8a0, 0, 15;
L_0x60000072b160 .concat [ 1 15 0 0], L_0x1280795b8, L_0x60000072b0c0;
S_0x12362f010 .scope generate, "genblk1[14]" "genblk1[14]" 2 20, 2 20 0, S_0x1236341e0;
 .timescale -9 -12;
P_0x600002320300 .param/l "i" 0 2 20, +C4<01110>;
S_0x12362f180 .scope module, "d0" "lc4_divider_one_iter" 2 21, 2 35 0, S_0x12362f010;
 .timescale -9 -12;
    .port_info 0 /INPUT 16 "i_dividend";
    .port_info 1 /INPUT 16 "i_divisor";
    .port_info 2 /INPUT 16 "i_remainder";
    .port_info 3 /INPUT 16 "i_quotient";
    .port_info 4 /OUTPUT 16 "o_dividend";
    .port_info 5 /OUTPUT 16 "o_remainder";
    .port_info 6 /OUTPUT 16 "o_quotient";
L_0x600001d28690 .functor OR 16, L_0x60000072b2a0, L_0x60000072b3e0, C4<0000000000000000>, C4<0000000000000000>;
L_0x128079720 .functor BUFT 1, C4<0000000000000001>, C4<0>, C4<0>, C4<0>;
L_0x600001d28700 .functor OR 16, L_0x60000072b7a0, L_0x128079720, C4<0000000000000000>, C4<0000000000000000>;
v0x600000437450_0 .net *"_ivl_0", 15 0, L_0x60000072b2a0;  1 drivers
L_0x128079648 .functor BUFT 1, C4<000000000000000>, C4<0>, C4<0>, C4<0>;
v0x6000004374e0_0 .net *"_ivl_10", 14 0, L_0x128079648;  1 drivers
v0x600000437570_0 .net *"_ivl_18", 15 0, L_0x60000072b660;  1 drivers
v0x600000437600_0 .net *"_ivl_2", 14 0, L_0x60000072b200;  1 drivers
v0x600000437690_0 .net *"_ivl_20", 14 0, L_0x60000072b5c0;  1 drivers
L_0x128079690 .functor BUFT 1, C4<0>, C4<0>, C4<0>, C4<0>;
v0x600000437720_0 .net *"_ivl_22", 0 0, L_0x128079690;  1 drivers
v0x6000004377b0_0 .net *"_ivl_24", 15 0, L_0x60000072b7a0;  1 drivers
v0x600000437840_0 .net *"_ivl_26", 14 0, L_0x60000072b700;  1 drivers
L_0x1280796d8 .functor BUFT 1, C4<0>, C4<0>, C4<0>, C4<0>;
v0x6000004378d0_0 .net *"_ivl_28", 0 0, L_0x1280796d8;  1 drivers
v0x600000437960_0 .net/2u *"_ivl_30", 15 0, L_0x128079720;  1 drivers
v0x6000004379f0_0 .net *"_ivl_32", 15 0, L_0x600001d28700;  1 drivers
L_0x128079600 .functor BUFT 1, C4<0>, C4<0>, C4<0>, C4<0>;
v0x600000437a80_0 .net *"_ivl_4", 0 0, L_0x128079600;  1 drivers
v0x600000437b10_0 .net *"_ivl_40", 14 0, L_0x60000072b980;  1 drivers
L_0x128079768 .functor BUFT 1, C4<0>, C4<0>, C4<0>, C4<0>;
v0x600000437ba0_0 .net *"_ivl_42", 0 0, L_0x128079768;  1 drivers
v0x600000437c30_0 .net *"_ivl_6", 15 0, L_0x60000072b3e0;  1 drivers
v0x600000437cc0_0 .net *"_ivl_8", 0 0, L_0x60000072b340;  1 drivers
v0x600000437d50_0 .net "i_dividend", 15 0, L_0x60000072b160;  alias, 1 drivers
v0x600000437de0_0 .net "i_divisor", 15 0, o0x128040340;  alias, 0 drivers
v0x600000437e70_0 .net "i_quotient", 15 0, L_0x60000072af80;  alias, 1 drivers
v0x600000437f00_0 .net "i_remainder", 15 0, L_0x60000072b020;  alias, 1 drivers
v0x600000430000_0 .net "o_dividend", 15 0, L_0x60000072ba20;  alias, 1 drivers
v0x600000430090_0 .net "o_quotient", 15 0, L_0x60000072b840;  alias, 1 drivers
v0x600000430120_0 .net "o_remainder", 15 0, L_0x60000072b8e0;  alias, 1 drivers
v0x6000004301b0_0 .net "r_shift", 15 0, L_0x600001d28690;  1 drivers
v0x600000430240_0 .net "r_sub", 15 0, L_0x60000072b520;  1 drivers
v0x6000004302d0_0 .net "select", 0 0, L_0x60000072b480;  1 drivers
L_0x60000072b200 .part L_0x60000072b020, 0, 15;
L_0x60000072b2a0 .concat [ 1 15 0 0], L_0x128079600, L_0x60000072b200;
L_0x60000072b340 .part L_0x60000072b160, 15, 1;
L_0x60000072b3e0 .concat [ 1 15 0 0], L_0x60000072b340, L_0x128079648;
L_0x60000072b480 .cmp/gt 16, o0x128040340, L_0x600001d28690;
L_0x60000072b520 .arith/sub 16, L_0x600001d28690, o0x128040340;
L_0x60000072b5c0 .part L_0x60000072af80, 0, 15;
L_0x60000072b660 .concat [ 1 15 0 0], L_0x128079690, L_0x60000072b5c0;
L_0x60000072b700 .part L_0x60000072af80, 0, 15;
L_0x60000072b7a0 .concat [ 1 15 0 0], L_0x1280796d8, L_0x60000072b700;
L_0x60000072b840 .functor MUXZ 16, L_0x600001d28700, L_0x60000072b660, L_0x60000072b480, C4<>;
L_0x60000072b8e0 .functor MUXZ 16, L_0x60000072b520, L_0x600001d28690, L_0x60000072b480, C4<>;
L_0x60000072b980 .part L_0x60000072b160, 0, 15;
L_0x60000072ba20 .concat [ 1 15 0 0], L_0x128079768, L_0x60000072b980;
S_0x12362d140 .scope generate, "genblk1[15]" "genblk1[15]" 2 20, 2 20 0, S_0x1236341e0;
 .timescale -9 -12;
P_0x6000023203c0 .param/l "i" 0 2 20, +C4<01111>;
S_0x12362d2b0 .scope module, "d0" "lc4_divider_one_iter" 2 21, 2 35 0, S_0x12362d140;
 .timescale -9 -12;
    .port_info 0 /INPUT 16 "i_dividend";
    .port_info 1 /INPUT 16 "i_divisor";
    .port_info 2 /INPUT 16 "i_remainder";
    .port_info 3 /INPUT 16 "i_quotient";
    .port_info 4 /OUTPUT 16 "o_dividend";
    .port_info 5 /OUTPUT 16 "o_remainder";
    .port_info 6 /OUTPUT 16 "o_quotient";
L_0x600001d287e0 .functor OR 16, L_0x60000072bb60, L_0x60000072bca0, C4<0000000000000000>, C4<0000000000000000>;
L_0x1280798d0 .functor BUFT 1, C4<0000000000000001>, C4<0>, C4<0>, C4<0>;
L_0x600001d28850 .functor OR 16, L_0x6000007240a0, L_0x1280798d0, C4<0000000000000000>, C4<0000000000000000>;
v0x600000430360_0 .net *"_ivl_0", 15 0, L_0x60000072bb60;  1 drivers
L_0x1280797f8 .functor BUFT 1, C4<000000000000000>, C4<0>, C4<0>, C4<0>;
v0x6000004303f0_0 .net *"_ivl_10", 14 0, L_0x1280797f8;  1 drivers
v0x600000430480_0 .net *"_ivl_18", 15 0, L_0x60000072bf20;  1 drivers
v0x600000430510_0 .net *"_ivl_2", 14 0, L_0x60000072bac0;  1 drivers
v0x6000004305a0_0 .net *"_ivl_20", 14 0, L_0x60000072be80;  1 drivers
L_0x128079840 .functor BUFT 1, C4<0>, C4<0>, C4<0>, C4<0>;
v0x600000430630_0 .net *"_ivl_22", 0 0, L_0x128079840;  1 drivers
v0x6000004306c0_0 .net *"_ivl_24", 15 0, L_0x6000007240a0;  1 drivers
v0x600000430750_0 .net *"_ivl_26", 14 0, L_0x600000724000;  1 drivers
L_0x128079888 .functor BUFT 1, C4<0>, C4<0>, C4<0>, C4<0>;
v0x6000004307e0_0 .net *"_ivl_28", 0 0, L_0x128079888;  1 drivers
v0x600000430870_0 .net/2u *"_ivl_30", 15 0, L_0x1280798d0;  1 drivers
v0x600000430900_0 .net *"_ivl_32", 15 0, L_0x600001d28850;  1 drivers
L_0x1280797b0 .functor BUFT 1, C4<0>, C4<0>, C4<0>, C4<0>;
v0x600000430990_0 .net *"_ivl_4", 0 0, L_0x1280797b0;  1 drivers
v0x600000430a20_0 .net *"_ivl_40", 14 0, L_0x600000724280;  1 drivers
L_0x128079918 .functor BUFT 1, C4<0>, C4<0>, C4<0>, C4<0>;
v0x600000430ab0_0 .net *"_ivl_42", 0 0, L_0x128079918;  1 drivers
v0x600000430b40_0 .net *"_ivl_6", 15 0, L_0x60000072bca0;  1 drivers
v0x600000430bd0_0 .net *"_ivl_8", 0 0, L_0x60000072bc00;  1 drivers
v0x600000430c60_0 .net "i_dividend", 15 0, L_0x60000072ba20;  alias, 1 drivers
v0x600000430cf0_0 .net "i_divisor", 15 0, o0x128040340;  alias, 0 drivers
v0x600000430d80_0 .net "i_quotient", 15 0, L_0x60000072b840;  alias, 1 drivers
v0x600000430e10_0 .net "i_remainder", 15 0, L_0x60000072b8e0;  alias, 1 drivers
v0x600000430ea0_0 .net "o_dividend", 15 0, L_0x600000724320;  alias, 1 drivers
v0x600000430f30_0 .net "o_quotient", 15 0, L_0x600000724140;  alias, 1 drivers
v0x600000430fc0_0 .net "o_remainder", 15 0, L_0x6000007241e0;  alias, 1 drivers
v0x600000431050_0 .net "r_shift", 15 0, L_0x600001d287e0;  1 drivers
v0x6000004310e0_0 .net "r_sub", 15 0, L_0x60000072bde0;  1 drivers
v0x600000431170_0 .net "select", 0 0, L_0x60000072bd40;  1 drivers
L_0x60000072bac0 .part L_0x60000072b8e0, 0, 15;
L_0x60000072bb60 .concat [ 1 15 0 0], L_0x1280797b0, L_0x60000072bac0;
L_0x60000072bc00 .part L_0x60000072ba20, 15, 1;
L_0x60000072bca0 .concat [ 1 15 0 0], L_0x60000072bc00, L_0x1280797f8;
L_0x60000072bd40 .cmp/gt 16, o0x128040340, L_0x600001d287e0;
L_0x60000072bde0 .arith/sub 16, L_0x600001d287e0, o0x128040340;
L_0x60000072be80 .part L_0x60000072b840, 0, 15;
L_0x60000072bf20 .concat [ 1 15 0 0], L_0x128079840, L_0x60000072be80;
L_0x600000724000 .part L_0x60000072b840, 0, 15;
L_0x6000007240a0 .concat [ 1 15 0 0], L_0x128079888, L_0x600000724000;
L_0x600000724140 .functor MUXZ 16, L_0x600001d28850, L_0x60000072bf20, L_0x60000072bd40, C4<>;
L_0x6000007241e0 .functor MUXZ 16, L_0x60000072bde0, L_0x600001d287e0, L_0x60000072bd40, C4<>;
L_0x600000724280 .part L_0x60000072ba20, 0, 15;
L_0x600000724320 .concat [ 1 15 0 0], L_0x128079918, L_0x600000724280;
S_0x12362b270 .scope generate, "genblk1[16]" "genblk1[16]" 2 20, 2 20 0, S_0x1236341e0;
 .timescale -9 -12;
P_0x600002320480 .param/l "i" 0 2 20, +C4<010000>;
S_0x12362b3e0 .scope module, "d0" "lc4_divider_one_iter" 2 21, 2 35 0, S_0x12362b270;
 .timescale -9 -12;
    .port_info 0 /INPUT 16 "i_dividend";
    .port_info 1 /INPUT 16 "i_divisor";
    .port_info 2 /INPUT 16 "i_remainder";
    .port_info 3 /INPUT 16 "i_quotient";
    .port_info 4 /OUTPUT 16 "o_dividend";
    .port_info 5 /OUTPUT 16 "o_remainder";
    .port_info 6 /OUTPUT 16 "o_quotient";
L_0x600001d28930 .functor OR 16, L_0x600000724460, L_0x6000007245a0, C4<0000000000000000>, C4<0000000000000000>;
L_0x128079a80 .functor BUFT 1, C4<0000000000000001>, C4<0>, C4<0>, C4<0>;
L_0x600001d289a0 .functor OR 16, L_0x600000724960, L_0x128079a80, C4<0000000000000000>, C4<0000000000000000>;
v0x600000431200_0 .net *"_ivl_0", 15 0, L_0x600000724460;  1 drivers
L_0x1280799a8 .functor BUFT 1, C4<000000000000000>, C4<0>, C4<0>, C4<0>;
v0x600000431290_0 .net *"_ivl_10", 14 0, L_0x1280799a8;  1 drivers
v0x600000431320_0 .net *"_ivl_18", 15 0, L_0x600000724820;  1 drivers
v0x6000004313b0_0 .net *"_ivl_2", 14 0, L_0x6000007243c0;  1 drivers
v0x600000431440_0 .net *"_ivl_20", 14 0, L_0x600000724780;  1 drivers
L_0x1280799f0 .functor BUFT 1, C4<0>, C4<0>, C4<0>, C4<0>;
v0x6000004314d0_0 .net *"_ivl_22", 0 0, L_0x1280799f0;  1 drivers
v0x600000431560_0 .net *"_ivl_24", 15 0, L_0x600000724960;  1 drivers
v0x6000004315f0_0 .net *"_ivl_26", 14 0, L_0x6000007248c0;  1 drivers
L_0x128079a38 .functor BUFT 1, C4<0>, C4<0>, C4<0>, C4<0>;
v0x600000431680_0 .net *"_ivl_28", 0 0, L_0x128079a38;  1 drivers
v0x600000431710_0 .net/2u *"_ivl_30", 15 0, L_0x128079a80;  1 drivers
v0x6000004317a0_0 .net *"_ivl_32", 15 0, L_0x600001d289a0;  1 drivers
L_0x128079960 .functor BUFT 1, C4<0>, C4<0>, C4<0>, C4<0>;
v0x600000431830_0 .net *"_ivl_4", 0 0, L_0x128079960;  1 drivers
v0x6000004318c0_0 .net *"_ivl_40", 14 0, L_0x600000724b40;  1 drivers
L_0x128079ac8 .functor BUFT 1, C4<0>, C4<0>, C4<0>, C4<0>;
v0x600000431950_0 .net *"_ivl_42", 0 0, L_0x128079ac8;  1 drivers
v0x6000004319e0_0 .net *"_ivl_6", 15 0, L_0x6000007245a0;  1 drivers
v0x600000431a70_0 .net *"_ivl_8", 0 0, L_0x600000724500;  1 drivers
v0x600000431b00_0 .net "i_dividend", 15 0, L_0x600000724320;  alias, 1 drivers
v0x600000431b90_0 .net "i_divisor", 15 0, o0x128040340;  alias, 0 drivers
v0x600000431c20_0 .net "i_quotient", 15 0, L_0x600000724140;  alias, 1 drivers
v0x600000431cb0_0 .net "i_remainder", 15 0, L_0x6000007241e0;  alias, 1 drivers
v0x600000431d40_0 .net "o_dividend", 15 0, L_0x600000724be0;  alias, 1 drivers
v0x600000431dd0_0 .net "o_quotient", 15 0, L_0x600000724a00;  alias, 1 drivers
v0x600000431e60_0 .net "o_remainder", 15 0, L_0x600000724aa0;  alias, 1 drivers
v0x600000431ef0_0 .net "r_shift", 15 0, L_0x600001d28930;  1 drivers
v0x600000431f80_0 .net "r_sub", 15 0, L_0x6000007246e0;  1 drivers
v0x600000432010_0 .net "select", 0 0, L_0x600000724640;  1 drivers
L_0x6000007243c0 .part L_0x6000007241e0, 0, 15;
L_0x600000724460 .concat [ 1 15 0 0], L_0x128079960, L_0x6000007243c0;
L_0x600000724500 .part L_0x600000724320, 15, 1;
L_0x6000007245a0 .concat [ 1 15 0 0], L_0x600000724500, L_0x1280799a8;
L_0x600000724640 .cmp/gt 16, o0x128040340, L_0x600001d28930;
L_0x6000007246e0 .arith/sub 16, L_0x600001d28930, o0x128040340;
L_0x600000724780 .part L_0x600000724140, 0, 15;
L_0x600000724820 .concat [ 1 15 0 0], L_0x1280799f0, L_0x600000724780;
L_0x6000007248c0 .part L_0x600000724140, 0, 15;
L_0x600000724960 .concat [ 1 15 0 0], L_0x128079a38, L_0x6000007248c0;
L_0x600000724a00 .functor MUXZ 16, L_0x600001d289a0, L_0x600000724820, L_0x600000724640, C4<>;
L_0x600000724aa0 .functor MUXZ 16, L_0x6000007246e0, L_0x600001d28930, L_0x600000724640, C4<>;
L_0x600000724b40 .part L_0x600000724320, 0, 15;
L_0x600000724be0 .concat [ 1 15 0 0], L_0x128079ac8, L_0x600000724b40;
# The file index is used to find the file name in the following table.
:file_names 3;
    "N/A";
    "<interactive>";
    "lc4_divider.v";
