#! /home1/c/cis571/tools/bin/vvp
:ivl_version "11.0 (stable)" "(v11_0)";
:ivl_delay_selection "TYPICAL";
:vpi_time_precision - 12;
:vpi_module "/home1/c/cis571/tools/lib64/ivl/system.vpi";
:vpi_module "/home1/c/cis571/tools/lib64/ivl/vhdl_sys.vpi";
:vpi_module "/home1/c/cis571/tools/lib64/ivl/vhdl_textio.vpi";
:vpi_module "/home1/c/cis571/tools/lib64/ivl/v2005_math.vpi";
:vpi_module "/home1/c/cis571/tools/lib64/ivl/va_math.vpi";
S_0xeebae0 .scope module, "test_regfile" "test_regfile" 2 16;
 .timescale -9 -12;
v0xf258e0_0 .var "clk", 0 0;
v0xf259a0_0 .var/i "errors", 31 0;
v0xf25a80_0 .var "expectedValue1", 15 0;
v0xf25b70_0 .var "expectedValue2", 15 0;
v0xf25c50_0 .var "gwe", 0 0;
v0xf25cf0_0 .var/i "input_file", 31 0;
v0xf25dd0_0 .var/i "output_file", 31 0;
v0xf25eb0_0 .var "rd", 2 0;
v0xf25f70_0 .var "rs", 2 0;
v0xf26040_0 .net "rs_data", 15 0, L_0xf291c0;  1 drivers
v0xf26110_0 .var "rst", 0 0;
v0xf261b0_0 .var "rt", 2 0;
v0xf26280_0 .net "rt_data", 15 0, L_0xf2a900;  1 drivers
v0xf26350_0 .var/i "tests", 31 0;
v0xf26410_0 .var "wdata", 15 0;
v0xf264d0_0 .var "wen", 0 0;
S_0xeea360 .scope task, "printPoints" "printPoints" 3 1, 3 1 0, S_0xeebae0;
 .timescale -9 -12;
v0xee8320_0 .var "actual", 31 0;
v0xee6ba0_0 .var "possible", 31 0;
TD_test_regfile.printPoints ;
    %vpi_call 3 4 "$display", "<scorePossible>%d</scorePossible>", v0xee6ba0_0 {0 0 0};
    %vpi_call 3 5 "$display", "<scoreActual>%d</scoreActual>", v0xee8320_0 {0 0 0};
    %end;
S_0xf1bcc0 .scope module, "regfile" "lc4_regfile" 2 41, 4 14 0, S_0xeebae0;
 .timescale -9 -12;
    .port_info 0 /INPUT 1 "clk";
    .port_info 1 /INPUT 1 "gwe";
    .port_info 2 /INPUT 1 "rst";
    .port_info 3 /INPUT 3 "i_rs";
    .port_info 4 /OUTPUT 16 "o_rs_data";
    .port_info 5 /INPUT 3 "i_rt";
    .port_info 6 /OUTPUT 16 "o_rt_data";
    .port_info 7 /INPUT 3 "i_rd";
    .port_info 8 /INPUT 16 "i_wdata";
    .port_info 9 /INPUT 1 "i_rd_we";
P_0xf1bec0 .param/l "n" 0 4 14, +C4<00000000000000000000000000010000>;
L_0xee5300 .functor AND 1, L_0xf26780, v0xf264d0_0, C4<1>, C4<1>;
L_0xec9950 .functor AND 1, L_0xf26ac0, v0xf264d0_0, C4<1>, C4<1>;
L_0xefbbd0 .functor AND 1, L_0xf26cf0, v0xf264d0_0, C4<1>, C4<1>;
L_0xf27000 .functor AND 1, L_0xf26eb0, v0xf264d0_0, C4<1>, C4<1>;
L_0xf27390 .functor AND 1, L_0xf272a0, v0xf264d0_0, C4<1>, C4<1>;
L_0xf27710 .functor AND 1, L_0xf275b0, v0xf264d0_0, C4<1>, C4<1>;
L_0xf27a60 .functor AND 1, L_0xf27970, v0xf264d0_0, C4<1>, C4<1>;
L_0xf27fe0 .functor AND 1, L_0xf27ea0, v0xf264d0_0, C4<1>, C4<1>;
L_0x7f1e916ae018 .functor BUFT 1, C4<000>, C4<0>, C4<0>, C4<0>;
v0xf21260_0 .net/2u *"_ivl_0", 2 0, L_0x7f1e916ae018;  1 drivers
v0xf21360_0 .net *"_ivl_100", 0 0, L_0xf29820;  1 drivers
L_0x7f1e916ae528 .functor BUFT 1, C4<011>, C4<0>, C4<0>, C4<0>;
v0xf21420_0 .net/2u *"_ivl_102", 2 0, L_0x7f1e916ae528;  1 drivers
v0xf214e0_0 .net *"_ivl_104", 0 0, L_0xf298c0;  1 drivers
L_0x7f1e916ae570 .functor BUFT 1, C4<100>, C4<0>, C4<0>, C4<0>;
v0xf215a0_0 .net/2u *"_ivl_106", 2 0, L_0x7f1e916ae570;  1 drivers
v0xf216d0_0 .net *"_ivl_108", 0 0, L_0xf29a90;  1 drivers
L_0x7f1e916ae5b8 .functor BUFT 1, C4<101>, C4<0>, C4<0>, C4<0>;
v0xf21790_0 .net/2u *"_ivl_110", 2 0, L_0x7f1e916ae5b8;  1 drivers
v0xf21870_0 .net *"_ivl_112", 0 0, L_0xf29b80;  1 drivers
L_0x7f1e916ae600 .functor BUFT 1, C4<110>, C4<0>, C4<0>, C4<0>;
v0xf21930_0 .net/2u *"_ivl_114", 2 0, L_0x7f1e916ae600;  1 drivers
v0xf21a10_0 .net *"_ivl_116", 0 0, L_0xf29d60;  1 drivers
v0xf21ad0_0 .net *"_ivl_118", 15 0, L_0xf29f60;  1 drivers
L_0x7f1e916ae0a8 .functor BUFT 1, C4<010>, C4<0>, C4<0>, C4<0>;
v0xf21bb0_0 .net/2u *"_ivl_12", 2 0, L_0x7f1e916ae0a8;  1 drivers
v0xf21c90_0 .net *"_ivl_120", 15 0, L_0xf2a150;  1 drivers
v0xf21d70_0 .net *"_ivl_122", 15 0, L_0xf2a1f0;  1 drivers
v0xf21e50_0 .net *"_ivl_124", 15 0, L_0xf2a3f0;  1 drivers
v0xf21f30_0 .net *"_ivl_126", 15 0, L_0xf2a4e0;  1 drivers
v0xf22010_0 .net *"_ivl_128", 15 0, L_0xf2a780;  1 drivers
v0xf220f0_0 .net *"_ivl_14", 0 0, L_0xf26cf0;  1 drivers
L_0x7f1e916ae0f0 .functor BUFT 1, C4<011>, C4<0>, C4<0>, C4<0>;
v0xf221b0_0 .net/2u *"_ivl_18", 2 0, L_0x7f1e916ae0f0;  1 drivers
v0xf22290_0 .net *"_ivl_2", 0 0, L_0xf26780;  1 drivers
v0xf22350_0 .net *"_ivl_20", 0 0, L_0xf26eb0;  1 drivers
L_0x7f1e916ae138 .functor BUFT 1, C4<100>, C4<0>, C4<0>, C4<0>;
v0xf22410_0 .net/2u *"_ivl_24", 2 0, L_0x7f1e916ae138;  1 drivers
v0xf224f0_0 .net *"_ivl_26", 0 0, L_0xf272a0;  1 drivers
L_0x7f1e916ae180 .functor BUFT 1, C4<101>, C4<0>, C4<0>, C4<0>;
v0xf225b0_0 .net/2u *"_ivl_30", 2 0, L_0x7f1e916ae180;  1 drivers
v0xf22690_0 .net *"_ivl_32", 0 0, L_0xf275b0;  1 drivers
L_0x7f1e916ae1c8 .functor BUFT 1, C4<110>, C4<0>, C4<0>, C4<0>;
v0xf22750_0 .net/2u *"_ivl_36", 2 0, L_0x7f1e916ae1c8;  1 drivers
v0xf22830_0 .net *"_ivl_38", 0 0, L_0xf27970;  1 drivers
L_0x7f1e916ae210 .functor BUFT 1, C4<111>, C4<0>, C4<0>, C4<0>;
v0xf228f0_0 .net/2u *"_ivl_42", 2 0, L_0x7f1e916ae210;  1 drivers
v0xf229d0_0 .net *"_ivl_44", 0 0, L_0xf27ea0;  1 drivers
L_0x7f1e916ae258 .functor BUFT 1, C4<000>, C4<0>, C4<0>, C4<0>;
v0xf22a90_0 .net/2u *"_ivl_48", 2 0, L_0x7f1e916ae258;  1 drivers
v0xf22b70_0 .net *"_ivl_50", 0 0, L_0xf280f0;  1 drivers
L_0x7f1e916ae2a0 .functor BUFT 1, C4<001>, C4<0>, C4<0>, C4<0>;
v0xf22c30_0 .net/2u *"_ivl_52", 2 0, L_0x7f1e916ae2a0;  1 drivers
v0xf22d10_0 .net *"_ivl_54", 0 0, L_0xf28210;  1 drivers
L_0x7f1e916ae2e8 .functor BUFT 1, C4<010>, C4<0>, C4<0>, C4<0>;
v0xf22fe0_0 .net/2u *"_ivl_56", 2 0, L_0x7f1e916ae2e8;  1 drivers
v0xf230c0_0 .net *"_ivl_58", 0 0, L_0xf28360;  1 drivers
L_0x7f1e916ae060 .functor BUFT 1, C4<001>, C4<0>, C4<0>, C4<0>;
v0xf23180_0 .net/2u *"_ivl_6", 2 0, L_0x7f1e916ae060;  1 drivers
L_0x7f1e916ae330 .functor BUFT 1, C4<011>, C4<0>, C4<0>, C4<0>;
v0xf23260_0 .net/2u *"_ivl_60", 2 0, L_0x7f1e916ae330;  1 drivers
v0xf23340_0 .net *"_ivl_62", 0 0, L_0xf28430;  1 drivers
L_0x7f1e916ae378 .functor BUFT 1, C4<100>, C4<0>, C4<0>, C4<0>;
v0xf23400_0 .net/2u *"_ivl_64", 2 0, L_0x7f1e916ae378;  1 drivers
v0xf234e0_0 .net *"_ivl_66", 0 0, L_0xf28570;  1 drivers
L_0x7f1e916ae3c0 .functor BUFT 1, C4<101>, C4<0>, C4<0>, C4<0>;
v0xf235a0_0 .net/2u *"_ivl_68", 2 0, L_0x7f1e916ae3c0;  1 drivers
v0xf23680_0 .net *"_ivl_70", 0 0, L_0xf28690;  1 drivers
L_0x7f1e916ae408 .functor BUFT 1, C4<110>, C4<0>, C4<0>, C4<0>;
v0xf23740_0 .net/2u *"_ivl_72", 2 0, L_0x7f1e916ae408;  1 drivers
v0xf23820_0 .net *"_ivl_74", 0 0, L_0xf28830;  1 drivers
v0xf238e0_0 .net *"_ivl_76", 15 0, L_0xf28950;  1 drivers
v0xf239c0_0 .net *"_ivl_78", 15 0, L_0xf28ad0;  1 drivers
v0xf23aa0_0 .net *"_ivl_8", 0 0, L_0xf26ac0;  1 drivers
v0xf23b60_0 .net *"_ivl_80", 15 0, L_0xf28c10;  1 drivers
v0xf23c40_0 .net *"_ivl_82", 15 0, L_0xf28df0;  1 drivers
v0xf23d20_0 .net *"_ivl_84", 15 0, L_0xf28f30;  1 drivers
v0xf23e00_0 .net *"_ivl_86", 15 0, L_0xf28cb0;  1 drivers
L_0x7f1e916ae450 .functor BUFT 1, C4<000>, C4<0>, C4<0>, C4<0>;
v0xf23ee0_0 .net/2u *"_ivl_90", 2 0, L_0x7f1e916ae450;  1 drivers
v0xf23fc0_0 .net *"_ivl_92", 0 0, L_0xf29410;  1 drivers
L_0x7f1e916ae498 .functor BUFT 1, C4<001>, C4<0>, C4<0>, C4<0>;
v0xf24080_0 .net/2u *"_ivl_94", 2 0, L_0x7f1e916ae498;  1 drivers
v0xf24160_0 .net *"_ivl_96", 0 0, L_0xf29660;  1 drivers
L_0x7f1e916ae4e0 .functor BUFT 1, C4<010>, C4<0>, C4<0>, C4<0>;
v0xf24220_0 .net/2u *"_ivl_98", 2 0, L_0x7f1e916ae4e0;  1 drivers
v0xf24300_0 .net "clk", 0 0, v0xf258e0_0;  1 drivers
v0xf243a0_0 .net "gwe", 0 0, v0xf25c50_0;  1 drivers
v0xf24440_0 .net "i_rd", 2 0, v0xf25eb0_0;  1 drivers
v0xf24520_0 .net "i_rd_we", 0 0, v0xf264d0_0;  1 drivers
v0xf245e0_0 .net "i_rs", 2 0, v0xf25f70_0;  1 drivers
v0xf246c0_0 .net "i_rt", 2 0, v0xf261b0_0;  1 drivers
v0xf247a0_0 .net "i_wdata", 15 0, v0xf26410_0;  1 drivers
v0xf24970_0 .net "o_rs_data", 15 0, L_0xf291c0;  alias, 1 drivers
v0xf24a50_0 .net "o_rt_data", 15 0, L_0xf2a900;  alias, 1 drivers
v0xf24f40_0 .net "r0v", 15 0, L_0xee6a80;  1 drivers
v0xf25000_0 .net "r1v", 15 0, L_0xec6d10;  1 drivers
v0xf250d0_0 .net "r2v", 15 0, L_0xefb9d0;  1 drivers
v0xf251a0_0 .net "r3v", 15 0, L_0xefbc40;  1 drivers
v0xf25270_0 .net "r4v", 15 0, L_0xf270f0;  1 drivers
v0xf25340_0 .net "r5v", 15 0, L_0xf27450;  1 drivers
v0xf25410_0 .net "r6v", 15 0, L_0xf27810;  1 drivers
v0xf254e0_0 .net "r7v", 15 0, L_0xf27c30;  1 drivers
v0xf255b0_0 .net "rst", 0 0, v0xf26110_0;  1 drivers
L_0xf26780 .cmp/eq 3, v0xf25eb0_0, L_0x7f1e916ae018;
L_0xf26ac0 .cmp/eq 3, v0xf25eb0_0, L_0x7f1e916ae060;
L_0xf26cf0 .cmp/eq 3, v0xf25eb0_0, L_0x7f1e916ae0a8;
L_0xf26eb0 .cmp/eq 3, v0xf25eb0_0, L_0x7f1e916ae0f0;
L_0xf272a0 .cmp/eq 3, v0xf25eb0_0, L_0x7f1e916ae138;
L_0xf275b0 .cmp/eq 3, v0xf25eb0_0, L_0x7f1e916ae180;
L_0xf27970 .cmp/eq 3, v0xf25eb0_0, L_0x7f1e916ae1c8;
L_0xf27ea0 .cmp/eq 3, v0xf25eb0_0, L_0x7f1e916ae210;
L_0xf280f0 .cmp/eq 3, v0xf25f70_0, L_0x7f1e916ae258;
L_0xf28210 .cmp/eq 3, v0xf25f70_0, L_0x7f1e916ae2a0;
L_0xf28360 .cmp/eq 3, v0xf25f70_0, L_0x7f1e916ae2e8;
L_0xf28430 .cmp/eq 3, v0xf25f70_0, L_0x7f1e916ae330;
L_0xf28570 .cmp/eq 3, v0xf25f70_0, L_0x7f1e916ae378;
L_0xf28690 .cmp/eq 3, v0xf25f70_0, L_0x7f1e916ae3c0;
L_0xf28830 .cmp/eq 3, v0xf25f70_0, L_0x7f1e916ae408;
L_0xf28950 .functor MUXZ 16, L_0xf27c30, L_0xf27810, L_0xf28830, C4<>;
L_0xf28ad0 .functor MUXZ 16, L_0xf28950, L_0xf27450, L_0xf28690, C4<>;
L_0xf28c10 .functor MUXZ 16, L_0xf28ad0, L_0xf270f0, L_0xf28570, C4<>;
L_0xf28df0 .functor MUXZ 16, L_0xf28c10, L_0xefbc40, L_0xf28430, C4<>;
L_0xf28f30 .functor MUXZ 16, L_0xf28df0, L_0xefb9d0, L_0xf28360, C4<>;
L_0xf28cb0 .functor MUXZ 16, L_0xf28f30, L_0xec6d10, L_0xf28210, C4<>;
L_0xf291c0 .functor MUXZ 16, L_0xf28cb0, L_0xee6a80, L_0xf280f0, C4<>;
L_0xf29410 .cmp/eq 3, v0xf261b0_0, L_0x7f1e916ae450;
L_0xf29660 .cmp/eq 3, v0xf261b0_0, L_0x7f1e916ae498;
L_0xf29820 .cmp/eq 3, v0xf261b0_0, L_0x7f1e916ae4e0;
L_0xf298c0 .cmp/eq 3, v0xf261b0_0, L_0x7f1e916ae528;
L_0xf29a90 .cmp/eq 3, v0xf261b0_0, L_0x7f1e916ae570;
L_0xf29b80 .cmp/eq 3, v0xf261b0_0, L_0x7f1e916ae5b8;
L_0xf29d60 .cmp/eq 3, v0xf261b0_0, L_0x7f1e916ae600;
L_0xf29f60 .functor MUXZ 16, L_0xf27c30, L_0xf27810, L_0xf29d60, C4<>;
L_0xf2a150 .functor MUXZ 16, L_0xf29f60, L_0xf27450, L_0xf29b80, C4<>;
L_0xf2a1f0 .functor MUXZ 16, L_0xf2a150, L_0xf270f0, L_0xf29a90, C4<>;
L_0xf2a3f0 .functor MUXZ 16, L_0xf2a1f0, L_0xefbc40, L_0xf298c0, C4<>;
L_0xf2a4e0 .functor MUXZ 16, L_0xf2a3f0, L_0xefb9d0, L_0xf29820, C4<>;
L_0xf2a780 .functor MUXZ 16, L_0xf2a4e0, L_0xec6d10, L_0xf29660, C4<>;
L_0xf2a900 .functor MUXZ 16, L_0xf2a780, L_0xee6a80, L_0xf29410, C4<>;
S_0xf1c060 .scope module, "r0" "Nbit_reg" 4 30, 5 14 0, S_0xf1bcc0;
 .timescale -9 -12;
    .port_info 0 /INPUT 16 "in";
    .port_info 1 /OUTPUT 16 "out";
    .port_info 2 /INPUT 1 "clk";
    .port_info 3 /INPUT 1 "we";
    .port_info 4 /INPUT 1 "gwe";
    .port_info 5 /INPUT 1 "rst";
P_0xef6900 .param/l "n" 0 5 14, +C4<00000000000000000000000000010000>;
P_0xef6940 .param/l "r" 0 5 14, +C4<00000000000000000000000000000000>;
L_0xee6a80/d .functor BUFZ 16, v0xf1c580_0, C4<0000000000000000>, C4<0000000000000000>, C4<0000000000000000>;
L_0xee6a80 .delay 16 (1000,1000,1000) L_0xee6a80/d;
v0xee3cc0_0 .net "clk", 0 0, v0xf258e0_0;  alias, 1 drivers
v0xec9a70_0 .net "gwe", 0 0, v0xf25c50_0;  alias, 1 drivers
v0xefbe40_0 .net "in", 15 0, v0xf26410_0;  alias, 1 drivers
v0xefbee0_0 .net "out", 15 0, L_0xee6a80;  alias, 1 drivers
v0xf1c470_0 .net "rst", 0 0, v0xf26110_0;  alias, 1 drivers
v0xf1c580_0 .var "state", 15 0;
v0xf1c660_0 .net "we", 0 0, L_0xee5300;  1 drivers
E_0xed6fe0 .event posedge, v0xee3cc0_0;
S_0xf1c7e0 .scope module, "r1" "Nbit_reg" 4 37, 5 14 0, S_0xf1bcc0;
 .timescale -9 -12;
    .port_info 0 /INPUT 16 "in";
    .port_info 1 /OUTPUT 16 "out";
    .port_info 2 /INPUT 1 "clk";
    .port_info 3 /INPUT 1 "we";
    .port_info 4 /INPUT 1 "gwe";
    .port_info 5 /INPUT 1 "rst";
P_0xf1c290 .param/l "n" 0 5 14, +C4<00000000000000000000000000010000>;
P_0xf1c2d0 .param/l "r" 0 5 14, +C4<00000000000000000000000000000000>;
L_0xec6d10/d .functor BUFZ 16, v0xf1cfe0_0, C4<0000000000000000>, C4<0000000000000000>, C4<0000000000000000>;
L_0xec6d10 .delay 16 (1000,1000,1000) L_0xec6d10/d;
v0xf1cbb0_0 .net "clk", 0 0, v0xf258e0_0;  alias, 1 drivers
v0xf1cc80_0 .net "gwe", 0 0, v0xf25c50_0;  alias, 1 drivers
v0xf1cd50_0 .net "in", 15 0, v0xf26410_0;  alias, 1 drivers
v0xf1ce50_0 .net "out", 15 0, L_0xec6d10;  alias, 1 drivers
v0xf1cef0_0 .net "rst", 0 0, v0xf26110_0;  alias, 1 drivers
v0xf1cfe0_0 .var "state", 15 0;
v0xf1d080_0 .net "we", 0 0, L_0xec9950;  1 drivers
S_0xf1d200 .scope module, "r2" "Nbit_reg" 4 44, 5 14 0, S_0xf1bcc0;
 .timescale -9 -12;
    .port_info 0 /INPUT 16 "in";
    .port_info 1 /OUTPUT 16 "out";
    .port_info 2 /INPUT 1 "clk";
    .port_info 3 /INPUT 1 "we";
    .port_info 4 /INPUT 1 "gwe";
    .port_info 5 /INPUT 1 "rst";
P_0xf1ca30 .param/l "n" 0 5 14, +C4<00000000000000000000000000010000>;
P_0xf1ca70 .param/l "r" 0 5 14, +C4<00000000000000000000000000000000>;
L_0xefb9d0/d .functor BUFZ 16, v0xf1db30_0, C4<0000000000000000>, C4<0000000000000000>, C4<0000000000000000>;
L_0xefb9d0 .delay 16 (1000,1000,1000) L_0xefb9d0/d;
v0xf1d640_0 .net "clk", 0 0, v0xf258e0_0;  alias, 1 drivers
v0xf1d730_0 .net "gwe", 0 0, v0xf25c50_0;  alias, 1 drivers
v0xf1d840_0 .net "in", 15 0, v0xf26410_0;  alias, 1 drivers
v0xf1d930_0 .net "out", 15 0, L_0xefb9d0;  alias, 1 drivers
v0xf1d9f0_0 .net "rst", 0 0, v0xf26110_0;  alias, 1 drivers
v0xf1db30_0 .var "state", 15 0;
v0xf1dc10_0 .net "we", 0 0, L_0xefbbd0;  1 drivers
S_0xf1dd90 .scope module, "r3" "Nbit_reg" 4 51, 5 14 0, S_0xf1bcc0;
 .timescale -9 -12;
    .port_info 0 /INPUT 16 "in";
    .port_info 1 /OUTPUT 16 "out";
    .port_info 2 /INPUT 1 "clk";
    .port_info 3 /INPUT 1 "we";
    .port_info 4 /INPUT 1 "gwe";
    .port_info 5 /INPUT 1 "rst";
P_0xf1d460 .param/l "n" 0 5 14, +C4<00000000000000000000000000010000>;
P_0xf1d4a0 .param/l "r" 0 5 14, +C4<00000000000000000000000000000000>;
L_0xefbc40/d .functor BUFZ 16, v0xf1e510_0, C4<0000000000000000>, C4<0000000000000000>, C4<0000000000000000>;
L_0xefbc40 .delay 16 (1000,1000,1000) L_0xefbc40/d;
v0xf1e140_0 .net "clk", 0 0, v0xf258e0_0;  alias, 1 drivers
v0xf1e200_0 .net "gwe", 0 0, v0xf25c50_0;  alias, 1 drivers
v0xf1e2c0_0 .net "in", 15 0, v0xf26410_0;  alias, 1 drivers
v0xf1e360_0 .net "out", 15 0, L_0xefbc40;  alias, 1 drivers
v0xf1e420_0 .net "rst", 0 0, v0xf26110_0;  alias, 1 drivers
v0xf1e510_0 .var "state", 15 0;
v0xf1e5f0_0 .net "we", 0 0, L_0xf27000;  1 drivers
S_0xf1e770 .scope module, "r4" "Nbit_reg" 4 58, 5 14 0, S_0xf1bcc0;
 .timescale -9 -12;
    .port_info 0 /INPUT 16 "in";
    .port_info 1 /OUTPUT 16 "out";
    .port_info 2 /INPUT 1 "clk";
    .port_info 3 /INPUT 1 "we";
    .port_info 4 /INPUT 1 "gwe";
    .port_info 5 /INPUT 1 "rst";
P_0xf1dfc0 .param/l "n" 0 5 14, +C4<00000000000000000000000000010000>;
P_0xf1e000 .param/l "r" 0 5 14, +C4<00000000000000000000000000000000>;
L_0xf270f0/d .functor BUFZ 16, v0xf1f0a0_0, C4<0000000000000000>, C4<0000000000000000>, C4<0000000000000000>;
L_0xf270f0 .delay 16 (1000,1000,1000) L_0xf270f0/d;
v0xf1eb70_0 .net "clk", 0 0, v0xf258e0_0;  alias, 1 drivers
v0xf1ec30_0 .net "gwe", 0 0, v0xf25c50_0;  alias, 1 drivers
v0xf1ed80_0 .net "in", 15 0, v0xf26410_0;  alias, 1 drivers
v0xf1eeb0_0 .net "out", 15 0, L_0xf270f0;  alias, 1 drivers
v0xf1ef70_0 .net "rst", 0 0, v0xf26110_0;  alias, 1 drivers
v0xf1f0a0_0 .var "state", 15 0;
v0xf1f180_0 .net "we", 0 0, L_0xf27390;  1 drivers
S_0xf1f340 .scope module, "r5" "Nbit_reg" 4 65, 5 14 0, S_0xf1bcc0;
 .timescale -9 -12;
    .port_info 0 /INPUT 16 "in";
    .port_info 1 /OUTPUT 16 "out";
    .port_info 2 /INPUT 1 "clk";
    .port_info 3 /INPUT 1 "we";
    .port_info 4 /INPUT 1 "gwe";
    .port_info 5 /INPUT 1 "rst";
P_0xf1f4d0 .param/l "n" 0 5 14, +C4<00000000000000000000000000010000>;
P_0xf1f510 .param/l "r" 0 5 14, +C4<00000000000000000000000000000000>;
L_0xf27450/d .functor BUFZ 16, v0xf1fb10_0, C4<0000000000000000>, C4<0000000000000000>, C4<0000000000000000>;
L_0xf27450 .delay 16 (1000,1000,1000) L_0xf27450/d;
v0xf1f760_0 .net "clk", 0 0, v0xf258e0_0;  alias, 1 drivers
v0xf1f820_0 .net "gwe", 0 0, v0xf25c50_0;  alias, 1 drivers
v0xf1f8e0_0 .net "in", 15 0, v0xf26410_0;  alias, 1 drivers
v0xf1f9b0_0 .net "out", 15 0, L_0xf27450;  alias, 1 drivers
v0xf1fa70_0 .net "rst", 0 0, v0xf26110_0;  alias, 1 drivers
v0xf1fb10_0 .var "state", 15 0;
v0xf1fbf0_0 .net "we", 0 0, L_0xf27710;  1 drivers
S_0xf1fdb0 .scope module, "r6" "Nbit_reg" 4 72, 5 14 0, S_0xf1bcc0;
 .timescale -9 -12;
    .port_info 0 /INPUT 16 "in";
    .port_info 1 /OUTPUT 16 "out";
    .port_info 2 /INPUT 1 "clk";
    .port_info 3 /INPUT 1 "we";
    .port_info 4 /INPUT 1 "gwe";
    .port_info 5 /INPUT 1 "rst";
P_0xf1f5b0 .param/l "n" 0 5 14, +C4<00000000000000000000000000010000>;
P_0xf1f5f0 .param/l "r" 0 5 14, +C4<00000000000000000000000000000000>;
L_0xf27810/d .functor BUFZ 16, v0xf20540_0, C4<0000000000000000>, C4<0000000000000000>, C4<0000000000000000>;
L_0xf27810 .delay 16 (1000,1000,1000) L_0xf27810/d;
v0xf20140_0 .net "clk", 0 0, v0xf258e0_0;  alias, 1 drivers
v0xf20200_0 .net "gwe", 0 0, v0xf25c50_0;  alias, 1 drivers
v0xf202c0_0 .net "in", 15 0, v0xf26410_0;  alias, 1 drivers
v0xf20390_0 .net "out", 15 0, L_0xf27810;  alias, 1 drivers
v0xf20450_0 .net "rst", 0 0, v0xf26110_0;  alias, 1 drivers
v0xf20540_0 .var "state", 15 0;
v0xf20620_0 .net "we", 0 0, L_0xf27a60;  1 drivers
S_0xf207e0 .scope module, "r7" "Nbit_reg" 4 79, 5 14 0, S_0xf1bcc0;
 .timescale -9 -12;
    .port_info 0 /INPUT 16 "in";
    .port_info 1 /OUTPUT 16 "out";
    .port_info 2 /INPUT 1 "clk";
    .port_info 3 /INPUT 1 "we";
    .port_info 4 /INPUT 1 "gwe";
    .port_info 5 /INPUT 1 "rst";
P_0xf1ff90 .param/l "n" 0 5 14, +C4<00000000000000000000000000010000>;
P_0xf1ffd0 .param/l "r" 0 5 14, +C4<00000000000000000000000000000000>;
L_0xf27c30/d .functor BUFZ 16, v0xf20fc0_0, C4<0000000000000000>, C4<0000000000000000>, C4<0000000000000000>;
L_0xf27c30 .delay 16 (1000,1000,1000) L_0xf27c30/d;
v0xf20bc0_0 .net "clk", 0 0, v0xf258e0_0;  alias, 1 drivers
v0xf20c80_0 .net "gwe", 0 0, v0xf25c50_0;  alias, 1 drivers
v0xf20d40_0 .net "in", 15 0, v0xf26410_0;  alias, 1 drivers
v0xf20e10_0 .net "out", 15 0, L_0xf27c30;  alias, 1 drivers
v0xf20ed0_0 .net "rst", 0 0, v0xf26110_0;  alias, 1 drivers
v0xf20fc0_0 .var "state", 15 0;
v0xf210a0_0 .net "we", 0 0, L_0xf27fe0;  1 drivers
    .scope S_0xf1c060;
T_1 ;
    %wait E_0xed6fe0;
    %load/vec4 v0xec9a70_0;
    %load/vec4 v0xf1c470_0;
    %and;
    %flag_set/vec4 8;
    %jmp/0xz  T_1.0, 8;
    %pushi/vec4 0, 0, 16;
    %store/vec4 v0xf1c580_0, 0, 16;
    %jmp T_1.1;
T_1.0 ;
    %load/vec4 v0xec9a70_0;
    %load/vec4 v0xf1c660_0;
    %and;
    %flag_set/vec4 8;
    %jmp/0xz  T_1.2, 8;
    %load/vec4 v0xefbe40_0;
    %store/vec4 v0xf1c580_0, 0, 16;
T_1.2 ;
T_1.1 ;
    %jmp T_1;
    .thread T_1;
    .scope S_0xf1c7e0;
T_2 ;
    %wait E_0xed6fe0;
    %load/vec4 v0xf1cc80_0;
    %load/vec4 v0xf1cef0_0;
    %and;
    %flag_set/vec4 8;
    %jmp/0xz  T_2.0, 8;
    %pushi/vec4 0, 0, 16;
    %store/vec4 v0xf1cfe0_0, 0, 16;
    %jmp T_2.1;
T_2.0 ;
    %load/vec4 v0xf1cc80_0;
    %load/vec4 v0xf1d080_0;
    %and;
    %flag_set/vec4 8;
    %jmp/0xz  T_2.2, 8;
    %load/vec4 v0xf1cd50_0;
    %store/vec4 v0xf1cfe0_0, 0, 16;
T_2.2 ;
T_2.1 ;
    %jmp T_2;
    .thread T_2;
    .scope S_0xf1d200;
T_3 ;
    %wait E_0xed6fe0;
    %load/vec4 v0xf1d730_0;
    %load/vec4 v0xf1d9f0_0;
    %and;
    %flag_set/vec4 8;
    %jmp/0xz  T_3.0, 8;
    %pushi/vec4 0, 0, 16;
    %store/vec4 v0xf1db30_0, 0, 16;
    %jmp T_3.1;
T_3.0 ;
    %load/vec4 v0xf1d730_0;
    %load/vec4 v0xf1dc10_0;
    %and;
    %flag_set/vec4 8;
    %jmp/0xz  T_3.2, 8;
    %load/vec4 v0xf1d840_0;
    %store/vec4 v0xf1db30_0, 0, 16;
T_3.2 ;
T_3.1 ;
    %jmp T_3;
    .thread T_3;
    .scope S_0xf1dd90;
T_4 ;
    %wait E_0xed6fe0;
    %load/vec4 v0xf1e200_0;
    %load/vec4 v0xf1e420_0;
    %and;
    %flag_set/vec4 8;
    %jmp/0xz  T_4.0, 8;
    %pushi/vec4 0, 0, 16;
    %store/vec4 v0xf1e510_0, 0, 16;
    %jmp T_4.1;
T_4.0 ;
    %load/vec4 v0xf1e200_0;
    %load/vec4 v0xf1e5f0_0;
    %and;
    %flag_set/vec4 8;
    %jmp/0xz  T_4.2, 8;
    %load/vec4 v0xf1e2c0_0;
    %store/vec4 v0xf1e510_0, 0, 16;
T_4.2 ;
T_4.1 ;
    %jmp T_4;
    .thread T_4;
    .scope S_0xf1e770;
T_5 ;
    %wait E_0xed6fe0;
    %load/vec4 v0xf1ec30_0;
    %load/vec4 v0xf1ef70_0;
    %and;
    %flag_set/vec4 8;
    %jmp/0xz  T_5.0, 8;
    %pushi/vec4 0, 0, 16;
    %store/vec4 v0xf1f0a0_0, 0, 16;
    %jmp T_5.1;
T_5.0 ;
    %load/vec4 v0xf1ec30_0;
    %load/vec4 v0xf1f180_0;
    %and;
    %flag_set/vec4 8;
    %jmp/0xz  T_5.2, 8;
    %load/vec4 v0xf1ed80_0;
    %store/vec4 v0xf1f0a0_0, 0, 16;
T_5.2 ;
T_5.1 ;
    %jmp T_5;
    .thread T_5;
    .scope S_0xf1f340;
T_6 ;
    %wait E_0xed6fe0;
    %load/vec4 v0xf1f820_0;
    %load/vec4 v0xf1fa70_0;
    %and;
    %flag_set/vec4 8;
    %jmp/0xz  T_6.0, 8;
    %pushi/vec4 0, 0, 16;
    %store/vec4 v0xf1fb10_0, 0, 16;
    %jmp T_6.1;
T_6.0 ;
    %load/vec4 v0xf1f820_0;
    %load/vec4 v0xf1fbf0_0;
    %and;
    %flag_set/vec4 8;
    %jmp/0xz  T_6.2, 8;
    %load/vec4 v0xf1f8e0_0;
    %store/vec4 v0xf1fb10_0, 0, 16;
T_6.2 ;
T_6.1 ;
    %jmp T_6;
    .thread T_6;
    .scope S_0xf1fdb0;
T_7 ;
    %wait E_0xed6fe0;
    %load/vec4 v0xf20200_0;
    %load/vec4 v0xf20450_0;
    %and;
    %flag_set/vec4 8;
    %jmp/0xz  T_7.0, 8;
    %pushi/vec4 0, 0, 16;
    %store/vec4 v0xf20540_0, 0, 16;
    %jmp T_7.1;
T_7.0 ;
    %load/vec4 v0xf20200_0;
    %load/vec4 v0xf20620_0;
    %and;
    %flag_set/vec4 8;
    %jmp/0xz  T_7.2, 8;
    %load/vec4 v0xf202c0_0;
    %store/vec4 v0xf20540_0, 0, 16;
T_7.2 ;
T_7.1 ;
    %jmp T_7;
    .thread T_7;
    .scope S_0xf207e0;
T_8 ;
    %wait E_0xed6fe0;
    %load/vec4 v0xf20c80_0;
    %load/vec4 v0xf20ed0_0;
    %and;
    %flag_set/vec4 8;
    %jmp/0xz  T_8.0, 8;
    %pushi/vec4 0, 0, 16;
    %store/vec4 v0xf20fc0_0, 0, 16;
    %jmp T_8.1;
T_8.0 ;
    %load/vec4 v0xf20c80_0;
    %load/vec4 v0xf210a0_0;
    %and;
    %flag_set/vec4 8;
    %jmp/0xz  T_8.2, 8;
    %load/vec4 v0xf20d40_0;
    %store/vec4 v0xf20fc0_0, 0, 16;
T_8.2 ;
T_8.1 ;
    %jmp T_8;
    .thread T_8;
    .scope S_0xeebae0;
T_9 ;
    %delay 5000, 0;
    %load/vec4 v0xf258e0_0;
    %inv;
    %assign/vec4 v0xf258e0_0, 0;
    %jmp T_9;
    .thread T_9;
    .scope S_0xeebae0;
T_10 ;
    %pushi/vec4 0, 0, 3;
    %store/vec4 v0xf25f70_0, 0, 3;
    %pushi/vec4 0, 0, 3;
    %store/vec4 v0xf261b0_0, 0, 3;
    %pushi/vec4 0, 0, 3;
    %store/vec4 v0xf25eb0_0, 0, 3;
    %pushi/vec4 0, 0, 1;
    %store/vec4 v0xf264d0_0, 0, 1;
    %pushi/vec4 1, 0, 1;
    %store/vec4 v0xf26110_0, 0, 1;
    %pushi/vec4 0, 0, 16;
    %store/vec4 v0xf26410_0, 0, 16;
    %pushi/vec4 0, 0, 1;
    %store/vec4 v0xf258e0_0, 0, 1;
    %pushi/vec4 1, 0, 1;
    %store/vec4 v0xf25c50_0, 0, 1;
    %pushi/vec4 0, 0, 32;
    %store/vec4 v0xf259a0_0, 0, 32;
    %pushi/vec4 0, 0, 32;
    %store/vec4 v0xf26350_0, 0, 32;
    %pushi/vec4 0, 0, 32;
    %store/vec4 v0xf25dd0_0, 0, 32;
    %vpi_func 2 75 "$fopen" 32, "test_lc4_regfile.input", "r" {0 0 0};
    %store/vec4 v0xf25cf0_0, 0, 32;
    %load/vec4 v0xf25cf0_0;
    %cmpi/e 0, 0, 32;
    %jmp/0xz  T_10.0, 4;
    %vpi_call 2 77 "$display", "Error opening file: ", "test_lc4_regfile.input" {0 0 0};
    %vpi_call 2 78 "$finish" {0 0 0};
T_10.0 ;
    %vpi_func 2 83 "$fopen" 32, "regfile_test.output.txt", "w" {0 0 0};
    %store/vec4 v0xf25dd0_0, 0, 32;
    %load/vec4 v0xf25dd0_0;
    %cmpi/e 0, 0, 32;
    %jmp/0xz  T_10.2, 4;
    %vpi_call 2 85 "$display", "Error opening file: ", "regfile_test.output.txt" {0 0 0};
    %vpi_call 2 86 "$finish" {0 0 0};
T_10.2 ;
    %delay 100000, 0;
    %delay 5000, 0;
    %pushi/vec4 0, 0, 1;
    %store/vec4 v0xf26110_0, 0, 1;
    %delay 2000, 0;
T_10.4 ;
    %vpi_func 2 97 "$fscanf" 32, v0xf25cf0_0, "%d %d %d %b %h %h %h", v0xf25f70_0, v0xf261b0_0, v0xf25eb0_0, v0xf264d0_0, v0xf26410_0, v0xf25a80_0, v0xf25b70_0 {0 0 0};
    %cmpi/e 7, 0, 32;
    %jmp/0xz T_10.5, 4;
    %delay 8000, 0;
    %load/vec4 v0xf26350_0;
    %addi 2, 0, 32;
    %store/vec4 v0xf26350_0, 0, 32;
    %load/vec4 v0xf25dd0_0;
    %cmpi/ne 0, 0, 32;
    %jmp/0xz  T_10.6, 4;
    %vpi_call 2 106 "$fdisplay", v0xf25dd0_0, "%d %d %d %b %h %h %h", v0xf25f70_0, v0xf261b0_0, v0xf25eb0_0, v0xf264d0_0, v0xf26410_0, v0xf26040_0, v0xf26280_0 {0 0 0};
T_10.6 ;
    %load/vec4 v0xf26040_0;
    %load/vec4 v0xf25a80_0;
    %cmp/ne;
    %jmp/0xz  T_10.8, 6;
    %vpi_call 2 110 "$display", "Error at test %d: Value of register %d on output 1 should have been %h, but was %h instead", v0xf26350_0, v0xf25f70_0, v0xf25a80_0, v0xf26040_0 {0 0 0};
    %load/vec4 v0xf259a0_0;
    %addi 1, 0, 32;
    %store/vec4 v0xf259a0_0, 0, 32;
T_10.8 ;
    %load/vec4 v0xf26280_0;
    %load/vec4 v0xf25b70_0;
    %cmp/ne;
    %jmp/0xz  T_10.10, 6;
    %vpi_call 2 115 "$display", "Error at test %d: Value of register %d on output 2 should have been %h, but was %h instead", v0xf26350_0, v0xf261b0_0, v0xf25b70_0, v0xf26280_0 {0 0 0};
    %load/vec4 v0xf259a0_0;
    %addi 1, 0, 32;
    %store/vec4 v0xf259a0_0, 0, 32;
T_10.10 ;
    %delay 2000, 0;
    %jmp T_10.4;
T_10.5 ;
    %load/vec4 v0xf25cf0_0;
    %cmpi/ne 0, 0, 32;
    %jmp/0xz  T_10.12, 4;
    %vpi_call 2 123 "$fclose", v0xf25cf0_0 {0 0 0};
T_10.12 ;
    %load/vec4 v0xf25dd0_0;
    %cmpi/ne 0, 0, 32;
    %jmp/0xz  T_10.14, 4;
    %vpi_call 2 124 "$fclose", v0xf25dd0_0 {0 0 0};
T_10.14 ;
    %vpi_call 2 125 "$display", "Simulation finished: %d test cases %d errors [%s]", v0xf26350_0, v0xf259a0_0, "test_lc4_regfile.input" {0 0 0};
    %load/vec4 v0xf26350_0;
    %store/vec4 v0xee6ba0_0, 0, 32;
    %load/vec4 v0xf26350_0;
    %load/vec4 v0xf259a0_0;
    %sub;
    %store/vec4 v0xee8320_0, 0, 32;
    %fork TD_test_regfile.printPoints, S_0xeea360;
    %join;
    %vpi_call 2 127 "$finish" {0 0 0};
    %end;
    .thread T_10;
# The file index is used to find the file name in the following table.
:file_names 6;
    "N/A";
    "<interactive>";
    "testbench_lc4_regfile.v";
    "./print_points.v";
    "lc4_regfile.v";
    "register.v";
