#! /home1/c/cis571/tools/bin/vvp
:ivl_version "11.0 (stable)" "(v11_0)";
:ivl_delay_selection "TYPICAL";
:vpi_time_precision - 12;
:vpi_module "/home1/c/cis571/tools/lib64/ivl/system.vpi";
:vpi_module "/home1/c/cis571/tools/lib64/ivl/vhdl_sys.vpi";
:vpi_module "/home1/c/cis571/tools/lib64/ivl/vhdl_textio.vpi";
:vpi_module "/home1/c/cis571/tools/lib64/ivl/v2005_math.vpi";
:vpi_module "/home1/c/cis571/tools/lib64/ivl/va_math.vpi";
S_0x1545200 .scope module, "test_divider" "test_divider" 2 35;
 .timescale -9 -12;
v0x157a740_0 .var/i "__ignore", 31 0;
v0x157a840_0 .var/i "allTests", 31 0;
v0x157a920_0 .var/i "divTests", 31 0;
v0x157a9e0_0 .var/i "errors", 31 0;
v0x157aac0_0 .var "exp_dividend", 15 0;
v0x157abf0_0 .var "exp_quotient", 15 0;
v0x157acd0_0 .var "exp_remainder", 15 0;
v0x157adb0_0 .var "i_dividend", 15 0;
v0x157aec0_0 .var "i_divisor", 15 0;
v0x157af80_0 .var "i_quotient", 15 0;
v0x157b040_0 .var "i_remainder", 15 0;
v0x157b0e0_0 .var/i "input_file", 31 0;
v0x157b1a0_0 .net "o_1iter_dividend", 15 0, L_0x159f120;  1 drivers
v0x157b260_0 .net "o_1iter_quotient", 15 0, L_0x159ec60;  1 drivers
v0x157b300_0 .net "o_1iter_remainder", 15 0, L_0x159ee40;  1 drivers
v0x157b3a0_0 .net "o_div_quotient", 15 0, L_0x159de80;  1 drivers
v0x157b440_0 .net "o_div_remainder", 15 0, L_0x159dac0;  1 drivers
v0x157b5f0_0 .var/i "randomSeed", 31 0;
S_0x1545390 .scope module, "div" "lc4_divider" 2 62, 3 9 0, S_0x1545200;
 .timescale -9 -12;
    .port_info 0 /INPUT 16 "i_dividend";
    .port_info 1 /INPUT 16 "i_divisor";
    .port_info 2 /OUTPUT 16 "o_remainder";
    .port_info 3 /OUTPUT 16 "o_quotient";
L_0x159d410 .functor BUFZ 16, v0x157adb0_0, C4<0000000000000000>, C4<0000000000000000>, C4<0000000000000000>;
L_0x7fe3256adba8 .functor BUFT 1, C4<0000000000000000>, C4<0>, C4<0>, C4<0>;
v0x15769a0_0 .net *"_ivl_12", 15 0, L_0x7fe3256adba8;  1 drivers
L_0x7fe3256adbf0 .functor BUFT 1, C4<00000000000000000000000000000000>, C4<0>, C4<0>, C4<0>;
v0x1576aa0_0 .net/2u *"_ivl_13", 31 0, L_0x7fe3256adbf0;  1 drivers
v0x1576b80_0 .net *"_ivl_15", 0 0, L_0x159d9d0;  1 drivers
L_0x7fe3256adc38 .functor BUFT 1, C4<0000000000000000>, C4<0>, C4<0>, C4<0>;
v0x1576c50_0 .net/2u *"_ivl_17", 15 0, L_0x7fe3256adc38;  1 drivers
v0x1576d30_0 .net *"_ivl_22", 31 0, L_0x159dc50;  1 drivers
L_0x7fe3256adc80 .functor BUFT 1, C4<0000000000000000>, C4<0>, C4<0>, C4<0>;
v0x1576e10_0 .net *"_ivl_25", 15 0, L_0x7fe3256adc80;  1 drivers
L_0x7fe3256adcc8 .functor BUFT 1, C4<00000000000000000000000000000000>, C4<0>, C4<0>, C4<0>;
v0x1576ef0_0 .net/2u *"_ivl_26", 31 0, L_0x7fe3256adcc8;  1 drivers
v0x1576fd0_0 .net *"_ivl_28", 0 0, L_0x159dd40;  1 drivers
L_0x7fe3256add10 .functor BUFT 1, C4<0000000000000000>, C4<0>, C4<0>, C4<0>;
v0x1577090_0 .net/2u *"_ivl_30", 15 0, L_0x7fe3256add10;  1 drivers
v0x1577170_0 .net *"_ivl_9", 31 0, L_0x159d930;  1 drivers
v0x1577250 .array "dn_i", 0 16;
v0x1577250_0 .net v0x1577250 0, 15 0, L_0x159d410; 1 drivers
v0x1577250_1 .net v0x1577250 1, 15 0, L_0x158c6a0; 1 drivers
v0x1577250_2 .net v0x1577250 2, 15 0, L_0x158d890; 1 drivers
v0x1577250_3 .net v0x1577250 3, 15 0, L_0x158eac0; 1 drivers
v0x1577250_4 .net v0x1577250 4, 15 0, L_0x158fc70; 1 drivers
v0x1577250_5 .net v0x1577250 5, 15 0, L_0x1590e20; 1 drivers
v0x1577250_6 .net v0x1577250 6, 15 0, L_0x15921e0; 1 drivers
v0x1577250_7 .net v0x1577250 7, 15 0, L_0x15937a0; 1 drivers
v0x1577250_8 .net v0x1577250 8, 15 0, L_0x1594910; 1 drivers
v0x1577250_9 .net v0x1577250 9, 15 0, L_0x1595a20; 1 drivers
v0x1577250_10 .net v0x1577250 10, 15 0, L_0x1596b30; 1 drivers
v0x1577250_11 .net v0x1577250 11, 15 0, L_0x1598060; 1 drivers
v0x1577250_12 .net v0x1577250 12, 15 0, L_0x1599170; 1 drivers
v0x1577250_13 .net v0x1577250 13, 15 0, L_0x159a280; 1 drivers
v0x1577250_14 .net v0x1577250 14, 15 0, L_0x159b390; 1 drivers
v0x1577250_15 .net v0x1577250 15, 15 0, L_0x159c4a0; 1 drivers
v0x1577250_16 .net v0x1577250 16, 15 0, L_0x159d650; 1 drivers
v0x1577770_0 .net "i_dividend", 15 0, v0x157adb0_0;  1 drivers
v0x1577810_0 .net "i_divisor", 15 0, v0x157aec0_0;  1 drivers
v0x1577ae0_0 .net "o_quotient", 15 0, L_0x159de80;  alias, 1 drivers
v0x1577bc0_0 .net "o_remainder", 15 0, L_0x159dac0;  alias, 1 drivers
L_0x7fe3256adb60 .functor BUFT 1, C4<0000000000000000>, C4<0>, C4<0>, C4<0>;
v0x1577ca0 .array "q_i", 0 16;
v0x1577ca0_0 .net v0x1577ca0 0, 15 0, L_0x7fe3256adb60; 1 drivers
v0x1577ca0_1 .net v0x1577ca0 1, 15 0, L_0x158c310; 1 drivers
v0x1577ca0_2 .net v0x1577ca0 2, 15 0, L_0x158d470; 1 drivers
v0x1577ca0_3 .net v0x1577ca0 3, 15 0, L_0x158e730; 1 drivers
v0x1577ca0_4 .net v0x1577ca0 4, 15 0, L_0x158f850; 1 drivers
v0x1577ca0_5 .net v0x1577ca0 5, 15 0, L_0x1590a00; 1 drivers
v0x1577ca0_6 .net v0x1577ca0 6, 15 0, L_0x1591dc0; 1 drivers
v0x1577ca0_7 .net v0x1577ca0 7, 15 0, L_0x1593380; 1 drivers
v0x1577ca0_8 .net v0x1577ca0 8, 15 0, L_0x15944f0; 1 drivers
v0x1577ca0_9 .net v0x1577ca0 9, 15 0, L_0x1595600; 1 drivers
v0x1577ca0_10 .net v0x1577ca0 10, 15 0, L_0x1596710; 1 drivers
v0x1577ca0_11 .net v0x1577ca0 11, 15 0, L_0x1597c40; 1 drivers
v0x1577ca0_12 .net v0x1577ca0 12, 15 0, L_0x1598d50; 1 drivers
v0x1577ca0_13 .net v0x1577ca0 13, 15 0, L_0x1599e60; 1 drivers
v0x1577ca0_14 .net v0x1577ca0 14, 15 0, L_0x159af70; 1 drivers
v0x1577ca0_15 .net v0x1577ca0 15, 15 0, L_0x159c080; 1 drivers
v0x1577ca0_16 .net v0x1577ca0 16, 15 0, L_0x159d190; 1 drivers
L_0x7fe3256adb18 .functor BUFT 1, C4<0000000000000000>, C4<0>, C4<0>, C4<0>;
v0x15782a0 .array "r_i", 0 16;
v0x15782a0_0 .net v0x15782a0 0, 15 0, L_0x7fe3256adb18; 1 drivers
v0x15782a0_1 .net v0x15782a0 1, 15 0, L_0x158c4a0; 1 drivers
v0x15782a0_2 .net v0x15782a0 2, 15 0, L_0x158d600; 1 drivers
v0x15782a0_3 .net v0x15782a0 3, 15 0, L_0x158e8c0; 1 drivers
v0x15782a0_4 .net v0x15782a0 4, 15 0, L_0x158f9e0; 1 drivers
v0x15782a0_5 .net v0x15782a0 5, 15 0, L_0x1590b90; 1 drivers
v0x15782a0_6 .net v0x15782a0 6, 15 0, L_0x1591f50; 1 drivers
v0x15782a0_7 .net v0x15782a0 7, 15 0, L_0x1593510; 1 drivers
v0x15782a0_8 .net v0x15782a0 8, 15 0, L_0x1594680; 1 drivers
v0x15782a0_9 .net v0x15782a0 9, 15 0, L_0x1595790; 1 drivers
v0x15782a0_10 .net v0x15782a0 10, 15 0, L_0x15968a0; 1 drivers
v0x15782a0_11 .net v0x15782a0 11, 15 0, L_0x1597dd0; 1 drivers
v0x15782a0_12 .net v0x15782a0 12, 15 0, L_0x1598ee0; 1 drivers
v0x15782a0_13 .net v0x15782a0 13, 15 0, L_0x1599ff0; 1 drivers
v0x15782a0_14 .net v0x15782a0 14, 15 0, L_0x159b100; 1 drivers
v0x15782a0_15 .net v0x15782a0 15, 15 0, L_0x159c210; 1 drivers
v0x15782a0_16 .net v0x15782a0 16, 15 0, L_0x159d370; 1 drivers
L_0x159d930 .concat [ 16 16 0 0], v0x157aec0_0, L_0x7fe3256adba8;
L_0x159d9d0 .cmp/eeq 32, L_0x159d930, L_0x7fe3256adbf0;
L_0x159dac0 .functor MUXZ 16, L_0x159d370, L_0x7fe3256adc38, L_0x159d9d0, C4<>;
L_0x159dc50 .concat [ 16 16 0 0], v0x157aec0_0, L_0x7fe3256adc80;
L_0x159dd40 .cmp/eeq 32, L_0x159dc50, L_0x7fe3256adcc8;
L_0x159de80 .functor MUXZ 16, L_0x159d190, L_0x7fe3256add10, L_0x159dd40, C4<>;
S_0x14ccaf0 .scope generate, "genblk1[1]" "genblk1[1]" 3 22, 3 22 0, S_0x1545390;
 .timescale -9 -12;
P_0x1526850 .param/l "i" 0 3 22, +C4<01>;
S_0x1536440 .scope module, "d0" "lc4_divider_one_iter" 3 23, 3 36 0, S_0x14ccaf0;
 .timescale -9 -12;
    .port_info 0 /INPUT 16 "i_dividend";
    .port_info 1 /INPUT 16 "i_divisor";
    .port_info 2 /INPUT 16 "i_remainder";
    .port_info 3 /INPUT 16 "i_quotient";
    .port_info 4 /OUTPUT 16 "o_dividend";
    .port_info 5 /OUTPUT 16 "o_remainder";
    .port_info 6 /OUTPUT 16 "o_quotient";
L_0x1548eb0 .functor OR 16, L_0x157b750, L_0x158b990, C4<0000000000000000>, C4<0000000000000000>;
L_0x7fe3256ac138 .functor BUFT 1, C4<0000000000000001>, C4<0>, C4<0>, C4<0>;
L_0x158bd00 .functor OR 16, L_0x158c0d0, L_0x7fe3256ac138, C4<0000000000000000>, C4<0000000000000000>;
v0x153bff0_0 .net *"_ivl_0", 15 0, L_0x157b750;  1 drivers
L_0x7fe3256ac060 .functor BUFT 1, C4<000000000000000>, C4<0>, C4<0>, C4<0>;
v0x153c090_0 .net *"_ivl_10", 14 0, L_0x7fe3256ac060;  1 drivers
v0x1559430_0 .net *"_ivl_18", 15 0, L_0x158bea0;  1 drivers
v0x15594f0_0 .net *"_ivl_2", 14 0, L_0x157b6b0;  1 drivers
v0x15595d0_0 .net *"_ivl_20", 14 0, L_0x158bdb0;  1 drivers
L_0x7fe3256ac0a8 .functor BUFT 1, C4<0>, C4<0>, C4<0>, C4<0>;
v0x1559700_0 .net *"_ivl_22", 0 0, L_0x7fe3256ac0a8;  1 drivers
v0x15597e0_0 .net *"_ivl_24", 15 0, L_0x158c0d0;  1 drivers
v0x15598c0_0 .net *"_ivl_26", 14 0, L_0x158c030;  1 drivers
L_0x7fe3256ac0f0 .functor BUFT 1, C4<0>, C4<0>, C4<0>, C4<0>;
v0x15599a0_0 .net *"_ivl_28", 0 0, L_0x7fe3256ac0f0;  1 drivers
v0x1559a80_0 .net/2u *"_ivl_30", 15 0, L_0x7fe3256ac138;  1 drivers
v0x1559b60_0 .net *"_ivl_32", 15 0, L_0x158bd00;  1 drivers
L_0x7fe3256ac018 .functor BUFT 1, C4<0>, C4<0>, C4<0>, C4<0>;
v0x1559c40_0 .net *"_ivl_4", 0 0, L_0x7fe3256ac018;  1 drivers
v0x1559d20_0 .net *"_ivl_40", 14 0, L_0x158c600;  1 drivers
L_0x7fe3256ac180 .functor BUFT 1, C4<0>, C4<0>, C4<0>, C4<0>;
v0x1559e00_0 .net *"_ivl_42", 0 0, L_0x7fe3256ac180;  1 drivers
v0x1559ee0_0 .net *"_ivl_6", 15 0, L_0x158b990;  1 drivers
v0x1559fc0_0 .net *"_ivl_8", 0 0, L_0x157b890;  1 drivers
v0x155a0a0_0 .net "i_dividend", 15 0, L_0x159d410;  alias, 1 drivers
v0x155a180_0 .net "i_divisor", 15 0, v0x157aec0_0;  alias, 1 drivers
v0x155a260_0 .net "i_quotient", 15 0, L_0x7fe3256adb60;  alias, 1 drivers
v0x155a340_0 .net "i_remainder", 15 0, L_0x7fe3256adb18;  alias, 1 drivers
v0x155a420_0 .net "o_dividend", 15 0, L_0x158c6a0;  alias, 1 drivers
v0x155a500_0 .net "o_quotient", 15 0, L_0x158c310;  alias, 1 drivers
v0x155a5e0_0 .net "o_remainder", 15 0, L_0x158c4a0;  alias, 1 drivers
v0x155a6c0_0 .net "r_shift", 15 0, L_0x1548eb0;  1 drivers
v0x155a7a0_0 .net "r_sub", 15 0, L_0x158bc60;  1 drivers
v0x155a880_0 .net "select", 0 0, L_0x158bb70;  1 drivers
L_0x157b6b0 .part L_0x7fe3256adb18, 0, 15;
L_0x157b750 .concat [ 1 15 0 0], L_0x7fe3256ac018, L_0x157b6b0;
L_0x157b890 .part L_0x159d410, 15, 1;
L_0x158b990 .concat [ 1 15 0 0], L_0x157b890, L_0x7fe3256ac060;
L_0x158bb70 .cmp/gt 16, v0x157aec0_0, L_0x1548eb0;
L_0x158bc60 .arith/sub 16, L_0x1548eb0, v0x157aec0_0;
L_0x158bdb0 .part L_0x7fe3256adb60, 0, 15;
L_0x158bea0 .concat [ 1 15 0 0], L_0x7fe3256ac0a8, L_0x158bdb0;
L_0x158c030 .part L_0x7fe3256adb60, 0, 15;
L_0x158c0d0 .concat [ 1 15 0 0], L_0x7fe3256ac0f0, L_0x158c030;
L_0x158c310 .functor MUXZ 16, L_0x158bd00, L_0x158bea0, L_0x158bb70, C4<>;
L_0x158c4a0 .functor MUXZ 16, L_0x158bc60, L_0x1548eb0, L_0x158bb70, C4<>;
L_0x158c600 .part L_0x159d410, 0, 15;
L_0x158c6a0 .concat [ 1 15 0 0], L_0x7fe3256ac180, L_0x158c600;
S_0x155aa20 .scope generate, "genblk1[2]" "genblk1[2]" 3 22, 3 22 0, S_0x1545390;
 .timescale -9 -12;
P_0x155abf0 .param/l "i" 0 3 22, +C4<010>;
S_0x155acb0 .scope module, "d0" "lc4_divider_one_iter" 3 23, 3 36 0, S_0x155aa20;
 .timescale -9 -12;
    .port_info 0 /INPUT 16 "i_dividend";
    .port_info 1 /INPUT 16 "i_divisor";
    .port_info 2 /INPUT 16 "i_remainder";
    .port_info 3 /INPUT 16 "i_quotient";
    .port_info 4 /OUTPUT 16 "o_dividend";
    .port_info 5 /OUTPUT 16 "o_remainder";
    .port_info 6 /OUTPUT 16 "o_quotient";
L_0x158c540 .functor OR 16, L_0x158c940, L_0x158cb60, C4<0000000000000000>, C4<0000000000000000>;
L_0x7fe3256ac2e8 .functor BUFT 1, C4<0000000000000001>, C4<0>, C4<0>, C4<0>;
L_0x158ce80 .functor OR 16, L_0x158d280, L_0x7fe3256ac2e8, C4<0000000000000000>, C4<0000000000000000>;
v0x155ae90_0 .net *"_ivl_0", 15 0, L_0x158c940;  1 drivers
L_0x7fe3256ac210 .functor BUFT 1, C4<000000000000000>, C4<0>, C4<0>, C4<0>;
v0x155af90_0 .net *"_ivl_10", 14 0, L_0x7fe3256ac210;  1 drivers
v0x155b070_0 .net *"_ivl_18", 15 0, L_0x158d0f0;  1 drivers
v0x155b130_0 .net *"_ivl_2", 14 0, L_0x158c810;  1 drivers
v0x155b210_0 .net *"_ivl_20", 14 0, L_0x158cf30;  1 drivers
L_0x7fe3256ac258 .functor BUFT 1, C4<0>, C4<0>, C4<0>, C4<0>;
v0x155b340_0 .net *"_ivl_22", 0 0, L_0x7fe3256ac258;  1 drivers
v0x155b420_0 .net *"_ivl_24", 15 0, L_0x158d280;  1 drivers
v0x155b500_0 .net *"_ivl_26", 14 0, L_0x158d1e0;  1 drivers
L_0x7fe3256ac2a0 .functor BUFT 1, C4<0>, C4<0>, C4<0>, C4<0>;
v0x155b5e0_0 .net *"_ivl_28", 0 0, L_0x7fe3256ac2a0;  1 drivers
v0x155b6c0_0 .net/2u *"_ivl_30", 15 0, L_0x7fe3256ac2e8;  1 drivers
v0x155b7a0_0 .net *"_ivl_32", 15 0, L_0x158ce80;  1 drivers
L_0x7fe3256ac1c8 .functor BUFT 1, C4<0>, C4<0>, C4<0>, C4<0>;
v0x155b880_0 .net *"_ivl_4", 0 0, L_0x7fe3256ac1c8;  1 drivers
v0x155b960_0 .net *"_ivl_40", 14 0, L_0x158d7f0;  1 drivers
L_0x7fe3256ac330 .functor BUFT 1, C4<0>, C4<0>, C4<0>, C4<0>;
v0x155ba40_0 .net *"_ivl_42", 0 0, L_0x7fe3256ac330;  1 drivers
v0x155bb20_0 .net *"_ivl_6", 15 0, L_0x158cb60;  1 drivers
v0x155bc00_0 .net *"_ivl_8", 0 0, L_0x158ca30;  1 drivers
v0x155bce0_0 .net "i_dividend", 15 0, L_0x158c6a0;  alias, 1 drivers
v0x155bda0_0 .net "i_divisor", 15 0, v0x157aec0_0;  alias, 1 drivers
v0x155be40_0 .net "i_quotient", 15 0, L_0x158c310;  alias, 1 drivers
v0x155bee0_0 .net "i_remainder", 15 0, L_0x158c4a0;  alias, 1 drivers
v0x155bf80_0 .net "o_dividend", 15 0, L_0x158d890;  alias, 1 drivers
v0x155c040_0 .net "o_quotient", 15 0, L_0x158d470;  alias, 1 drivers
v0x155c120_0 .net "o_remainder", 15 0, L_0x158d600;  alias, 1 drivers
v0x155c200_0 .net "r_shift", 15 0, L_0x158c540;  1 drivers
v0x155c2e0_0 .net "r_sub", 15 0, L_0x158cde0;  1 drivers
v0x155c3c0_0 .net "select", 0 0, L_0x158ccf0;  1 drivers
L_0x158c810 .part L_0x158c4a0, 0, 15;
L_0x158c940 .concat [ 1 15 0 0], L_0x7fe3256ac1c8, L_0x158c810;
L_0x158ca30 .part L_0x158c6a0, 15, 1;
L_0x158cb60 .concat [ 1 15 0 0], L_0x158ca30, L_0x7fe3256ac210;
L_0x158ccf0 .cmp/gt 16, v0x157aec0_0, L_0x158c540;
L_0x158cde0 .arith/sub 16, L_0x158c540, v0x157aec0_0;
L_0x158cf30 .part L_0x158c310, 0, 15;
L_0x158d0f0 .concat [ 1 15 0 0], L_0x7fe3256ac258, L_0x158cf30;
L_0x158d1e0 .part L_0x158c310, 0, 15;
L_0x158d280 .concat [ 1 15 0 0], L_0x7fe3256ac2a0, L_0x158d1e0;
L_0x158d470 .functor MUXZ 16, L_0x158ce80, L_0x158d0f0, L_0x158ccf0, C4<>;
L_0x158d600 .functor MUXZ 16, L_0x158cde0, L_0x158c540, L_0x158ccf0, C4<>;
L_0x158d7f0 .part L_0x158c6a0, 0, 15;
L_0x158d890 .concat [ 1 15 0 0], L_0x7fe3256ac330, L_0x158d7f0;
S_0x155c560 .scope generate, "genblk1[3]" "genblk1[3]" 3 22, 3 22 0, S_0x1545390;
 .timescale -9 -12;
P_0x155c740 .param/l "i" 0 3 22, +C4<011>;
S_0x155c800 .scope module, "d0" "lc4_divider_one_iter" 3 23, 3 36 0, S_0x155c560;
 .timescale -9 -12;
    .port_info 0 /INPUT 16 "i_dividend";
    .port_info 1 /INPUT 16 "i_divisor";
    .port_info 2 /INPUT 16 "i_remainder";
    .port_info 3 /INPUT 16 "i_quotient";
    .port_info 4 /OUTPUT 16 "o_dividend";
    .port_info 5 /OUTPUT 16 "o_remainder";
    .port_info 6 /OUTPUT 16 "o_quotient";
L_0x158d6a0 .functor OR 16, L_0x158db30, L_0x158dd50, C4<0000000000000000>, C4<0000000000000000>;
L_0x7fe3256ac498 .functor BUFT 1, C4<0000000000000001>, C4<0>, C4<0>, C4<0>;
L_0x158e070 .functor OR 16, L_0x158e430, L_0x7fe3256ac498, C4<0000000000000000>, C4<0000000000000000>;
v0x155ca90_0 .net *"_ivl_0", 15 0, L_0x158db30;  1 drivers
L_0x7fe3256ac3c0 .functor BUFT 1, C4<000000000000000>, C4<0>, C4<0>, C4<0>;
v0x155cb90_0 .net *"_ivl_10", 14 0, L_0x7fe3256ac3c0;  1 drivers
v0x155cc70_0 .net *"_ivl_18", 15 0, L_0x158e250;  1 drivers
v0x155cd60_0 .net *"_ivl_2", 14 0, L_0x158da00;  1 drivers
v0x155ce40_0 .net *"_ivl_20", 14 0, L_0x158e120;  1 drivers
L_0x7fe3256ac408 .functor BUFT 1, C4<0>, C4<0>, C4<0>, C4<0>;
v0x155cf70_0 .net *"_ivl_22", 0 0, L_0x7fe3256ac408;  1 drivers
v0x155d050_0 .net *"_ivl_24", 15 0, L_0x158e430;  1 drivers
v0x155d130_0 .net *"_ivl_26", 14 0, L_0x158e390;  1 drivers
L_0x7fe3256ac450 .functor BUFT 1, C4<0>, C4<0>, C4<0>, C4<0>;
v0x155d210_0 .net *"_ivl_28", 0 0, L_0x7fe3256ac450;  1 drivers
v0x155d2f0_0 .net/2u *"_ivl_30", 15 0, L_0x7fe3256ac498;  1 drivers
v0x155d3d0_0 .net *"_ivl_32", 15 0, L_0x158e070;  1 drivers
L_0x7fe3256ac378 .functor BUFT 1, C4<0>, C4<0>, C4<0>, C4<0>;
v0x155d4b0_0 .net *"_ivl_4", 0 0, L_0x7fe3256ac378;  1 drivers
v0x155d590_0 .net *"_ivl_40", 14 0, L_0x158ea20;  1 drivers
L_0x7fe3256ac4e0 .functor BUFT 1, C4<0>, C4<0>, C4<0>, C4<0>;
v0x155d670_0 .net *"_ivl_42", 0 0, L_0x7fe3256ac4e0;  1 drivers
v0x155d750_0 .net *"_ivl_6", 15 0, L_0x158dd50;  1 drivers
v0x155d830_0 .net *"_ivl_8", 0 0, L_0x158dc20;  1 drivers
v0x155d910_0 .net "i_dividend", 15 0, L_0x158d890;  alias, 1 drivers
v0x155dae0_0 .net "i_divisor", 15 0, v0x157aec0_0;  alias, 1 drivers
v0x155db80_0 .net "i_quotient", 15 0, L_0x158d470;  alias, 1 drivers
v0x155dc40_0 .net "i_remainder", 15 0, L_0x158d600;  alias, 1 drivers
v0x155dd10_0 .net "o_dividend", 15 0, L_0x158eac0;  alias, 1 drivers
v0x155ddd0_0 .net "o_quotient", 15 0, L_0x158e730;  alias, 1 drivers
v0x155deb0_0 .net "o_remainder", 15 0, L_0x158e8c0;  alias, 1 drivers
v0x155df90_0 .net "r_shift", 15 0, L_0x158d6a0;  1 drivers
v0x155e070_0 .net "r_sub", 15 0, L_0x158dfd0;  1 drivers
v0x155e150_0 .net "select", 0 0, L_0x158dee0;  1 drivers
L_0x158da00 .part L_0x158d600, 0, 15;
L_0x158db30 .concat [ 1 15 0 0], L_0x7fe3256ac378, L_0x158da00;
L_0x158dc20 .part L_0x158d890, 15, 1;
L_0x158dd50 .concat [ 1 15 0 0], L_0x158dc20, L_0x7fe3256ac3c0;
L_0x158dee0 .cmp/gt 16, v0x157aec0_0, L_0x158d6a0;
L_0x158dfd0 .arith/sub 16, L_0x158d6a0, v0x157aec0_0;
L_0x158e120 .part L_0x158d470, 0, 15;
L_0x158e250 .concat [ 1 15 0 0], L_0x7fe3256ac408, L_0x158e120;
L_0x158e390 .part L_0x158d470, 0, 15;
L_0x158e430 .concat [ 1 15 0 0], L_0x7fe3256ac450, L_0x158e390;
L_0x158e730 .functor MUXZ 16, L_0x158e070, L_0x158e250, L_0x158dee0, C4<>;
L_0x158e8c0 .functor MUXZ 16, L_0x158dfd0, L_0x158d6a0, L_0x158dee0, C4<>;
L_0x158ea20 .part L_0x158d890, 0, 15;
L_0x158eac0 .concat [ 1 15 0 0], L_0x7fe3256ac4e0, L_0x158ea20;
S_0x155e2f0 .scope generate, "genblk1[4]" "genblk1[4]" 3 22, 3 22 0, S_0x1545390;
 .timescale -9 -12;
P_0x155e4f0 .param/l "i" 0 3 22, +C4<0100>;
S_0x155e5d0 .scope module, "d0" "lc4_divider_one_iter" 3 23, 3 36 0, S_0x155e2f0;
 .timescale -9 -12;
    .port_info 0 /INPUT 16 "i_dividend";
    .port_info 1 /INPUT 16 "i_divisor";
    .port_info 2 /INPUT 16 "i_remainder";
    .port_info 3 /INPUT 16 "i_quotient";
    .port_info 4 /OUTPUT 16 "o_dividend";
    .port_info 5 /OUTPUT 16 "o_remainder";
    .port_info 6 /OUTPUT 16 "o_quotient";
L_0x158e960 .functor OR 16, L_0x158ed60, L_0x158ef80, C4<0000000000000000>, C4<0000000000000000>;
L_0x7fe3256ac648 .functor BUFT 1, C4<0000000000000001>, C4<0>, C4<0>, C4<0>;
L_0x158f2a0 .functor OR 16, L_0x158f660, L_0x7fe3256ac648, C4<0000000000000000>, C4<0000000000000000>;
v0x155e860_0 .net *"_ivl_0", 15 0, L_0x158ed60;  1 drivers
L_0x7fe3256ac570 .functor BUFT 1, C4<000000000000000>, C4<0>, C4<0>, C4<0>;
v0x155e960_0 .net *"_ivl_10", 14 0, L_0x7fe3256ac570;  1 drivers
v0x155ea40_0 .net *"_ivl_18", 15 0, L_0x158f480;  1 drivers
v0x155eb30_0 .net *"_ivl_2", 14 0, L_0x158ec30;  1 drivers
v0x155ec10_0 .net *"_ivl_20", 14 0, L_0x158f350;  1 drivers
L_0x7fe3256ac5b8 .functor BUFT 1, C4<0>, C4<0>, C4<0>, C4<0>;
v0x155ed40_0 .net *"_ivl_22", 0 0, L_0x7fe3256ac5b8;  1 drivers
v0x155ee20_0 .net *"_ivl_24", 15 0, L_0x158f660;  1 drivers
v0x155ef00_0 .net *"_ivl_26", 14 0, L_0x158f5c0;  1 drivers
L_0x7fe3256ac600 .functor BUFT 1, C4<0>, C4<0>, C4<0>, C4<0>;
v0x155efe0_0 .net *"_ivl_28", 0 0, L_0x7fe3256ac600;  1 drivers
v0x155f0c0_0 .net/2u *"_ivl_30", 15 0, L_0x7fe3256ac648;  1 drivers
v0x155f1a0_0 .net *"_ivl_32", 15 0, L_0x158f2a0;  1 drivers
L_0x7fe3256ac528 .functor BUFT 1, C4<0>, C4<0>, C4<0>, C4<0>;
v0x155f280_0 .net *"_ivl_4", 0 0, L_0x7fe3256ac528;  1 drivers
v0x155f360_0 .net *"_ivl_40", 14 0, L_0x158fbd0;  1 drivers
L_0x7fe3256ac690 .functor BUFT 1, C4<0>, C4<0>, C4<0>, C4<0>;
v0x155f440_0 .net *"_ivl_42", 0 0, L_0x7fe3256ac690;  1 drivers
v0x155f520_0 .net *"_ivl_6", 15 0, L_0x158ef80;  1 drivers
v0x155f600_0 .net *"_ivl_8", 0 0, L_0x158ee50;  1 drivers
v0x155f6e0_0 .net "i_dividend", 15 0, L_0x158eac0;  alias, 1 drivers
v0x155f8b0_0 .net "i_divisor", 15 0, v0x157aec0_0;  alias, 1 drivers
v0x155f950_0 .net "i_quotient", 15 0, L_0x158e730;  alias, 1 drivers
v0x155fa40_0 .net "i_remainder", 15 0, L_0x158e8c0;  alias, 1 drivers
v0x155fb10_0 .net "o_dividend", 15 0, L_0x158fc70;  alias, 1 drivers
v0x155fbd0_0 .net "o_quotient", 15 0, L_0x158f850;  alias, 1 drivers
v0x155fcb0_0 .net "o_remainder", 15 0, L_0x158f9e0;  alias, 1 drivers
v0x155fd90_0 .net "r_shift", 15 0, L_0x158e960;  1 drivers
v0x155fe70_0 .net "r_sub", 15 0, L_0x158f200;  1 drivers
v0x155ff50_0 .net "select", 0 0, L_0x158f110;  1 drivers
L_0x158ec30 .part L_0x158e8c0, 0, 15;
L_0x158ed60 .concat [ 1 15 0 0], L_0x7fe3256ac528, L_0x158ec30;
L_0x158ee50 .part L_0x158eac0, 15, 1;
L_0x158ef80 .concat [ 1 15 0 0], L_0x158ee50, L_0x7fe3256ac570;
L_0x158f110 .cmp/gt 16, v0x157aec0_0, L_0x158e960;
L_0x158f200 .arith/sub 16, L_0x158e960, v0x157aec0_0;
L_0x158f350 .part L_0x158e730, 0, 15;
L_0x158f480 .concat [ 1 15 0 0], L_0x7fe3256ac5b8, L_0x158f350;
L_0x158f5c0 .part L_0x158e730, 0, 15;
L_0x158f660 .concat [ 1 15 0 0], L_0x7fe3256ac600, L_0x158f5c0;
L_0x158f850 .functor MUXZ 16, L_0x158f2a0, L_0x158f480, L_0x158f110, C4<>;
L_0x158f9e0 .functor MUXZ 16, L_0x158f200, L_0x158e960, L_0x158f110, C4<>;
L_0x158fbd0 .part L_0x158eac0, 0, 15;
L_0x158fc70 .concat [ 1 15 0 0], L_0x7fe3256ac690, L_0x158fbd0;
S_0x15600f0 .scope generate, "genblk1[5]" "genblk1[5]" 3 22, 3 22 0, S_0x1545390;
 .timescale -9 -12;
P_0x15602f0 .param/l "i" 0 3 22, +C4<0101>;
S_0x15603d0 .scope module, "d0" "lc4_divider_one_iter" 3 23, 3 36 0, S_0x15600f0;
 .timescale -9 -12;
    .port_info 0 /INPUT 16 "i_dividend";
    .port_info 1 /INPUT 16 "i_divisor";
    .port_info 2 /INPUT 16 "i_remainder";
    .port_info 3 /INPUT 16 "i_quotient";
    .port_info 4 /OUTPUT 16 "o_dividend";
    .port_info 5 /OUTPUT 16 "o_remainder";
    .port_info 6 /OUTPUT 16 "o_quotient";
L_0x158fa80 .functor OR 16, L_0x158ff10, L_0x1590130, C4<0000000000000000>, C4<0000000000000000>;
L_0x7fe3256ac7f8 .functor BUFT 1, C4<0000000000000001>, C4<0>, C4<0>, C4<0>;
L_0x1590450 .functor OR 16, L_0x1590810, L_0x7fe3256ac7f8, C4<0000000000000000>, C4<0000000000000000>;
v0x1560660_0 .net *"_ivl_0", 15 0, L_0x158ff10;  1 drivers
L_0x7fe3256ac720 .functor BUFT 1, C4<000000000000000>, C4<0>, C4<0>, C4<0>;
v0x1560760_0 .net *"_ivl_10", 14 0, L_0x7fe3256ac720;  1 drivers
v0x1560840_0 .net *"_ivl_18", 15 0, L_0x1590630;  1 drivers
v0x1560900_0 .net *"_ivl_2", 14 0, L_0x158fde0;  1 drivers
v0x15609e0_0 .net *"_ivl_20", 14 0, L_0x1590500;  1 drivers
L_0x7fe3256ac768 .functor BUFT 1, C4<0>, C4<0>, C4<0>, C4<0>;
v0x1560b10_0 .net *"_ivl_22", 0 0, L_0x7fe3256ac768;  1 drivers
v0x1560bf0_0 .net *"_ivl_24", 15 0, L_0x1590810;  1 drivers
v0x1560cd0_0 .net *"_ivl_26", 14 0, L_0x1590770;  1 drivers
L_0x7fe3256ac7b0 .functor BUFT 1, C4<0>, C4<0>, C4<0>, C4<0>;
v0x1560db0_0 .net *"_ivl_28", 0 0, L_0x7fe3256ac7b0;  1 drivers
v0x1560e90_0 .net/2u *"_ivl_30", 15 0, L_0x7fe3256ac7f8;  1 drivers
v0x1560f70_0 .net *"_ivl_32", 15 0, L_0x1590450;  1 drivers
L_0x7fe3256ac6d8 .functor BUFT 1, C4<0>, C4<0>, C4<0>, C4<0>;
v0x1561050_0 .net *"_ivl_4", 0 0, L_0x7fe3256ac6d8;  1 drivers
v0x1561130_0 .net *"_ivl_40", 14 0, L_0x1590d80;  1 drivers
L_0x7fe3256ac840 .functor BUFT 1, C4<0>, C4<0>, C4<0>, C4<0>;
v0x1561210_0 .net *"_ivl_42", 0 0, L_0x7fe3256ac840;  1 drivers
v0x15612f0_0 .net *"_ivl_6", 15 0, L_0x1590130;  1 drivers
v0x15613d0_0 .net *"_ivl_8", 0 0, L_0x1590000;  1 drivers
v0x15614b0_0 .net "i_dividend", 15 0, L_0x158fc70;  alias, 1 drivers
v0x1561680_0 .net "i_divisor", 15 0, v0x157aec0_0;  alias, 1 drivers
v0x1561720_0 .net "i_quotient", 15 0, L_0x158f850;  alias, 1 drivers
v0x1561810_0 .net "i_remainder", 15 0, L_0x158f9e0;  alias, 1 drivers
v0x15618e0_0 .net "o_dividend", 15 0, L_0x1590e20;  alias, 1 drivers
v0x15619a0_0 .net "o_quotient", 15 0, L_0x1590a00;  alias, 1 drivers
v0x1561a80_0 .net "o_remainder", 15 0, L_0x1590b90;  alias, 1 drivers
v0x1561b60_0 .net "r_shift", 15 0, L_0x158fa80;  1 drivers
v0x1561c40_0 .net "r_sub", 15 0, L_0x15903b0;  1 drivers
v0x1561d20_0 .net "select", 0 0, L_0x15902c0;  1 drivers
L_0x158fde0 .part L_0x158f9e0, 0, 15;
L_0x158ff10 .concat [ 1 15 0 0], L_0x7fe3256ac6d8, L_0x158fde0;
L_0x1590000 .part L_0x158fc70, 15, 1;
L_0x1590130 .concat [ 1 15 0 0], L_0x1590000, L_0x7fe3256ac720;
L_0x15902c0 .cmp/gt 16, v0x157aec0_0, L_0x158fa80;
L_0x15903b0 .arith/sub 16, L_0x158fa80, v0x157aec0_0;
L_0x1590500 .part L_0x158f850, 0, 15;
L_0x1590630 .concat [ 1 15 0 0], L_0x7fe3256ac768, L_0x1590500;
L_0x1590770 .part L_0x158f850, 0, 15;
L_0x1590810 .concat [ 1 15 0 0], L_0x7fe3256ac7b0, L_0x1590770;
L_0x1590a00 .functor MUXZ 16, L_0x1590450, L_0x1590630, L_0x15902c0, C4<>;
L_0x1590b90 .functor MUXZ 16, L_0x15903b0, L_0x158fa80, L_0x15902c0, C4<>;
L_0x1590d80 .part L_0x158fc70, 0, 15;
L_0x1590e20 .concat [ 1 15 0 0], L_0x7fe3256ac840, L_0x1590d80;
S_0x1561ec0 .scope generate, "genblk1[6]" "genblk1[6]" 3 22, 3 22 0, S_0x1545390;
 .timescale -9 -12;
P_0x1560a80 .param/l "i" 0 3 22, +C4<0110>;
S_0x1562100 .scope module, "d0" "lc4_divider_one_iter" 3 23, 3 36 0, S_0x1561ec0;
 .timescale -9 -12;
    .port_info 0 /INPUT 16 "i_dividend";
    .port_info 1 /INPUT 16 "i_divisor";
    .port_info 2 /INPUT 16 "i_remainder";
    .port_info 3 /INPUT 16 "i_quotient";
    .port_info 4 /OUTPUT 16 "o_dividend";
    .port_info 5 /OUTPUT 16 "o_remainder";
    .port_info 6 /OUTPUT 16 "o_quotient";
L_0x1590c30 .functor OR 16, L_0x15910c0, L_0x15912e0, C4<0000000000000000>, C4<0000000000000000>;
L_0x7fe3256ac9a8 .functor BUFT 1, C4<0000000000000001>, C4<0>, C4<0>, C4<0>;
L_0x1591600 .functor OR 16, L_0x1591bd0, L_0x7fe3256ac9a8, C4<0000000000000000>, C4<0000000000000000>;
v0x1562390_0 .net *"_ivl_0", 15 0, L_0x15910c0;  1 drivers
L_0x7fe3256ac8d0 .functor BUFT 1, C4<000000000000000>, C4<0>, C4<0>, C4<0>;
v0x1562490_0 .net *"_ivl_10", 14 0, L_0x7fe3256ac8d0;  1 drivers
v0x1562570_0 .net *"_ivl_18", 15 0, L_0x15919f0;  1 drivers
v0x1562660_0 .net *"_ivl_2", 14 0, L_0x1590f90;  1 drivers
v0x1562740_0 .net *"_ivl_20", 14 0, L_0x15916b0;  1 drivers
L_0x7fe3256ac918 .functor BUFT 1, C4<0>, C4<0>, C4<0>, C4<0>;
v0x1562870_0 .net *"_ivl_22", 0 0, L_0x7fe3256ac918;  1 drivers
v0x1562950_0 .net *"_ivl_24", 15 0, L_0x1591bd0;  1 drivers
v0x1562a30_0 .net *"_ivl_26", 14 0, L_0x1591b30;  1 drivers
L_0x7fe3256ac960 .functor BUFT 1, C4<0>, C4<0>, C4<0>, C4<0>;
v0x1562b10_0 .net *"_ivl_28", 0 0, L_0x7fe3256ac960;  1 drivers
v0x1562c80_0 .net/2u *"_ivl_30", 15 0, L_0x7fe3256ac9a8;  1 drivers
v0x1562d60_0 .net *"_ivl_32", 15 0, L_0x1591600;  1 drivers
L_0x7fe3256ac888 .functor BUFT 1, C4<0>, C4<0>, C4<0>, C4<0>;
v0x1562e40_0 .net *"_ivl_4", 0 0, L_0x7fe3256ac888;  1 drivers
v0x1562f20_0 .net *"_ivl_40", 14 0, L_0x1592140;  1 drivers
L_0x7fe3256ac9f0 .functor BUFT 1, C4<0>, C4<0>, C4<0>, C4<0>;
v0x1563000_0 .net *"_ivl_42", 0 0, L_0x7fe3256ac9f0;  1 drivers
v0x15630e0_0 .net *"_ivl_6", 15 0, L_0x15912e0;  1 drivers
v0x15631c0_0 .net *"_ivl_8", 0 0, L_0x15911b0;  1 drivers
v0x15632a0_0 .net "i_dividend", 15 0, L_0x1590e20;  alias, 1 drivers
v0x1563470_0 .net "i_divisor", 15 0, v0x157aec0_0;  alias, 1 drivers
v0x1563510_0 .net "i_quotient", 15 0, L_0x1590a00;  alias, 1 drivers
v0x1563600_0 .net "i_remainder", 15 0, L_0x1590b90;  alias, 1 drivers
v0x15636d0_0 .net "o_dividend", 15 0, L_0x15921e0;  alias, 1 drivers
v0x1563790_0 .net "o_quotient", 15 0, L_0x1591dc0;  alias, 1 drivers
v0x1563870_0 .net "o_remainder", 15 0, L_0x1591f50;  alias, 1 drivers
v0x1563950_0 .net "r_shift", 15 0, L_0x1590c30;  1 drivers
v0x1563a30_0 .net "r_sub", 15 0, L_0x1591560;  1 drivers
v0x1563b10_0 .net "select", 0 0, L_0x1591470;  1 drivers
L_0x1590f90 .part L_0x1590b90, 0, 15;
L_0x15910c0 .concat [ 1 15 0 0], L_0x7fe3256ac888, L_0x1590f90;
L_0x15911b0 .part L_0x1590e20, 15, 1;
L_0x15912e0 .concat [ 1 15 0 0], L_0x15911b0, L_0x7fe3256ac8d0;
L_0x1591470 .cmp/gt 16, v0x157aec0_0, L_0x1590c30;
L_0x1591560 .arith/sub 16, L_0x1590c30, v0x157aec0_0;
L_0x15916b0 .part L_0x1590a00, 0, 15;
L_0x15919f0 .concat [ 1 15 0 0], L_0x7fe3256ac918, L_0x15916b0;
L_0x1591b30 .part L_0x1590a00, 0, 15;
L_0x1591bd0 .concat [ 1 15 0 0], L_0x7fe3256ac960, L_0x1591b30;
L_0x1591dc0 .functor MUXZ 16, L_0x1591600, L_0x15919f0, L_0x1591470, C4<>;
L_0x1591f50 .functor MUXZ 16, L_0x1591560, L_0x1590c30, L_0x1591470, C4<>;
L_0x1592140 .part L_0x1590e20, 0, 15;
L_0x15921e0 .concat [ 1 15 0 0], L_0x7fe3256ac9f0, L_0x1592140;
S_0x1563cf0 .scope generate, "genblk1[7]" "genblk1[7]" 3 22, 3 22 0, S_0x1545390;
 .timescale -9 -12;
P_0x1563ea0 .param/l "i" 0 3 22, +C4<0111>;
S_0x1563f80 .scope module, "d0" "lc4_divider_one_iter" 3 23, 3 36 0, S_0x1563cf0;
 .timescale -9 -12;
    .port_info 0 /INPUT 16 "i_dividend";
    .port_info 1 /INPUT 16 "i_divisor";
    .port_info 2 /INPUT 16 "i_remainder";
    .port_info 3 /INPUT 16 "i_quotient";
    .port_info 4 /OUTPUT 16 "o_dividend";
    .port_info 5 /OUTPUT 16 "o_remainder";
    .port_info 6 /OUTPUT 16 "o_quotient";
L_0x1591ff0 .functor OR 16, L_0x1592480, L_0x15926a0, C4<0000000000000000>, C4<0000000000000000>;
L_0x7fe3256acb58 .functor BUFT 1, C4<0000000000000001>, C4<0>, C4<0>, C4<0>;
L_0x15929c0 .functor OR 16, L_0x1593190, L_0x7fe3256acb58, C4<0000000000000000>, C4<0000000000000000>;
v0x1564210_0 .net *"_ivl_0", 15 0, L_0x1592480;  1 drivers
L_0x7fe3256aca80 .functor BUFT 1, C4<000000000000000>, C4<0>, C4<0>, C4<0>;
v0x1564310_0 .net *"_ivl_10", 14 0, L_0x7fe3256aca80;  1 drivers
v0x15643f0_0 .net *"_ivl_18", 15 0, L_0x1592fb0;  1 drivers
v0x15644e0_0 .net *"_ivl_2", 14 0, L_0x1592350;  1 drivers
v0x15645c0_0 .net *"_ivl_20", 14 0, L_0x1592e80;  1 drivers
L_0x7fe3256acac8 .functor BUFT 1, C4<0>, C4<0>, C4<0>, C4<0>;
v0x15646f0_0 .net *"_ivl_22", 0 0, L_0x7fe3256acac8;  1 drivers
v0x15647d0_0 .net *"_ivl_24", 15 0, L_0x1593190;  1 drivers
v0x15648b0_0 .net *"_ivl_26", 14 0, L_0x15930f0;  1 drivers
L_0x7fe3256acb10 .functor BUFT 1, C4<0>, C4<0>, C4<0>, C4<0>;
v0x1564990_0 .net *"_ivl_28", 0 0, L_0x7fe3256acb10;  1 drivers
v0x1564a70_0 .net/2u *"_ivl_30", 15 0, L_0x7fe3256acb58;  1 drivers
v0x1564b50_0 .net *"_ivl_32", 15 0, L_0x15929c0;  1 drivers
L_0x7fe3256aca38 .functor BUFT 1, C4<0>, C4<0>, C4<0>, C4<0>;
v0x1564c30_0 .net *"_ivl_4", 0 0, L_0x7fe3256aca38;  1 drivers
v0x1564d10_0 .net *"_ivl_40", 14 0, L_0x1593700;  1 drivers
L_0x7fe3256acba0 .functor BUFT 1, C4<0>, C4<0>, C4<0>, C4<0>;
v0x1564df0_0 .net *"_ivl_42", 0 0, L_0x7fe3256acba0;  1 drivers
v0x1564ed0_0 .net *"_ivl_6", 15 0, L_0x15926a0;  1 drivers
v0x1564fb0_0 .net *"_ivl_8", 0 0, L_0x1592570;  1 drivers
v0x1565090_0 .net "i_dividend", 15 0, L_0x15921e0;  alias, 1 drivers
v0x1565260_0 .net "i_divisor", 15 0, v0x157aec0_0;  alias, 1 drivers
v0x1565300_0 .net "i_quotient", 15 0, L_0x1591dc0;  alias, 1 drivers
v0x15653f0_0 .net "i_remainder", 15 0, L_0x1591f50;  alias, 1 drivers
v0x15654c0_0 .net "o_dividend", 15 0, L_0x15937a0;  alias, 1 drivers
v0x1565580_0 .net "o_quotient", 15 0, L_0x1593380;  alias, 1 drivers
v0x1565660_0 .net "o_remainder", 15 0, L_0x1593510;  alias, 1 drivers
v0x1565740_0 .net "r_shift", 15 0, L_0x1591ff0;  1 drivers
v0x1565820_0 .net "r_sub", 15 0, L_0x1592920;  1 drivers
v0x1565900_0 .net "select", 0 0, L_0x1592830;  1 drivers
L_0x1592350 .part L_0x1591f50, 0, 15;
L_0x1592480 .concat [ 1 15 0 0], L_0x7fe3256aca38, L_0x1592350;
L_0x1592570 .part L_0x15921e0, 15, 1;
L_0x15926a0 .concat [ 1 15 0 0], L_0x1592570, L_0x7fe3256aca80;
L_0x1592830 .cmp/gt 16, v0x157aec0_0, L_0x1591ff0;
L_0x1592920 .arith/sub 16, L_0x1591ff0, v0x157aec0_0;
L_0x1592e80 .part L_0x1591dc0, 0, 15;
L_0x1592fb0 .concat [ 1 15 0 0], L_0x7fe3256acac8, L_0x1592e80;
L_0x15930f0 .part L_0x1591dc0, 0, 15;
L_0x1593190 .concat [ 1 15 0 0], L_0x7fe3256acb10, L_0x15930f0;
L_0x1593380 .functor MUXZ 16, L_0x15929c0, L_0x1592fb0, L_0x1592830, C4<>;
L_0x1593510 .functor MUXZ 16, L_0x1592920, L_0x1591ff0, L_0x1592830, C4<>;
L_0x1593700 .part L_0x15921e0, 0, 15;
L_0x15937a0 .concat [ 1 15 0 0], L_0x7fe3256acba0, L_0x1593700;
S_0x1565ae0 .scope generate, "genblk1[8]" "genblk1[8]" 3 22, 3 22 0, S_0x1545390;
 .timescale -9 -12;
P_0x1565c90 .param/l "i" 0 3 22, +C4<01000>;
S_0x1565d70 .scope module, "d0" "lc4_divider_one_iter" 3 23, 3 36 0, S_0x1565ae0;
 .timescale -9 -12;
    .port_info 0 /INPUT 16 "i_dividend";
    .port_info 1 /INPUT 16 "i_divisor";
    .port_info 2 /INPUT 16 "i_remainder";
    .port_info 3 /INPUT 16 "i_quotient";
    .port_info 4 /OUTPUT 16 "o_dividend";
    .port_info 5 /OUTPUT 16 "o_remainder";
    .port_info 6 /OUTPUT 16 "o_quotient";
L_0x15935b0 .functor OR 16, L_0x1593a40, L_0x1593c60, C4<0000000000000000>, C4<0000000000000000>;
L_0x7fe3256acd08 .functor BUFT 1, C4<0000000000000001>, C4<0>, C4<0>, C4<0>;
L_0x1593f80 .functor OR 16, L_0x1594300, L_0x7fe3256acd08, C4<0000000000000000>, C4<0000000000000000>;
v0x1566000_0 .net *"_ivl_0", 15 0, L_0x1593a40;  1 drivers
L_0x7fe3256acc30 .functor BUFT 1, C4<000000000000000>, C4<0>, C4<0>, C4<0>;
v0x1566100_0 .net *"_ivl_10", 14 0, L_0x7fe3256acc30;  1 drivers
v0x15661e0_0 .net *"_ivl_18", 15 0, L_0x1594120;  1 drivers
v0x15662d0_0 .net *"_ivl_2", 14 0, L_0x1593910;  1 drivers
v0x15663b0_0 .net *"_ivl_20", 14 0, L_0x1593ff0;  1 drivers
L_0x7fe3256acc78 .functor BUFT 1, C4<0>, C4<0>, C4<0>, C4<0>;
v0x15664e0_0 .net *"_ivl_22", 0 0, L_0x7fe3256acc78;  1 drivers
v0x15665c0_0 .net *"_ivl_24", 15 0, L_0x1594300;  1 drivers
v0x15666a0_0 .net *"_ivl_26", 14 0, L_0x1594260;  1 drivers
L_0x7fe3256accc0 .functor BUFT 1, C4<0>, C4<0>, C4<0>, C4<0>;
v0x1566780_0 .net *"_ivl_28", 0 0, L_0x7fe3256accc0;  1 drivers
v0x1566860_0 .net/2u *"_ivl_30", 15 0, L_0x7fe3256acd08;  1 drivers
v0x1566940_0 .net *"_ivl_32", 15 0, L_0x1593f80;  1 drivers
L_0x7fe3256acbe8 .functor BUFT 1, C4<0>, C4<0>, C4<0>, C4<0>;
v0x1566a20_0 .net *"_ivl_4", 0 0, L_0x7fe3256acbe8;  1 drivers
v0x1566b00_0 .net *"_ivl_40", 14 0, L_0x1594870;  1 drivers
L_0x7fe3256acd50 .functor BUFT 1, C4<0>, C4<0>, C4<0>, C4<0>;
v0x1566be0_0 .net *"_ivl_42", 0 0, L_0x7fe3256acd50;  1 drivers
v0x1566cc0_0 .net *"_ivl_6", 15 0, L_0x1593c60;  1 drivers
v0x1566da0_0 .net *"_ivl_8", 0 0, L_0x1593b30;  1 drivers
v0x1566e80_0 .net "i_dividend", 15 0, L_0x15937a0;  alias, 1 drivers
v0x1567050_0 .net "i_divisor", 15 0, v0x157aec0_0;  alias, 1 drivers
v0x15670f0_0 .net "i_quotient", 15 0, L_0x1593380;  alias, 1 drivers
v0x15671e0_0 .net "i_remainder", 15 0, L_0x1593510;  alias, 1 drivers
v0x15672b0_0 .net "o_dividend", 15 0, L_0x1594910;  alias, 1 drivers
v0x1567370_0 .net "o_quotient", 15 0, L_0x15944f0;  alias, 1 drivers
v0x1567450_0 .net "o_remainder", 15 0, L_0x1594680;  alias, 1 drivers
v0x1567530_0 .net "r_shift", 15 0, L_0x15935b0;  1 drivers
v0x1567610_0 .net "r_sub", 15 0, L_0x1593ee0;  1 drivers
v0x15676f0_0 .net "select", 0 0, L_0x1593df0;  1 drivers
L_0x1593910 .part L_0x1593510, 0, 15;
L_0x1593a40 .concat [ 1 15 0 0], L_0x7fe3256acbe8, L_0x1593910;
L_0x1593b30 .part L_0x15937a0, 15, 1;
L_0x1593c60 .concat [ 1 15 0 0], L_0x1593b30, L_0x7fe3256acc30;
L_0x1593df0 .cmp/gt 16, v0x157aec0_0, L_0x15935b0;
L_0x1593ee0 .arith/sub 16, L_0x15935b0, v0x157aec0_0;
L_0x1593ff0 .part L_0x1593380, 0, 15;
L_0x1594120 .concat [ 1 15 0 0], L_0x7fe3256acc78, L_0x1593ff0;
L_0x1594260 .part L_0x1593380, 0, 15;
L_0x1594300 .concat [ 1 15 0 0], L_0x7fe3256accc0, L_0x1594260;
L_0x15944f0 .functor MUXZ 16, L_0x1593f80, L_0x1594120, L_0x1593df0, C4<>;
L_0x1594680 .functor MUXZ 16, L_0x1593ee0, L_0x15935b0, L_0x1593df0, C4<>;
L_0x1594870 .part L_0x15937a0, 0, 15;
L_0x1594910 .concat [ 1 15 0 0], L_0x7fe3256acd50, L_0x1594870;
S_0x15678d0 .scope generate, "genblk1[9]" "genblk1[9]" 3 22, 3 22 0, S_0x1545390;
 .timescale -9 -12;
P_0x15602a0 .param/l "i" 0 3 22, +C4<01001>;
S_0x1567b10 .scope module, "d0" "lc4_divider_one_iter" 3 23, 3 36 0, S_0x15678d0;
 .timescale -9 -12;
    .port_info 0 /INPUT 16 "i_dividend";
    .port_info 1 /INPUT 16 "i_divisor";
    .port_info 2 /INPUT 16 "i_remainder";
    .port_info 3 /INPUT 16 "i_quotient";
    .port_info 4 /OUTPUT 16 "o_dividend";
    .port_info 5 /OUTPUT 16 "o_remainder";
    .port_info 6 /OUTPUT 16 "o_quotient";
L_0x1594720 .functor OR 16, L_0x1594bb0, L_0x1594dd0, C4<0000000000000000>, C4<0000000000000000>;
L_0x7fe3256aceb8 .functor BUFT 1, C4<0000000000000001>, C4<0>, C4<0>, C4<0>;
L_0x15950f0 .functor OR 16, L_0x1595470, L_0x7fe3256aceb8, C4<0000000000000000>, C4<0000000000000000>;
v0x1567da0_0 .net *"_ivl_0", 15 0, L_0x1594bb0;  1 drivers
L_0x7fe3256acde0 .functor BUFT 1, C4<000000000000000>, C4<0>, C4<0>, C4<0>;
v0x1567ea0_0 .net *"_ivl_10", 14 0, L_0x7fe3256acde0;  1 drivers
v0x1567f80_0 .net *"_ivl_18", 15 0, L_0x1595290;  1 drivers
v0x1568070_0 .net *"_ivl_2", 14 0, L_0x1594a80;  1 drivers
v0x1568150_0 .net *"_ivl_20", 14 0, L_0x1595160;  1 drivers
L_0x7fe3256ace28 .functor BUFT 1, C4<0>, C4<0>, C4<0>, C4<0>;
v0x1568280_0 .net *"_ivl_22", 0 0, L_0x7fe3256ace28;  1 drivers
v0x1568360_0 .net *"_ivl_24", 15 0, L_0x1595470;  1 drivers
v0x1568440_0 .net *"_ivl_26", 14 0, L_0x15953d0;  1 drivers
L_0x7fe3256ace70 .functor BUFT 1, C4<0>, C4<0>, C4<0>, C4<0>;
v0x1568520_0 .net *"_ivl_28", 0 0, L_0x7fe3256ace70;  1 drivers
v0x1568690_0 .net/2u *"_ivl_30", 15 0, L_0x7fe3256aceb8;  1 drivers
v0x1568770_0 .net *"_ivl_32", 15 0, L_0x15950f0;  1 drivers
L_0x7fe3256acd98 .functor BUFT 1, C4<0>, C4<0>, C4<0>, C4<0>;
v0x1568850_0 .net *"_ivl_4", 0 0, L_0x7fe3256acd98;  1 drivers
v0x1568930_0 .net *"_ivl_40", 14 0, L_0x1595980;  1 drivers
L_0x7fe3256acf00 .functor BUFT 1, C4<0>, C4<0>, C4<0>, C4<0>;
v0x1568a10_0 .net *"_ivl_42", 0 0, L_0x7fe3256acf00;  1 drivers
v0x1568af0_0 .net *"_ivl_6", 15 0, L_0x1594dd0;  1 drivers
v0x1568bd0_0 .net *"_ivl_8", 0 0, L_0x1594ca0;  1 drivers
v0x1568cb0_0 .net "i_dividend", 15 0, L_0x1594910;  alias, 1 drivers
v0x1568e80_0 .net "i_divisor", 15 0, v0x157aec0_0;  alias, 1 drivers
v0x1569030_0 .net "i_quotient", 15 0, L_0x15944f0;  alias, 1 drivers
v0x1569120_0 .net "i_remainder", 15 0, L_0x1594680;  alias, 1 drivers
v0x15691f0_0 .net "o_dividend", 15 0, L_0x1595a20;  alias, 1 drivers
v0x15692b0_0 .net "o_quotient", 15 0, L_0x1595600;  alias, 1 drivers
v0x1569390_0 .net "o_remainder", 15 0, L_0x1595790;  alias, 1 drivers
v0x1569470_0 .net "r_shift", 15 0, L_0x1594720;  1 drivers
v0x1569550_0 .net "r_sub", 15 0, L_0x1595050;  1 drivers
v0x1569630_0 .net "select", 0 0, L_0x1594f60;  1 drivers
L_0x1594a80 .part L_0x1594680, 0, 15;
L_0x1594bb0 .concat [ 1 15 0 0], L_0x7fe3256acd98, L_0x1594a80;
L_0x1594ca0 .part L_0x1594910, 15, 1;
L_0x1594dd0 .concat [ 1 15 0 0], L_0x1594ca0, L_0x7fe3256acde0;
L_0x1594f60 .cmp/gt 16, v0x157aec0_0, L_0x1594720;
L_0x1595050 .arith/sub 16, L_0x1594720, v0x157aec0_0;
L_0x1595160 .part L_0x15944f0, 0, 15;
L_0x1595290 .concat [ 1 15 0 0], L_0x7fe3256ace28, L_0x1595160;
L_0x15953d0 .part L_0x15944f0, 0, 15;
L_0x1595470 .concat [ 1 15 0 0], L_0x7fe3256ace70, L_0x15953d0;
L_0x1595600 .functor MUXZ 16, L_0x15950f0, L_0x1595290, L_0x1594f60, C4<>;
L_0x1595790 .functor MUXZ 16, L_0x1595050, L_0x1594720, L_0x1594f60, C4<>;
L_0x1595980 .part L_0x1594910, 0, 15;
L_0x1595a20 .concat [ 1 15 0 0], L_0x7fe3256acf00, L_0x1595980;
S_0x1569810 .scope generate, "genblk1[10]" "genblk1[10]" 3 22, 3 22 0, S_0x1545390;
 .timescale -9 -12;
P_0x15699c0 .param/l "i" 0 3 22, +C4<01010>;
S_0x1569aa0 .scope module, "d0" "lc4_divider_one_iter" 3 23, 3 36 0, S_0x1569810;
 .timescale -9 -12;
    .port_info 0 /INPUT 16 "i_dividend";
    .port_info 1 /INPUT 16 "i_divisor";
    .port_info 2 /INPUT 16 "i_remainder";
    .port_info 3 /INPUT 16 "i_quotient";
    .port_info 4 /OUTPUT 16 "o_dividend";
    .port_info 5 /OUTPUT 16 "o_remainder";
    .port_info 6 /OUTPUT 16 "o_quotient";
L_0x1595830 .functor OR 16, L_0x1595cc0, L_0x1595ee0, C4<0000000000000000>, C4<0000000000000000>;
L_0x7fe3256ad068 .functor BUFT 1, C4<0000000000000001>, C4<0>, C4<0>, C4<0>;
L_0x1596200 .functor OR 16, L_0x1596580, L_0x7fe3256ad068, C4<0000000000000000>, C4<0000000000000000>;
v0x1569d30_0 .net *"_ivl_0", 15 0, L_0x1595cc0;  1 drivers
L_0x7fe3256acf90 .functor BUFT 1, C4<000000000000000>, C4<0>, C4<0>, C4<0>;
v0x1569e30_0 .net *"_ivl_10", 14 0, L_0x7fe3256acf90;  1 drivers
v0x1569f10_0 .net *"_ivl_18", 15 0, L_0x15963a0;  1 drivers
v0x156a000_0 .net *"_ivl_2", 14 0, L_0x1595b90;  1 drivers
v0x156a0e0_0 .net *"_ivl_20", 14 0, L_0x1596270;  1 drivers
L_0x7fe3256acfd8 .functor BUFT 1, C4<0>, C4<0>, C4<0>, C4<0>;
v0x156a210_0 .net *"_ivl_22", 0 0, L_0x7fe3256acfd8;  1 drivers
v0x156a2f0_0 .net *"_ivl_24", 15 0, L_0x1596580;  1 drivers
v0x156a3d0_0 .net *"_ivl_26", 14 0, L_0x15964e0;  1 drivers
L_0x7fe3256ad020 .functor BUFT 1, C4<0>, C4<0>, C4<0>, C4<0>;
v0x156a4b0_0 .net *"_ivl_28", 0 0, L_0x7fe3256ad020;  1 drivers
v0x156a590_0 .net/2u *"_ivl_30", 15 0, L_0x7fe3256ad068;  1 drivers
v0x156a670_0 .net *"_ivl_32", 15 0, L_0x1596200;  1 drivers
L_0x7fe3256acf48 .functor BUFT 1, C4<0>, C4<0>, C4<0>, C4<0>;
v0x156a750_0 .net *"_ivl_4", 0 0, L_0x7fe3256acf48;  1 drivers
v0x156a830_0 .net *"_ivl_40", 14 0, L_0x1596a90;  1 drivers
L_0x7fe3256ad0b0 .functor BUFT 1, C4<0>, C4<0>, C4<0>, C4<0>;
v0x156a910_0 .net *"_ivl_42", 0 0, L_0x7fe3256ad0b0;  1 drivers
v0x156a9f0_0 .net *"_ivl_6", 15 0, L_0x1595ee0;  1 drivers
v0x156aad0_0 .net *"_ivl_8", 0 0, L_0x1595db0;  1 drivers
v0x156abb0_0 .net "i_dividend", 15 0, L_0x1595a20;  alias, 1 drivers
v0x156ad80_0 .net "i_divisor", 15 0, v0x157aec0_0;  alias, 1 drivers
v0x156ae20_0 .net "i_quotient", 15 0, L_0x1595600;  alias, 1 drivers
v0x156af10_0 .net "i_remainder", 15 0, L_0x1595790;  alias, 1 drivers
v0x156afe0_0 .net "o_dividend", 15 0, L_0x1596b30;  alias, 1 drivers
v0x156b0a0_0 .net "o_quotient", 15 0, L_0x1596710;  alias, 1 drivers
v0x156b180_0 .net "o_remainder", 15 0, L_0x15968a0;  alias, 1 drivers
v0x156b260_0 .net "r_shift", 15 0, L_0x1595830;  1 drivers
v0x156b340_0 .net "r_sub", 15 0, L_0x1596160;  1 drivers
v0x156b420_0 .net "select", 0 0, L_0x1596070;  1 drivers
L_0x1595b90 .part L_0x1595790, 0, 15;
L_0x1595cc0 .concat [ 1 15 0 0], L_0x7fe3256acf48, L_0x1595b90;
L_0x1595db0 .part L_0x1595a20, 15, 1;
L_0x1595ee0 .concat [ 1 15 0 0], L_0x1595db0, L_0x7fe3256acf90;
L_0x1596070 .cmp/gt 16, v0x157aec0_0, L_0x1595830;
L_0x1596160 .arith/sub 16, L_0x1595830, v0x157aec0_0;
L_0x1596270 .part L_0x1595600, 0, 15;
L_0x15963a0 .concat [ 1 15 0 0], L_0x7fe3256acfd8, L_0x1596270;
L_0x15964e0 .part L_0x1595600, 0, 15;
L_0x1596580 .concat [ 1 15 0 0], L_0x7fe3256ad020, L_0x15964e0;
L_0x1596710 .functor MUXZ 16, L_0x1596200, L_0x15963a0, L_0x1596070, C4<>;
L_0x15968a0 .functor MUXZ 16, L_0x1596160, L_0x1595830, L_0x1596070, C4<>;
L_0x1596a90 .part L_0x1595a20, 0, 15;
L_0x1596b30 .concat [ 1 15 0 0], L_0x7fe3256ad0b0, L_0x1596a90;
S_0x156b600 .scope generate, "genblk1[11]" "genblk1[11]" 3 22, 3 22 0, S_0x1545390;
 .timescale -9 -12;
P_0x156b7b0 .param/l "i" 0 3 22, +C4<01011>;
S_0x156b890 .scope module, "d0" "lc4_divider_one_iter" 3 23, 3 36 0, S_0x156b600;
 .timescale -9 -12;
    .port_info 0 /INPUT 16 "i_dividend";
    .port_info 1 /INPUT 16 "i_divisor";
    .port_info 2 /INPUT 16 "i_remainder";
    .port_info 3 /INPUT 16 "i_quotient";
    .port_info 4 /OUTPUT 16 "o_dividend";
    .port_info 5 /OUTPUT 16 "o_remainder";
    .port_info 6 /OUTPUT 16 "o_quotient";
L_0x1596940 .functor OR 16, L_0x1596dd0, L_0x1596ff0, C4<0000000000000000>, C4<0000000000000000>;
L_0x7fe3256ad218 .functor BUFT 1, C4<0000000000000001>, C4<0>, C4<0>, C4<0>;
L_0x15972c0 .functor OR 16, L_0x1597640, L_0x7fe3256ad218, C4<0000000000000000>, C4<0000000000000000>;
v0x156bb20_0 .net *"_ivl_0", 15 0, L_0x1596dd0;  1 drivers
L_0x7fe3256ad140 .functor BUFT 1, C4<000000000000000>, C4<0>, C4<0>, C4<0>;
v0x156bc20_0 .net *"_ivl_10", 14 0, L_0x7fe3256ad140;  1 drivers
v0x156bd00_0 .net *"_ivl_18", 15 0, L_0x1597460;  1 drivers
v0x156bdf0_0 .net *"_ivl_2", 14 0, L_0x1596ca0;  1 drivers
v0x156bed0_0 .net *"_ivl_20", 14 0, L_0x1597330;  1 drivers
L_0x7fe3256ad188 .functor BUFT 1, C4<0>, C4<0>, C4<0>, C4<0>;
v0x156c000_0 .net *"_ivl_22", 0 0, L_0x7fe3256ad188;  1 drivers
v0x156c0e0_0 .net *"_ivl_24", 15 0, L_0x1597640;  1 drivers
v0x156c1c0_0 .net *"_ivl_26", 14 0, L_0x15975a0;  1 drivers
L_0x7fe3256ad1d0 .functor BUFT 1, C4<0>, C4<0>, C4<0>, C4<0>;
v0x156c2a0_0 .net *"_ivl_28", 0 0, L_0x7fe3256ad1d0;  1 drivers
v0x156c380_0 .net/2u *"_ivl_30", 15 0, L_0x7fe3256ad218;  1 drivers
v0x156c460_0 .net *"_ivl_32", 15 0, L_0x15972c0;  1 drivers
L_0x7fe3256ad0f8 .functor BUFT 1, C4<0>, C4<0>, C4<0>, C4<0>;
v0x156c540_0 .net *"_ivl_4", 0 0, L_0x7fe3256ad0f8;  1 drivers
v0x156c620_0 .net *"_ivl_40", 14 0, L_0x1597fc0;  1 drivers
L_0x7fe3256ad260 .functor BUFT 1, C4<0>, C4<0>, C4<0>, C4<0>;
v0x156c700_0 .net *"_ivl_42", 0 0, L_0x7fe3256ad260;  1 drivers
v0x156c7e0_0 .net *"_ivl_6", 15 0, L_0x1596ff0;  1 drivers
v0x156c8c0_0 .net *"_ivl_8", 0 0, L_0x1596ec0;  1 drivers
v0x156c9a0_0 .net "i_dividend", 15 0, L_0x1596b30;  alias, 1 drivers
v0x156cb70_0 .net "i_divisor", 15 0, v0x157aec0_0;  alias, 1 drivers
v0x156cc10_0 .net "i_quotient", 15 0, L_0x1596710;  alias, 1 drivers
v0x156cd00_0 .net "i_remainder", 15 0, L_0x15968a0;  alias, 1 drivers
v0x156cdd0_0 .net "o_dividend", 15 0, L_0x1598060;  alias, 1 drivers
v0x156ce90_0 .net "o_quotient", 15 0, L_0x1597c40;  alias, 1 drivers
v0x156cf70_0 .net "o_remainder", 15 0, L_0x1597dd0;  alias, 1 drivers
v0x156d050_0 .net "r_shift", 15 0, L_0x1596940;  1 drivers
v0x156d130_0 .net "r_sub", 15 0, L_0x1597220;  1 drivers
v0x156d210_0 .net "select", 0 0, L_0x1597130;  1 drivers
L_0x1596ca0 .part L_0x15968a0, 0, 15;
L_0x1596dd0 .concat [ 1 15 0 0], L_0x7fe3256ad0f8, L_0x1596ca0;
L_0x1596ec0 .part L_0x1596b30, 15, 1;
L_0x1596ff0 .concat [ 1 15 0 0], L_0x1596ec0, L_0x7fe3256ad140;
L_0x1597130 .cmp/gt 16, v0x157aec0_0, L_0x1596940;
L_0x1597220 .arith/sub 16, L_0x1596940, v0x157aec0_0;
L_0x1597330 .part L_0x1596710, 0, 15;
L_0x1597460 .concat [ 1 15 0 0], L_0x7fe3256ad188, L_0x1597330;
L_0x15975a0 .part L_0x1596710, 0, 15;
L_0x1597640 .concat [ 1 15 0 0], L_0x7fe3256ad1d0, L_0x15975a0;
L_0x1597c40 .functor MUXZ 16, L_0x15972c0, L_0x1597460, L_0x1597130, C4<>;
L_0x1597dd0 .functor MUXZ 16, L_0x1597220, L_0x1596940, L_0x1597130, C4<>;
L_0x1597fc0 .part L_0x1596b30, 0, 15;
L_0x1598060 .concat [ 1 15 0 0], L_0x7fe3256ad260, L_0x1597fc0;
S_0x156d3f0 .scope generate, "genblk1[12]" "genblk1[12]" 3 22, 3 22 0, S_0x1545390;
 .timescale -9 -12;
P_0x156d5a0 .param/l "i" 0 3 22, +C4<01100>;
S_0x156d680 .scope module, "d0" "lc4_divider_one_iter" 3 23, 3 36 0, S_0x156d3f0;
 .timescale -9 -12;
    .port_info 0 /INPUT 16 "i_dividend";
    .port_info 1 /INPUT 16 "i_divisor";
    .port_info 2 /INPUT 16 "i_remainder";
    .port_info 3 /INPUT 16 "i_quotient";
    .port_info 4 /OUTPUT 16 "o_dividend";
    .port_info 5 /OUTPUT 16 "o_remainder";
    .port_info 6 /OUTPUT 16 "o_quotient";
L_0x1597e70 .functor OR 16, L_0x1598300, L_0x1598520, C4<0000000000000000>, C4<0000000000000000>;
L_0x7fe3256ad3c8 .functor BUFT 1, C4<0000000000000001>, C4<0>, C4<0>, C4<0>;
L_0x1598840 .functor OR 16, L_0x1598bc0, L_0x7fe3256ad3c8, C4<0000000000000000>, C4<0000000000000000>;
v0x156d910_0 .net *"_ivl_0", 15 0, L_0x1598300;  1 drivers
L_0x7fe3256ad2f0 .functor BUFT 1, C4<000000000000000>, C4<0>, C4<0>, C4<0>;
v0x156da10_0 .net *"_ivl_10", 14 0, L_0x7fe3256ad2f0;  1 drivers
v0x156daf0_0 .net *"_ivl_18", 15 0, L_0x15989e0;  1 drivers
v0x156dbe0_0 .net *"_ivl_2", 14 0, L_0x15981d0;  1 drivers
v0x156dcc0_0 .net *"_ivl_20", 14 0, L_0x15988b0;  1 drivers
L_0x7fe3256ad338 .functor BUFT 1, C4<0>, C4<0>, C4<0>, C4<0>;
v0x156ddf0_0 .net *"_ivl_22", 0 0, L_0x7fe3256ad338;  1 drivers
v0x156ded0_0 .net *"_ivl_24", 15 0, L_0x1598bc0;  1 drivers
v0x156dfb0_0 .net *"_ivl_26", 14 0, L_0x1598b20;  1 drivers
L_0x7fe3256ad380 .functor BUFT 1, C4<0>, C4<0>, C4<0>, C4<0>;
v0x156e090_0 .net *"_ivl_28", 0 0, L_0x7fe3256ad380;  1 drivers
v0x156e170_0 .net/2u *"_ivl_30", 15 0, L_0x7fe3256ad3c8;  1 drivers
v0x156e250_0 .net *"_ivl_32", 15 0, L_0x1598840;  1 drivers
L_0x7fe3256ad2a8 .functor BUFT 1, C4<0>, C4<0>, C4<0>, C4<0>;
v0x156e330_0 .net *"_ivl_4", 0 0, L_0x7fe3256ad2a8;  1 drivers
v0x156e410_0 .net *"_ivl_40", 14 0, L_0x15990d0;  1 drivers
L_0x7fe3256ad410 .functor BUFT 1, C4<0>, C4<0>, C4<0>, C4<0>;
v0x156e4f0_0 .net *"_ivl_42", 0 0, L_0x7fe3256ad410;  1 drivers
v0x156e5d0_0 .net *"_ivl_6", 15 0, L_0x1598520;  1 drivers
v0x156e6b0_0 .net *"_ivl_8", 0 0, L_0x15983f0;  1 drivers
v0x156e790_0 .net "i_dividend", 15 0, L_0x1598060;  alias, 1 drivers
v0x156e960_0 .net "i_divisor", 15 0, v0x157aec0_0;  alias, 1 drivers
v0x156ea00_0 .net "i_quotient", 15 0, L_0x1597c40;  alias, 1 drivers
v0x156eaf0_0 .net "i_remainder", 15 0, L_0x1597dd0;  alias, 1 drivers
v0x156ebc0_0 .net "o_dividend", 15 0, L_0x1599170;  alias, 1 drivers
v0x156ec80_0 .net "o_quotient", 15 0, L_0x1598d50;  alias, 1 drivers
v0x156ed60_0 .net "o_remainder", 15 0, L_0x1598ee0;  alias, 1 drivers
v0x156ee40_0 .net "r_shift", 15 0, L_0x1597e70;  1 drivers
v0x156ef20_0 .net "r_sub", 15 0, L_0x15987a0;  1 drivers
v0x156f000_0 .net "select", 0 0, L_0x15986b0;  1 drivers
L_0x15981d0 .part L_0x1597dd0, 0, 15;
L_0x1598300 .concat [ 1 15 0 0], L_0x7fe3256ad2a8, L_0x15981d0;
L_0x15983f0 .part L_0x1598060, 15, 1;
L_0x1598520 .concat [ 1 15 0 0], L_0x15983f0, L_0x7fe3256ad2f0;
L_0x15986b0 .cmp/gt 16, v0x157aec0_0, L_0x1597e70;
L_0x15987a0 .arith/sub 16, L_0x1597e70, v0x157aec0_0;
L_0x15988b0 .part L_0x1597c40, 0, 15;
L_0x15989e0 .concat [ 1 15 0 0], L_0x7fe3256ad338, L_0x15988b0;
L_0x1598b20 .part L_0x1597c40, 0, 15;
L_0x1598bc0 .concat [ 1 15 0 0], L_0x7fe3256ad380, L_0x1598b20;
L_0x1598d50 .functor MUXZ 16, L_0x1598840, L_0x15989e0, L_0x15986b0, C4<>;
L_0x1598ee0 .functor MUXZ 16, L_0x15987a0, L_0x1597e70, L_0x15986b0, C4<>;
L_0x15990d0 .part L_0x1598060, 0, 15;
L_0x1599170 .concat [ 1 15 0 0], L_0x7fe3256ad410, L_0x15990d0;
S_0x156f1e0 .scope generate, "genblk1[13]" "genblk1[13]" 3 22, 3 22 0, S_0x1545390;
 .timescale -9 -12;
P_0x156f390 .param/l "i" 0 3 22, +C4<01101>;
S_0x156f470 .scope module, "d0" "lc4_divider_one_iter" 3 23, 3 36 0, S_0x156f1e0;
 .timescale -9 -12;
    .port_info 0 /INPUT 16 "i_dividend";
    .port_info 1 /INPUT 16 "i_divisor";
    .port_info 2 /INPUT 16 "i_remainder";
    .port_info 3 /INPUT 16 "i_quotient";
    .port_info 4 /OUTPUT 16 "o_dividend";
    .port_info 5 /OUTPUT 16 "o_remainder";
    .port_info 6 /OUTPUT 16 "o_quotient";
L_0x1598f80 .functor OR 16, L_0x1599410, L_0x1599630, C4<0000000000000000>, C4<0000000000000000>;
L_0x7fe3256ad578 .functor BUFT 1, C4<0000000000000001>, C4<0>, C4<0>, C4<0>;
L_0x1599950 .functor OR 16, L_0x1599cd0, L_0x7fe3256ad578, C4<0000000000000000>, C4<0000000000000000>;
v0x156f700_0 .net *"_ivl_0", 15 0, L_0x1599410;  1 drivers
L_0x7fe3256ad4a0 .functor BUFT 1, C4<000000000000000>, C4<0>, C4<0>, C4<0>;
v0x156f800_0 .net *"_ivl_10", 14 0, L_0x7fe3256ad4a0;  1 drivers
v0x156f8e0_0 .net *"_ivl_18", 15 0, L_0x1599af0;  1 drivers
v0x156f9d0_0 .net *"_ivl_2", 14 0, L_0x15992e0;  1 drivers
v0x156fab0_0 .net *"_ivl_20", 14 0, L_0x15999c0;  1 drivers
L_0x7fe3256ad4e8 .functor BUFT 1, C4<0>, C4<0>, C4<0>, C4<0>;
v0x156fbe0_0 .net *"_ivl_22", 0 0, L_0x7fe3256ad4e8;  1 drivers
v0x156fcc0_0 .net *"_ivl_24", 15 0, L_0x1599cd0;  1 drivers
v0x156fda0_0 .net *"_ivl_26", 14 0, L_0x1599c30;  1 drivers
L_0x7fe3256ad530 .functor BUFT 1, C4<0>, C4<0>, C4<0>, C4<0>;
v0x156fe80_0 .net *"_ivl_28", 0 0, L_0x7fe3256ad530;  1 drivers
v0x156ff60_0 .net/2u *"_ivl_30", 15 0, L_0x7fe3256ad578;  1 drivers
v0x1570040_0 .net *"_ivl_32", 15 0, L_0x1599950;  1 drivers
L_0x7fe3256ad458 .functor BUFT 1, C4<0>, C4<0>, C4<0>, C4<0>;
v0x1570120_0 .net *"_ivl_4", 0 0, L_0x7fe3256ad458;  1 drivers
v0x1570200_0 .net *"_ivl_40", 14 0, L_0x159a1e0;  1 drivers
L_0x7fe3256ad5c0 .functor BUFT 1, C4<0>, C4<0>, C4<0>, C4<0>;
v0x15702e0_0 .net *"_ivl_42", 0 0, L_0x7fe3256ad5c0;  1 drivers
v0x15703c0_0 .net *"_ivl_6", 15 0, L_0x1599630;  1 drivers
v0x15704a0_0 .net *"_ivl_8", 0 0, L_0x1599500;  1 drivers
v0x1570580_0 .net "i_dividend", 15 0, L_0x1599170;  alias, 1 drivers
v0x1570750_0 .net "i_divisor", 15 0, v0x157aec0_0;  alias, 1 drivers
v0x15707f0_0 .net "i_quotient", 15 0, L_0x1598d50;  alias, 1 drivers
v0x15708e0_0 .net "i_remainder", 15 0, L_0x1598ee0;  alias, 1 drivers
v0x15709b0_0 .net "o_dividend", 15 0, L_0x159a280;  alias, 1 drivers
v0x1570a70_0 .net "o_quotient", 15 0, L_0x1599e60;  alias, 1 drivers
v0x1570b50_0 .net "o_remainder", 15 0, L_0x1599ff0;  alias, 1 drivers
v0x1570c30_0 .net "r_shift", 15 0, L_0x1598f80;  1 drivers
v0x1570d10_0 .net "r_sub", 15 0, L_0x15998b0;  1 drivers
v0x1570df0_0 .net "select", 0 0, L_0x15997c0;  1 drivers
L_0x15992e0 .part L_0x1598ee0, 0, 15;
L_0x1599410 .concat [ 1 15 0 0], L_0x7fe3256ad458, L_0x15992e0;
L_0x1599500 .part L_0x1599170, 15, 1;
L_0x1599630 .concat [ 1 15 0 0], L_0x1599500, L_0x7fe3256ad4a0;
L_0x15997c0 .cmp/gt 16, v0x157aec0_0, L_0x1598f80;
L_0x15998b0 .arith/sub 16, L_0x1598f80, v0x157aec0_0;
L_0x15999c0 .part L_0x1598d50, 0, 15;
L_0x1599af0 .concat [ 1 15 0 0], L_0x7fe3256ad4e8, L_0x15999c0;
L_0x1599c30 .part L_0x1598d50, 0, 15;
L_0x1599cd0 .concat [ 1 15 0 0], L_0x7fe3256ad530, L_0x1599c30;
L_0x1599e60 .functor MUXZ 16, L_0x1599950, L_0x1599af0, L_0x15997c0, C4<>;
L_0x1599ff0 .functor MUXZ 16, L_0x15998b0, L_0x1598f80, L_0x15997c0, C4<>;
L_0x159a1e0 .part L_0x1599170, 0, 15;
L_0x159a280 .concat [ 1 15 0 0], L_0x7fe3256ad5c0, L_0x159a1e0;
S_0x1570fd0 .scope generate, "genblk1[14]" "genblk1[14]" 3 22, 3 22 0, S_0x1545390;
 .timescale -9 -12;
P_0x1571180 .param/l "i" 0 3 22, +C4<01110>;
S_0x1571260 .scope module, "d0" "lc4_divider_one_iter" 3 23, 3 36 0, S_0x1570fd0;
 .timescale -9 -12;
    .port_info 0 /INPUT 16 "i_dividend";
    .port_info 1 /INPUT 16 "i_divisor";
    .port_info 2 /INPUT 16 "i_remainder";
    .port_info 3 /INPUT 16 "i_quotient";
    .port_info 4 /OUTPUT 16 "o_dividend";
    .port_info 5 /OUTPUT 16 "o_remainder";
    .port_info 6 /OUTPUT 16 "o_quotient";
L_0x159a090 .functor OR 16, L_0x159a520, L_0x159a740, C4<0000000000000000>, C4<0000000000000000>;
L_0x7fe3256ad728 .functor BUFT 1, C4<0000000000000001>, C4<0>, C4<0>, C4<0>;
L_0x159aa60 .functor OR 16, L_0x159ade0, L_0x7fe3256ad728, C4<0000000000000000>, C4<0000000000000000>;
v0x15714f0_0 .net *"_ivl_0", 15 0, L_0x159a520;  1 drivers
L_0x7fe3256ad650 .functor BUFT 1, C4<000000000000000>, C4<0>, C4<0>, C4<0>;
v0x15715f0_0 .net *"_ivl_10", 14 0, L_0x7fe3256ad650;  1 drivers
v0x15716d0_0 .net *"_ivl_18", 15 0, L_0x159ac00;  1 drivers
v0x15717c0_0 .net *"_ivl_2", 14 0, L_0x159a3f0;  1 drivers
v0x15718a0_0 .net *"_ivl_20", 14 0, L_0x159aad0;  1 drivers
L_0x7fe3256ad698 .functor BUFT 1, C4<0>, C4<0>, C4<0>, C4<0>;
v0x15719d0_0 .net *"_ivl_22", 0 0, L_0x7fe3256ad698;  1 drivers
v0x1571ab0_0 .net *"_ivl_24", 15 0, L_0x159ade0;  1 drivers
v0x1571b90_0 .net *"_ivl_26", 14 0, L_0x159ad40;  1 drivers
L_0x7fe3256ad6e0 .functor BUFT 1, C4<0>, C4<0>, C4<0>, C4<0>;
v0x1571c70_0 .net *"_ivl_28", 0 0, L_0x7fe3256ad6e0;  1 drivers
v0x1571d50_0 .net/2u *"_ivl_30", 15 0, L_0x7fe3256ad728;  1 drivers
v0x1571e30_0 .net *"_ivl_32", 15 0, L_0x159aa60;  1 drivers
L_0x7fe3256ad608 .functor BUFT 1, C4<0>, C4<0>, C4<0>, C4<0>;
v0x1571f10_0 .net *"_ivl_4", 0 0, L_0x7fe3256ad608;  1 drivers
v0x1571ff0_0 .net *"_ivl_40", 14 0, L_0x159b2f0;  1 drivers
L_0x7fe3256ad770 .functor BUFT 1, C4<0>, C4<0>, C4<0>, C4<0>;
v0x15720d0_0 .net *"_ivl_42", 0 0, L_0x7fe3256ad770;  1 drivers
v0x15721b0_0 .net *"_ivl_6", 15 0, L_0x159a740;  1 drivers
v0x1572290_0 .net *"_ivl_8", 0 0, L_0x159a610;  1 drivers
v0x1572370_0 .net "i_dividend", 15 0, L_0x159a280;  alias, 1 drivers
v0x1572540_0 .net "i_divisor", 15 0, v0x157aec0_0;  alias, 1 drivers
v0x15725e0_0 .net "i_quotient", 15 0, L_0x1599e60;  alias, 1 drivers
v0x15726d0_0 .net "i_remainder", 15 0, L_0x1599ff0;  alias, 1 drivers
v0x15727a0_0 .net "o_dividend", 15 0, L_0x159b390;  alias, 1 drivers
v0x1572860_0 .net "o_quotient", 15 0, L_0x159af70;  alias, 1 drivers
v0x1572940_0 .net "o_remainder", 15 0, L_0x159b100;  alias, 1 drivers
v0x1572a20_0 .net "r_shift", 15 0, L_0x159a090;  1 drivers
v0x1572b00_0 .net "r_sub", 15 0, L_0x159a9c0;  1 drivers
v0x1572be0_0 .net "select", 0 0, L_0x159a8d0;  1 drivers
L_0x159a3f0 .part L_0x1599ff0, 0, 15;
L_0x159a520 .concat [ 1 15 0 0], L_0x7fe3256ad608, L_0x159a3f0;
L_0x159a610 .part L_0x159a280, 15, 1;
L_0x159a740 .concat [ 1 15 0 0], L_0x159a610, L_0x7fe3256ad650;
L_0x159a8d0 .cmp/gt 16, v0x157aec0_0, L_0x159a090;
L_0x159a9c0 .arith/sub 16, L_0x159a090, v0x157aec0_0;
L_0x159aad0 .part L_0x1599e60, 0, 15;
L_0x159ac00 .concat [ 1 15 0 0], L_0x7fe3256ad698, L_0x159aad0;
L_0x159ad40 .part L_0x1599e60, 0, 15;
L_0x159ade0 .concat [ 1 15 0 0], L_0x7fe3256ad6e0, L_0x159ad40;
L_0x159af70 .functor MUXZ 16, L_0x159aa60, L_0x159ac00, L_0x159a8d0, C4<>;
L_0x159b100 .functor MUXZ 16, L_0x159a9c0, L_0x159a090, L_0x159a8d0, C4<>;
L_0x159b2f0 .part L_0x159a280, 0, 15;
L_0x159b390 .concat [ 1 15 0 0], L_0x7fe3256ad770, L_0x159b2f0;
S_0x1572dc0 .scope generate, "genblk1[15]" "genblk1[15]" 3 22, 3 22 0, S_0x1545390;
 .timescale -9 -12;
P_0x1572f70 .param/l "i" 0 3 22, +C4<01111>;
S_0x1573050 .scope module, "d0" "lc4_divider_one_iter" 3 23, 3 36 0, S_0x1572dc0;
 .timescale -9 -12;
    .port_info 0 /INPUT 16 "i_dividend";
    .port_info 1 /INPUT 16 "i_divisor";
    .port_info 2 /INPUT 16 "i_remainder";
    .port_info 3 /INPUT 16 "i_quotient";
    .port_info 4 /OUTPUT 16 "o_dividend";
    .port_info 5 /OUTPUT 16 "o_remainder";
    .port_info 6 /OUTPUT 16 "o_quotient";
L_0x159b1a0 .functor OR 16, L_0x159b630, L_0x159b850, C4<0000000000000000>, C4<0000000000000000>;
L_0x7fe3256ad8d8 .functor BUFT 1, C4<0000000000000001>, C4<0>, C4<0>, C4<0>;
L_0x159bb70 .functor OR 16, L_0x159bef0, L_0x7fe3256ad8d8, C4<0000000000000000>, C4<0000000000000000>;
v0x15732e0_0 .net *"_ivl_0", 15 0, L_0x159b630;  1 drivers
L_0x7fe3256ad800 .functor BUFT 1, C4<000000000000000>, C4<0>, C4<0>, C4<0>;
v0x15733e0_0 .net *"_ivl_10", 14 0, L_0x7fe3256ad800;  1 drivers
v0x15734c0_0 .net *"_ivl_18", 15 0, L_0x159bd10;  1 drivers
v0x15735b0_0 .net *"_ivl_2", 14 0, L_0x159b500;  1 drivers
v0x1573690_0 .net *"_ivl_20", 14 0, L_0x159bbe0;  1 drivers
L_0x7fe3256ad848 .functor BUFT 1, C4<0>, C4<0>, C4<0>, C4<0>;
v0x15737c0_0 .net *"_ivl_22", 0 0, L_0x7fe3256ad848;  1 drivers
v0x15738a0_0 .net *"_ivl_24", 15 0, L_0x159bef0;  1 drivers
v0x1573980_0 .net *"_ivl_26", 14 0, L_0x159be50;  1 drivers
L_0x7fe3256ad890 .functor BUFT 1, C4<0>, C4<0>, C4<0>, C4<0>;
v0x1573a60_0 .net *"_ivl_28", 0 0, L_0x7fe3256ad890;  1 drivers
v0x1573b40_0 .net/2u *"_ivl_30", 15 0, L_0x7fe3256ad8d8;  1 drivers
v0x1573c20_0 .net *"_ivl_32", 15 0, L_0x159bb70;  1 drivers
L_0x7fe3256ad7b8 .functor BUFT 1, C4<0>, C4<0>, C4<0>, C4<0>;
v0x1573d00_0 .net *"_ivl_4", 0 0, L_0x7fe3256ad7b8;  1 drivers
v0x1573de0_0 .net *"_ivl_40", 14 0, L_0x159c400;  1 drivers
L_0x7fe3256ad920 .functor BUFT 1, C4<0>, C4<0>, C4<0>, C4<0>;
v0x1573ec0_0 .net *"_ivl_42", 0 0, L_0x7fe3256ad920;  1 drivers
v0x1573fa0_0 .net *"_ivl_6", 15 0, L_0x159b850;  1 drivers
v0x1574080_0 .net *"_ivl_8", 0 0, L_0x159b720;  1 drivers
v0x1574160_0 .net "i_dividend", 15 0, L_0x159b390;  alias, 1 drivers
v0x1574330_0 .net "i_divisor", 15 0, v0x157aec0_0;  alias, 1 drivers
v0x15743d0_0 .net "i_quotient", 15 0, L_0x159af70;  alias, 1 drivers
v0x15744c0_0 .net "i_remainder", 15 0, L_0x159b100;  alias, 1 drivers
v0x1574590_0 .net "o_dividend", 15 0, L_0x159c4a0;  alias, 1 drivers
v0x1574650_0 .net "o_quotient", 15 0, L_0x159c080;  alias, 1 drivers
v0x1574730_0 .net "o_remainder", 15 0, L_0x159c210;  alias, 1 drivers
v0x1574810_0 .net "r_shift", 15 0, L_0x159b1a0;  1 drivers
v0x15748f0_0 .net "r_sub", 15 0, L_0x159bad0;  1 drivers
v0x15749d0_0 .net "select", 0 0, L_0x159b9e0;  1 drivers
L_0x159b500 .part L_0x159b100, 0, 15;
L_0x159b630 .concat [ 1 15 0 0], L_0x7fe3256ad7b8, L_0x159b500;
L_0x159b720 .part L_0x159b390, 15, 1;
L_0x159b850 .concat [ 1 15 0 0], L_0x159b720, L_0x7fe3256ad800;
L_0x159b9e0 .cmp/gt 16, v0x157aec0_0, L_0x159b1a0;
L_0x159bad0 .arith/sub 16, L_0x159b1a0, v0x157aec0_0;
L_0x159bbe0 .part L_0x159af70, 0, 15;
L_0x159bd10 .concat [ 1 15 0 0], L_0x7fe3256ad848, L_0x159bbe0;
L_0x159be50 .part L_0x159af70, 0, 15;
L_0x159bef0 .concat [ 1 15 0 0], L_0x7fe3256ad890, L_0x159be50;
L_0x159c080 .functor MUXZ 16, L_0x159bb70, L_0x159bd10, L_0x159b9e0, C4<>;
L_0x159c210 .functor MUXZ 16, L_0x159bad0, L_0x159b1a0, L_0x159b9e0, C4<>;
L_0x159c400 .part L_0x159b390, 0, 15;
L_0x159c4a0 .concat [ 1 15 0 0], L_0x7fe3256ad920, L_0x159c400;
S_0x1574bb0 .scope generate, "genblk1[16]" "genblk1[16]" 3 22, 3 22 0, S_0x1545390;
 .timescale -9 -12;
P_0x1574d60 .param/l "i" 0 3 22, +C4<010000>;
S_0x1574e40 .scope module, "d0" "lc4_divider_one_iter" 3 23, 3 36 0, S_0x1574bb0;
 .timescale -9 -12;
    .port_info 0 /INPUT 16 "i_dividend";
    .port_info 1 /INPUT 16 "i_divisor";
    .port_info 2 /INPUT 16 "i_remainder";
    .port_info 3 /INPUT 16 "i_quotient";
    .port_info 4 /OUTPUT 16 "o_dividend";
    .port_info 5 /OUTPUT 16 "o_remainder";
    .port_info 6 /OUTPUT 16 "o_quotient";
L_0x159c2b0 .functor OR 16, L_0x159c740, L_0x159c960, C4<0000000000000000>, C4<0000000000000000>;
L_0x7fe3256ada88 .functor BUFT 1, C4<0000000000000001>, C4<0>, C4<0>, C4<0>;
L_0x159cc80 .functor OR 16, L_0x159d000, L_0x7fe3256ada88, C4<0000000000000000>, C4<0000000000000000>;
v0x15750d0_0 .net *"_ivl_0", 15 0, L_0x159c740;  1 drivers
L_0x7fe3256ad9b0 .functor BUFT 1, C4<000000000000000>, C4<0>, C4<0>, C4<0>;
v0x15751d0_0 .net *"_ivl_10", 14 0, L_0x7fe3256ad9b0;  1 drivers
v0x15752b0_0 .net *"_ivl_18", 15 0, L_0x159ce20;  1 drivers
v0x15753a0_0 .net *"_ivl_2", 14 0, L_0x159c610;  1 drivers
v0x1575480_0 .net *"_ivl_20", 14 0, L_0x159ccf0;  1 drivers
L_0x7fe3256ad9f8 .functor BUFT 1, C4<0>, C4<0>, C4<0>, C4<0>;
v0x15755b0_0 .net *"_ivl_22", 0 0, L_0x7fe3256ad9f8;  1 drivers
v0x1575690_0 .net *"_ivl_24", 15 0, L_0x159d000;  1 drivers
v0x1575770_0 .net *"_ivl_26", 14 0, L_0x159cf60;  1 drivers
L_0x7fe3256ada40 .functor BUFT 1, C4<0>, C4<0>, C4<0>, C4<0>;
v0x1575850_0 .net *"_ivl_28", 0 0, L_0x7fe3256ada40;  1 drivers
v0x1575930_0 .net/2u *"_ivl_30", 15 0, L_0x7fe3256ada88;  1 drivers
v0x1575a10_0 .net *"_ivl_32", 15 0, L_0x159cc80;  1 drivers
L_0x7fe3256ad968 .functor BUFT 1, C4<0>, C4<0>, C4<0>, C4<0>;
v0x1575af0_0 .net *"_ivl_4", 0 0, L_0x7fe3256ad968;  1 drivers
v0x1575bd0_0 .net *"_ivl_40", 14 0, L_0x159d5b0;  1 drivers
L_0x7fe3256adad0 .functor BUFT 1, C4<0>, C4<0>, C4<0>, C4<0>;
v0x1575cb0_0 .net *"_ivl_42", 0 0, L_0x7fe3256adad0;  1 drivers
v0x1575d90_0 .net *"_ivl_6", 15 0, L_0x159c960;  1 drivers
v0x1575e70_0 .net *"_ivl_8", 0 0, L_0x159c830;  1 drivers
v0x1575f50_0 .net "i_dividend", 15 0, L_0x159c4a0;  alias, 1 drivers
v0x1576120_0 .net "i_divisor", 15 0, v0x157aec0_0;  alias, 1 drivers
v0x15761c0_0 .net "i_quotient", 15 0, L_0x159c080;  alias, 1 drivers
v0x15762b0_0 .net "i_remainder", 15 0, L_0x159c210;  alias, 1 drivers
v0x1576380_0 .net "o_dividend", 15 0, L_0x159d650;  alias, 1 drivers
v0x1576440_0 .net "o_quotient", 15 0, L_0x159d190;  alias, 1 drivers
v0x1576520_0 .net "o_remainder", 15 0, L_0x159d370;  alias, 1 drivers
v0x1576600_0 .net "r_shift", 15 0, L_0x159c2b0;  1 drivers
v0x15766e0_0 .net "r_sub", 15 0, L_0x159cbe0;  1 drivers
v0x15767c0_0 .net "select", 0 0, L_0x159caf0;  1 drivers
L_0x159c610 .part L_0x159c210, 0, 15;
L_0x159c740 .concat [ 1 15 0 0], L_0x7fe3256ad968, L_0x159c610;
L_0x159c830 .part L_0x159c4a0, 15, 1;
L_0x159c960 .concat [ 1 15 0 0], L_0x159c830, L_0x7fe3256ad9b0;
L_0x159caf0 .cmp/gt 16, v0x157aec0_0, L_0x159c2b0;
L_0x159cbe0 .arith/sub 16, L_0x159c2b0, v0x157aec0_0;
L_0x159ccf0 .part L_0x159c080, 0, 15;
L_0x159ce20 .concat [ 1 15 0 0], L_0x7fe3256ad9f8, L_0x159ccf0;
L_0x159cf60 .part L_0x159c080, 0, 15;
L_0x159d000 .concat [ 1 15 0 0], L_0x7fe3256ada40, L_0x159cf60;
L_0x159d190 .functor MUXZ 16, L_0x159cc80, L_0x159ce20, L_0x159caf0, C4<>;
L_0x159d370 .functor MUXZ 16, L_0x159cbe0, L_0x159c2b0, L_0x159caf0, C4<>;
L_0x159d5b0 .part L_0x159c4a0, 0, 15;
L_0x159d650 .concat [ 1 15 0 0], L_0x7fe3256adad0, L_0x159d5b0;
S_0x1578810 .scope module, "divider_iter" "lc4_divider_one_iter" 2 65, 3 36 0, S_0x1545200;
 .timescale -9 -12;
    .port_info 0 /INPUT 16 "i_dividend";
    .port_info 1 /INPUT 16 "i_divisor";
    .port_info 2 /INPUT 16 "i_remainder";
    .port_info 3 /INPUT 16 "i_quotient";
    .port_info 4 /OUTPUT 16 "o_dividend";
    .port_info 5 /OUTPUT 16 "o_remainder";
    .port_info 6 /OUTPUT 16 "o_quotient";
L_0x159e460 .functor OR 16, L_0x159e100, L_0x159e370, C4<0000000000000000>, C4<0000000000000000>;
L_0x7fe3256ade78 .functor BUFT 1, C4<0000000000000001>, C4<0>, C4<0>, C4<0>;
L_0x159e700 .functor OR 16, L_0x159ead0, L_0x7fe3256ade78, C4<0000000000000000>, C4<0000000000000000>;
v0x1578ac0_0 .net *"_ivl_0", 15 0, L_0x159e100;  1 drivers
L_0x7fe3256adda0 .functor BUFT 1, C4<000000000000000>, C4<0>, C4<0>, C4<0>;
v0x1578ba0_0 .net *"_ivl_10", 14 0, L_0x7fe3256adda0;  1 drivers
v0x1578c80_0 .net *"_ivl_18", 15 0, L_0x159e8a0;  1 drivers
v0x1578d40_0 .net *"_ivl_2", 14 0, L_0x159e010;  1 drivers
v0x1578e20_0 .net *"_ivl_20", 14 0, L_0x159e7b0;  1 drivers
L_0x7fe3256adde8 .functor BUFT 1, C4<0>, C4<0>, C4<0>, C4<0>;
v0x1578f50_0 .net *"_ivl_22", 0 0, L_0x7fe3256adde8;  1 drivers
v0x1579030_0 .net *"_ivl_24", 15 0, L_0x159ead0;  1 drivers
v0x1579110_0 .net *"_ivl_26", 14 0, L_0x159ea30;  1 drivers
L_0x7fe3256ade30 .functor BUFT 1, C4<0>, C4<0>, C4<0>, C4<0>;
v0x15791f0_0 .net *"_ivl_28", 0 0, L_0x7fe3256ade30;  1 drivers
v0x1579360_0 .net/2u *"_ivl_30", 15 0, L_0x7fe3256ade78;  1 drivers
v0x1579440_0 .net *"_ivl_32", 15 0, L_0x159e700;  1 drivers
L_0x7fe3256add58 .functor BUFT 1, C4<0>, C4<0>, C4<0>, C4<0>;
v0x1579520_0 .net *"_ivl_4", 0 0, L_0x7fe3256add58;  1 drivers
v0x1579600_0 .net *"_ivl_40", 14 0, L_0x159f080;  1 drivers
L_0x7fe3256adec0 .functor BUFT 1, C4<0>, C4<0>, C4<0>, C4<0>;
v0x15796e0_0 .net *"_ivl_42", 0 0, L_0x7fe3256adec0;  1 drivers
v0x15797c0_0 .net *"_ivl_6", 15 0, L_0x159e370;  1 drivers
v0x15798a0_0 .net *"_ivl_8", 0 0, L_0x159e240;  1 drivers
v0x1579980_0 .net "i_dividend", 15 0, v0x157adb0_0;  alias, 1 drivers
v0x1579b50_0 .net "i_divisor", 15 0, v0x157aec0_0;  alias, 1 drivers
v0x1579bf0_0 .net "i_quotient", 15 0, v0x157af80_0;  1 drivers
v0x1579cd0_0 .net "i_remainder", 15 0, v0x157b040_0;  1 drivers
v0x1579db0_0 .net "o_dividend", 15 0, L_0x159f120;  alias, 1 drivers
v0x1579e90_0 .net "o_quotient", 15 0, L_0x159ec60;  alias, 1 drivers
v0x1579f70_0 .net "o_remainder", 15 0, L_0x159ee40;  alias, 1 drivers
v0x157a050_0 .net "r_shift", 15 0, L_0x159e460;  1 drivers
v0x157a130_0 .net "r_sub", 15 0, L_0x159e660;  1 drivers
v0x157a210_0 .net "select", 0 0, L_0x159e570;  1 drivers
L_0x159e010 .part v0x157b040_0, 0, 15;
L_0x159e100 .concat [ 1 15 0 0], L_0x7fe3256add58, L_0x159e010;
L_0x159e240 .part v0x157adb0_0, 15, 1;
L_0x159e370 .concat [ 1 15 0 0], L_0x159e240, L_0x7fe3256adda0;
L_0x159e570 .cmp/gt 16, v0x157aec0_0, L_0x159e460;
L_0x159e660 .arith/sub 16, L_0x159e460, v0x157aec0_0;
L_0x159e7b0 .part v0x157af80_0, 0, 15;
L_0x159e8a0 .concat [ 1 15 0 0], L_0x7fe3256adde8, L_0x159e7b0;
L_0x159ea30 .part v0x157af80_0, 0, 15;
L_0x159ead0 .concat [ 1 15 0 0], L_0x7fe3256ade30, L_0x159ea30;
L_0x159ec60 .functor MUXZ 16, L_0x159e700, L_0x159e8a0, L_0x159e570, C4<>;
L_0x159ee40 .functor MUXZ 16, L_0x159e660, L_0x159e460, L_0x159e570, C4<>;
L_0x159f080 .part v0x157adb0_0, 0, 15;
L_0x159f120 .concat [ 1 15 0 0], L_0x7fe3256adec0, L_0x159f080;
S_0x157a3f0 .scope task, "printPoints" "printPoints" 4 1, 4 1 0, S_0x1545200;
 .timescale -9 -12;
v0x157a580_0 .var "actual", 31 0;
v0x157a660_0 .var "possible", 31 0;
TD_test_divider.printPoints ;
    %vpi_call 4 4 "$display", "<scorePossible>%d</scorePossible>", v0x157a660_0 {0 0 0};
    %vpi_call 4 5 "$display", "<scoreActual>%d</scoreActual>", v0x157a580_0 {0 0 0};
    %end;
    .scope S_0x1545200;
T_1 ;
    %vpi_call 2 74 "$dumpfile", "divider.vcd" {0 0 0};
    %vpi_call 2 75 "$dumpvars" {0 0 0};
    %pushi/vec4 42, 0, 32;
    %store/vec4 v0x157b5f0_0, 0, 32;
    %vpi_func 2 81 "$random" 32, v0x157b5f0_0 {0 0 0};
    %store/vec4 v0x157b5f0_0, 0, 32;
    %pushi/vec4 0, 0, 16;
    %store/vec4 v0x157adb0_0, 0, 16;
    %pushi/vec4 0, 0, 16;
    %store/vec4 v0x157aec0_0, 0, 16;
    %pushi/vec4 0, 0, 16;
    %store/vec4 v0x157b040_0, 0, 16;
    %pushi/vec4 0, 0, 16;
    %store/vec4 v0x157af80_0, 0, 16;
    %pushi/vec4 0, 0, 32;
    %store/vec4 v0x157a9e0_0, 0, 32;
    %pushi/vec4 0, 0, 32;
    %store/vec4 v0x157a840_0, 0, 32;
    %vpi_func 2 96 "$fopen" 32, "test_lc4_divider_one_iter.input", "r" {0 0 0};
    %store/vec4 v0x157b0e0_0, 0, 32;
    %load/vec4 v0x157b0e0_0;
    %cmpi/e 0, 0, 32;
    %jmp/0xz  T_1.0, 4;
    %vpi_call 2 98 "$display", "Error opening file: ", "test_lc4_divider_one_iter.input" {0 0 0};
    %vpi_call 2 99 "$finish" {0 0 0};
T_1.0 ;
    %delay 100000, 0;
    %delay 2000, 0;
T_1.2 ;
    %vpi_func 2 108 "$fscanf" 32, v0x157b0e0_0, "%b %b %b %b %b %b %b", v0x157adb0_0, v0x157aec0_0, v0x157b040_0, v0x157af80_0, v0x157aac0_0, v0x157acd0_0, v0x157abf0_0 {0 0 0};
    %cmpi/e 7, 0, 32;
    %jmp/0xz T_1.3, 4;
    %delay 8000, 0;
    %load/vec4 v0x157a840_0;
    %addi 1, 0, 32;
    %store/vec4 v0x157a840_0, 0, 32;
    %load/vec4 v0x157b1a0_0;
    %load/vec4 v0x157aac0_0;
    %cmp/ne;
    %flag_mov 8, 6;
    %load/vec4 v0x157b300_0;
    %load/vec4 v0x157acd0_0;
    %cmp/ne;
    %flag_or 4, 8;
    %flag_mov 8, 4;
    %load/vec4 v0x157b260_0;
    %load/vec4 v0x157abf0_0;
    %cmp/ne;
    %flag_or 4, 8;
    %jmp/0xz  T_1.4, 4;
    %load/vec4 v0x157a9e0_0;
    %addi 1, 0, 32;
    %store/vec4 v0x157a9e0_0, 0, 32;
    %load/vec4 v0x157a9e0_0;
    %cmpi/s 15, 0, 32;
    %jmp/0xz  T_1.6, 5;
    %vpi_call 2 119 "$display", "[lc4_divider_one_iter] Error at test %04d: i_dividend = %b %b %b %b (0x%H), i_divisor = %b %b %b %b (0x%H), i_remainder = %b %b %b %b (0x%H), i_quotient = %b %b %b %b (0x%H)", v0x157a840_0, &PV<v0x157adb0_0, 12, 4>, &PV<v0x157adb0_0, 8, 4>, &PV<v0x157adb0_0, 4, 4>, &PV<v0x157adb0_0, 0, 4>, v0x157adb0_0, &PV<v0x157aec0_0, 12, 4>, &PV<v0x157aec0_0, 8, 4>, &PV<v0x157aec0_0, 4, 4>, &PV<v0x157aec0_0, 0, 4>, v0x157aec0_0, &PV<v0x157b040_0, 12, 4>, &PV<v0x157b040_0, 8, 4>, &PV<v0x157b040_0, 4, 4>, &PV<v0x157b040_0, 0, 4>, v0x157b040_0, &PV<v0x157af80_0, 12, 4>, &PV<v0x157af80_0, 8, 4>, &PV<v0x157af80_0, 4, 4>, &PV<v0x157af80_0, 0, 4>, v0x157af80_0 {0 0 0};
    %load/vec4 v0x157b1a0_0;
    %load/vec4 v0x157aac0_0;
    %cmp/ne;
    %jmp/0xz  T_1.8, 6;
    %vpi_call 2 126 "$display", "   o_dividend should have been %b %b %b %b (0x%H), but was %b %b %b %b (0x%H) instead", &PV<v0x157aac0_0, 12, 4>, &PV<v0x157aac0_0, 8, 4>, &PV<v0x157aac0_0, 4, 4>, &PV<v0x157aac0_0, 0, 4>, v0x157aac0_0, &PV<v0x157b1a0_0, 12, 4>, &PV<v0x157b1a0_0, 8, 4>, &PV<v0x157b1a0_0, 4, 4>, &PV<v0x157b1a0_0, 0, 4>, v0x157b1a0_0 {0 0 0};
T_1.8 ;
    %load/vec4 v0x157b300_0;
    %load/vec4 v0x157acd0_0;
    %cmp/ne;
    %jmp/0xz  T_1.10, 6;
    %vpi_call 2 131 "$display", "   o_remainder should have been %b %b %b %b (0x%H), but was %b %b %b %b (0x%H) instead", &PV<v0x157acd0_0, 12, 4>, &PV<v0x157acd0_0, 8, 4>, &PV<v0x157acd0_0, 4, 4>, &PV<v0x157acd0_0, 0, 4>, v0x157acd0_0, &PV<v0x157b300_0, 12, 4>, &PV<v0x157b300_0, 8, 4>, &PV<v0x157b300_0, 4, 4>, &PV<v0x157b300_0, 0, 4>, v0x157b300_0 {0 0 0};
T_1.10 ;
    %load/vec4 v0x157b260_0;
    %load/vec4 v0x157abf0_0;
    %cmp/ne;
    %jmp/0xz  T_1.12, 6;
    %vpi_call 2 136 "$display", "   o_quotient should have been %b %b %b %b (0x%H), but was %b %b %b %b (0x%H) instead", &PV<v0x157abf0_0, 12, 4>, &PV<v0x157abf0_0, 8, 4>, &PV<v0x157abf0_0, 4, 4>, &PV<v0x157abf0_0, 0, 4>, v0x157abf0_0, &PV<v0x157b260_0, 12, 4>, &PV<v0x157b260_0, 8, 4>, &PV<v0x157b260_0, 4, 4>, &PV<v0x157b260_0, 0, 4>, v0x157b260_0 {0 0 0};
T_1.12 ;
T_1.6 ;
T_1.4 ;
    %delay 2000, 0;
    %jmp T_1.2;
T_1.3 ;
    %load/vec4 v0x157b0e0_0;
    %cmpi/ne 0, 0, 32;
    %jmp/0xz  T_1.14, 4;
    %vpi_call 2 153 "$fclose", v0x157b0e0_0 {0 0 0};
T_1.14 ;
    %vpi_func 2 158 "$random" 32 {0 0 0};
    %pad/s 16;
    %store/vec4 v0x157adb0_0, 0, 16;
    %pushi/vec4 0, 0, 16;
    %store/vec4 v0x157aec0_0, 0, 16;
    %delay 8000, 0;
    %load/vec4 v0x157b3a0_0;
    %pad/u 32;
    %cmpi/ne 0, 0, 32;
    %flag_mov 8, 6;
    %load/vec4 v0x157b440_0;
    %pad/u 32;
    %cmpi/ne 0, 0, 32;
    %flag_or 6, 8;
    %jmp/0xz  T_1.16, 6;
    %load/vec4 v0x157a9e0_0;
    %cmpi/s 15, 0, 32;
    %jmp/0xz  T_1.18, 5;
    %vpi_call 2 163 "$display", "[lc4_divider] Error at test %d: i_dividend = 0x%H, i_divisor = 0x%H, o_quotient and o_remainder should both be 0, but o_quotient was %b %b %b %b (0x%H) and o_remainder was %b %b %b %b (0x%H) instead", v0x157a920_0, v0x157adb0_0, v0x157aec0_0, &PV<v0x157b3a0_0, 12, 4>, &PV<v0x157b3a0_0, 8, 4>, &PV<v0x157b3a0_0, 4, 4>, &PV<v0x157b3a0_0, 0, 4>, v0x157b3a0_0, &PV<v0x157b440_0, 12, 4>, &PV<v0x157b440_0, 8, 4>, &PV<v0x157b440_0, 4, 4>, &PV<v0x157b440_0, 0, 4>, v0x157b440_0 {0 0 0};
T_1.18 ;
    %load/vec4 v0x157a9e0_0;
    %addi 1, 0, 32;
    %store/vec4 v0x157a9e0_0, 0, 32;
T_1.16 ;
    %load/vec4 v0x157a920_0;
    %addi 1, 0, 32;
    %store/vec4 v0x157a920_0, 0, 32;
    %load/vec4 v0x157a840_0;
    %addi 1, 0, 32;
    %store/vec4 v0x157a840_0, 0, 32;
    %pushi/vec4 0, 0, 32;
    %store/vec4 v0x157a920_0, 0, 32;
T_1.20 ;
    %load/vec4 v0x157a920_0;
    %cmpi/s 4000, 0, 32;
    %jmp/0xz T_1.21, 5;
    %vpi_func 2 184 "$random" 32 {0 0 0};
    %pad/s 16;
    %store/vec4 v0x157adb0_0, 0, 16;
    %vpi_func 2 185 "$random" 32 {0 0 0};
    %pad/s 16;
    %store/vec4 v0x157aec0_0, 0, 16;
    %delay 8000, 0;
    %pushi/vec4 0, 0, 16;
    %store/vec4 v0x157abf0_0, 0, 16;
    %pushi/vec4 0, 0, 16;
    %store/vec4 v0x157acd0_0, 0, 16;
    %load/vec4 v0x157aec0_0;
    %cmpi/ne 0, 0, 16;
    %jmp/0xz  T_1.22, 6;
    %load/vec4 v0x157adb0_0;
    %load/vec4 v0x157aec0_0;
    %div;
    %store/vec4 v0x157abf0_0, 0, 16;
    %load/vec4 v0x157adb0_0;
    %load/vec4 v0x157aec0_0;
    %mod;
    %store/vec4 v0x157acd0_0, 0, 16;
T_1.22 ;
    %load/vec4 v0x157abf0_0;
    %load/vec4 v0x157b3a0_0;
    %cmp/ne;
    %jmp/0xz  T_1.24, 6;
    %load/vec4 v0x157a9e0_0;
    %cmpi/s 15, 0, 32;
    %jmp/0xz  T_1.26, 5;
    %vpi_call 2 205 "$display", "[lc4_divider] Error at test %d: i_dividend = %b %b %b %b (0x%H), i_divisor = %b %b %b %b (0x%H), o_quotient should have been %b %b %b %b (0x%H), but was %b %b %b %b (0x%H) instead", v0x157a920_0, &PV<v0x157adb0_0, 12, 4>, &PV<v0x157adb0_0, 8, 4>, &PV<v0x157adb0_0, 4, 4>, &PV<v0x157adb0_0, 0, 4>, v0x157adb0_0, &PV<v0x157aec0_0, 12, 4>, &PV<v0x157aec0_0, 8, 4>, &PV<v0x157aec0_0, 4, 4>, &PV<v0x157aec0_0, 0, 4>, v0x157aec0_0, &PV<v0x157abf0_0, 12, 4>, &PV<v0x157abf0_0, 8, 4>, &PV<v0x157abf0_0, 4, 4>, &PV<v0x157abf0_0, 0, 4>, v0x157abf0_0, &PV<v0x157b3a0_0, 12, 4>, &PV<v0x157b3a0_0, 8, 4>, &PV<v0x157b3a0_0, 4, 4>, &PV<v0x157b3a0_0, 0, 4>, v0x157b3a0_0 {0 0 0};
T_1.26 ;
    %load/vec4 v0x157a9e0_0;
    %addi 1, 0, 32;
    %store/vec4 v0x157a9e0_0, 0, 32;
T_1.24 ;
    %load/vec4 v0x157a920_0;
    %addi 1, 0, 32;
    %store/vec4 v0x157a920_0, 0, 32;
    %load/vec4 v0x157a840_0;
    %addi 1, 0, 32;
    %store/vec4 v0x157a840_0, 0, 32;
    %load/vec4 v0x157acd0_0;
    %load/vec4 v0x157b440_0;
    %cmp/ne;
    %jmp/0xz  T_1.28, 6;
    %load/vec4 v0x157a9e0_0;
    %cmpi/s 15, 0, 32;
    %jmp/0xz  T_1.30, 5;
    %vpi_call 2 224 "$display", "[lc4_divider] Error at test %d: i_dividend = %b %b %b %b (0x%H), i_divisor = %b %b %b %b (0x%H), o_remainder should have been %b %b %b %b (0x%H), but was %b %b %b %b (0x%H) instead", v0x157a920_0, &PV<v0x157adb0_0, 12, 4>, &PV<v0x157adb0_0, 8, 4>, &PV<v0x157adb0_0, 4, 4>, &PV<v0x157adb0_0, 0, 4>, v0x157adb0_0, &PV<v0x157aec0_0, 12, 4>, &PV<v0x157aec0_0, 8, 4>, &PV<v0x157aec0_0, 4, 4>, &PV<v0x157aec0_0, 0, 4>, v0x157aec0_0, &PV<v0x157acd0_0, 12, 4>, &PV<v0x157acd0_0, 8, 4>, &PV<v0x157acd0_0, 4, 4>, &PV<v0x157acd0_0, 0, 4>, v0x157acd0_0, &PV<v0x157b440_0, 12, 4>, &PV<v0x157b440_0, 8, 4>, &PV<v0x157b440_0, 4, 4>, &PV<v0x157b440_0, 0, 4>, v0x157b440_0 {0 0 0};
T_1.30 ;
    %load/vec4 v0x157a9e0_0;
    %addi 1, 0, 32;
    %store/vec4 v0x157a9e0_0, 0, 32;
T_1.28 ;
    %load/vec4 v0x157a920_0;
    %addi 1, 0, 32;
    %store/vec4 v0x157a920_0, 0, 32;
    %load/vec4 v0x157a840_0;
    %addi 1, 0, 32;
    %store/vec4 v0x157a840_0, 0, 32;
    %delay 2000, 0;
    %load/vec4 v0x157a740_0;
    %addi 1, 0, 32;
    %store/vec4 v0x157a740_0, 0, 32;
    %jmp T_1.20;
T_1.21 ;
    %load/vec4 v0x157a9e0_0;
    %cmpi/s 15, 0, 32;
    %flag_or 5, 4; GT is !LE
    %flag_inv 5;
    %jmp/0xz  T_1.32, 5;
    %load/vec4 v0x157a9e0_0;
    %subi 15, 0, 32;
    %vpi_call 2 244 "$display", "Additional %d errors NOT printed.", S<0,vec4,s32> {1 0 0};
T_1.32 ;
    %vpi_call 2 246 "$display", "Simulation finished: %d test cases %d errors", v0x157a840_0, v0x157a9e0_0 {0 0 0};
    %load/vec4 v0x157a840_0;
    %store/vec4 v0x157a660_0, 0, 32;
    %load/vec4 v0x157a840_0;
    %load/vec4 v0x157a9e0_0;
    %sub;
    %store/vec4 v0x157a580_0, 0, 32;
    %fork TD_test_divider.printPoints, S_0x157a3f0;
    %join;
    %vpi_call 2 248 "$finish" {0 0 0};
    %end;
    .thread T_1;
# The file index is used to find the file name in the following table.
:file_names 5;
    "N/A";
    "<interactive>";
    "testbench_lc4_divider.v";
    "lc4_divider.v";
    "./print_points.v";
