#! /home1/c/cis571/tools/bin/vvp
:ivl_version "11.0 (stable)" "(v11_0)";
:ivl_delay_selection "TYPICAL";
:vpi_time_precision - 12;
:vpi_module "/home1/c/cis571/tools/lib64/ivl/system.vpi";
:vpi_module "/home1/c/cis571/tools/lib64/ivl/vhdl_sys.vpi";
:vpi_module "/home1/c/cis571/tools/lib64/ivl/vhdl_textio.vpi";
:vpi_module "/home1/c/cis571/tools/lib64/ivl/v2005_math.vpi";
:vpi_module "/home1/c/cis571/tools/lib64/ivl/va_math.vpi";
S_0xf62d60 .scope module, "test_adders" "test_adders" 2 14;
 .timescale -9 -12;
L_0x7f1420d9d060 .functor BUFT 1, C4<0>, C4<0>, C4<0>, C4<0>;
v0xf9d520_0 .net *"_ivl_10", 0 0, L_0x7f1420d9d060;  1 drivers
v0xf9d600_0 .net *"_ivl_11", 1 0, L_0xfa0130;  1 drivers
v0xf9d6e0_0 .net *"_ivl_13", 1 0, L_0xfa02e0;  1 drivers
L_0x7f1420d9d0a8 .functor BUFT 1, C4<0>, C4<0>, C4<0>, C4<0>;
v0xf9d7a0_0 .net *"_ivl_16", 0 0, L_0x7f1420d9d0a8;  1 drivers
v0xf9d880_0 .net *"_ivl_17", 1 0, L_0xfa0410;  1 drivers
v0xf9d9b0_0 .net *"_ivl_22", 2 0, L_0xfa13a0;  1 drivers
L_0x7f1420d9d0f0 .functor BUFT 1, C4<0>, C4<0>, C4<0>, C4<0>;
v0xf9da90_0 .net *"_ivl_25", 0 0, L_0x7f1420d9d0f0;  1 drivers
v0xf9db70_0 .net *"_ivl_26", 2 0, L_0xfa1530;  1 drivers
L_0x7f1420d9d138 .functor BUFT 1, C4<0>, C4<0>, C4<0>, C4<0>;
v0xf9dc50_0 .net *"_ivl_29", 0 0, L_0x7f1420d9d138;  1 drivers
v0xf9ddc0_0 .net *"_ivl_3", 1 0, L_0xf9ff20;  1 drivers
v0xf9dea0_0 .net *"_ivl_30", 2 0, L_0xfa1660;  1 drivers
v0xf9df80_0 .net *"_ivl_32", 2 0, L_0xfa1880;  1 drivers
L_0x7f1420d9d180 .functor BUFT 1, C4<00>, C4<0>, C4<0>, C4<0>;
v0xf9e060_0 .net *"_ivl_35", 1 0, L_0x7f1420d9d180;  1 drivers
v0xf9e140_0 .net *"_ivl_36", 2 0, L_0xfa1970;  1 drivers
v0xf9e220_0 .net *"_ivl_42", 3 0, L_0xfb3e60;  1 drivers
L_0x7f1420d9d018 .functor BUFT 1, C4<0>, C4<0>, C4<0>, C4<0>;
v0xf9e300_0 .net *"_ivl_6", 0 0, L_0x7f1420d9d018;  1 drivers
v0xf9e3e0_0 .net *"_ivl_7", 1 0, L_0xfa0010;  1 drivers
v0xf9e4c0_0 .var "a", 0 0;
v0xf9e560_0 .var "a2", 1 0;
v0xf9e620_0 .var "a4", 3 0;
v0xf9e6e0_0 .net "actual_fa2_cout", 0 0, L_0xfa0e60;  1 drivers
v0xf9e780_0 .net "actual_fa2_sum", 1 0, L_0xfa1170;  1 drivers
v0xf9e840_0 .net "actual_fa_cout", 0 0, L_0xf9fc90;  1 drivers
v0xf9e910_0 .net "actual_fa_sum", 0 0, L_0xf9fac0;  1 drivers
v0xf9ea00_0 .net "actual_ha_cout", 0 0, L_0xf9f8f0;  1 drivers
v0xf9eaa0_0 .net "actual_ha_sum", 0 0, L_0xf9f760;  1 drivers
v0xf9eb70_0 .net "actual_rca4_sum", 7 0, L_0xfb3ac0;  1 drivers
v0xf9ec40_0 .var "b", 0 0;
v0xf9ece0_0 .var "b2", 1 0;
v0xf9edb0_0 .var "b4", 3 0;
v0xf9ee50_0 .var "cin", 0 0;
v0xf9eef0_0 .var/i "errors", 31 0;
v0xf9ef90_0 .net "exp_fa2_cout", 0 0, L_0xfa1210;  1 drivers
v0xf9f260_0 .net "exp_fa2_sum", 1 0, L_0xfa1300;  1 drivers
v0xf9f340_0 .net "exp_fa_cout", 0 0, L_0xf9fd90;  1 drivers
v0xf9f400_0 .net "exp_fa_sum", 0 0, L_0xf9fe30;  1 drivers
v0xf9f4c0_0 .net "exp_rca4_sum", 3 0, L_0xfb3d30;  1 drivers
v0xf9f5a0_0 .var/i "i", 31 0;
v0xf9f680_0 .var/i "tests", 31 0;
L_0xf9fd90 .part L_0xfa0410, 1, 1;
L_0xf9fe30 .part L_0xfa0410, 0, 1;
L_0xf9ff20 .concat [ 1 1 0 0], v0xf9e4c0_0, L_0x7f1420d9d018;
L_0xfa0010 .concat [ 1 1 0 0], v0xf9ec40_0, L_0x7f1420d9d060;
L_0xfa0130 .arith/sum 2, L_0xf9ff20, L_0xfa0010;
L_0xfa02e0 .concat [ 1 1 0 0], v0xf9ee50_0, L_0x7f1420d9d0a8;
L_0xfa0410 .arith/sum 2, L_0xfa0130, L_0xfa02e0;
L_0xfa1210 .part L_0xfa1970, 2, 1;
L_0xfa1300 .part L_0xfa1970, 0, 2;
L_0xfa13a0 .concat [ 2 1 0 0], v0xf9e560_0, L_0x7f1420d9d0f0;
L_0xfa1530 .concat [ 2 1 0 0], v0xf9ece0_0, L_0x7f1420d9d138;
L_0xfa1660 .arith/sum 3, L_0xfa13a0, L_0xfa1530;
L_0xfa1880 .concat [ 1 2 0 0], v0xf9ee50_0, L_0x7f1420d9d180;
L_0xfa1970 .arith/sum 3, L_0xfa1660, L_0xfa1880;
L_0xfb3c90 .concat [ 4 4 0 0], v0xf9e620_0, v0xf9edb0_0;
L_0xfb3d30 .part L_0xfb3e60, 0, 4;
L_0xfb3e60 .arith/sum 4, v0xf9e620_0, v0xf9edb0_0;
S_0xf62580 .scope module, "fa" "fulladder" 2 31, 3 20 0, S_0xf62d60;
 .timescale -9 -12;
    .port_info 0 /INPUT 1 "cin";
    .port_info 1 /INPUT 1 "a";
    .port_info 2 /INPUT 1 "b";
    .port_info 3 /OUTPUT 1 "s";
    .port_info 4 /OUTPUT 1 "cout";
L_0xf9fc90 .functor OR 1, L_0xf9fa30, L_0xf9fc00, C4<0>, C4<0>;
v0xf92650_0 .net "a", 0 0, v0xf9e4c0_0;  1 drivers
v0xf92710_0 .net "b", 0 0, v0xf9ec40_0;  1 drivers
v0xf927e0_0 .net "cin", 0 0, v0xf9ee50_0;  1 drivers
v0xf928e0_0 .net "cout", 0 0, L_0xf9fc90;  alias, 1 drivers
v0xf92980_0 .net "cout_tmp1", 0 0, L_0xf9fa30;  1 drivers
v0xf92a70_0 .net "cout_tmp2", 0 0, L_0xf9fc00;  1 drivers
v0xf92b40_0 .net "s", 0 0, L_0xf9fac0;  alias, 1 drivers
v0xf92c10_0 .net "s_tmp", 0 0, L_0xf9f980;  1 drivers
S_0xf67b80 .scope module, "h0" "halfadder" 3 27, 3 10 0, S_0xf62580;
 .timescale -9 -12;
    .port_info 0 /INPUT 1 "a";
    .port_info 1 /INPUT 1 "b";
    .port_info 2 /OUTPUT 1 "s";
    .port_info 3 /OUTPUT 1 "cout";
L_0xf9f980 .functor XOR 1, v0xf9e4c0_0, v0xf9ec40_0, C4<0>, C4<0>;
L_0xf9fa30 .functor AND 1, v0xf9e4c0_0, v0xf9ec40_0, C4<1>, C4<1>;
v0xf63950_0 .net "a", 0 0, v0xf9e4c0_0;  alias, 1 drivers
v0xf91e30_0 .net "b", 0 0, v0xf9ec40_0;  alias, 1 drivers
v0xf91ef0_0 .net "cout", 0 0, L_0xf9fa30;  alias, 1 drivers
v0xf91f90_0 .net "s", 0 0, L_0xf9f980;  alias, 1 drivers
S_0xf920d0 .scope module, "h1" "halfadder" 3 34, 3 10 0, S_0xf62580;
 .timescale -9 -12;
    .port_info 0 /INPUT 1 "a";
    .port_info 1 /INPUT 1 "b";
    .port_info 2 /OUTPUT 1 "s";
    .port_info 3 /OUTPUT 1 "cout";
L_0xf9fac0 .functor XOR 1, L_0xf9f980, v0xf9ee50_0, C4<0>, C4<0>;
L_0xf9fc00 .functor AND 1, L_0xf9f980, v0xf9ee50_0, C4<1>, C4<1>;
v0xf922d0_0 .net "a", 0 0, L_0xf9f980;  alias, 1 drivers
v0xf92370_0 .net "b", 0 0, v0xf9ee50_0;  alias, 1 drivers
v0xf92410_0 .net "cout", 0 0, L_0xf9fc00;  alias, 1 drivers
v0xf924e0_0 .net "s", 0 0, L_0xf9fac0;  alias, 1 drivers
S_0xf92d00 .scope module, "fa2" "fulladder2" 2 39, 3 42 0, S_0xf62d60;
 .timescale -9 -12;
    .port_info 0 /INPUT 1 "cin";
    .port_info 1 /INPUT 2 "a";
    .port_info 2 /INPUT 2 "b";
    .port_info 3 /OUTPUT 2 "s";
    .port_info 4 /OUTPUT 1 "cout";
v0xf95860_0 .net "a", 1 0, v0xf9e560_0;  1 drivers
v0xf95960_0 .net "b", 1 0, v0xf9ece0_0;  1 drivers
v0xf95a40_0 .net "cin", 0 0, v0xf9ee50_0;  alias, 1 drivers
v0xf95ae0_0 .net "cout", 0 0, L_0xfa0e60;  alias, 1 drivers
v0xf95bb0_0 .net "cout_tmp", 0 0, L_0xfa07e0;  1 drivers
v0xf95c50_0 .net "s", 1 0, L_0xfa1170;  alias, 1 drivers
L_0xfa0870 .part v0xf9e560_0, 0, 1;
L_0xfa0930 .part v0xf9ece0_0, 0, 1;
L_0xfa0f10 .part v0xf9e560_0, 1, 1;
L_0xfa1040 .part v0xf9ece0_0, 1, 1;
L_0xfa1170 .concat8 [ 1 1 0 0], L_0xfa06b0, L_0xfa0c40;
S_0xf92ee0 .scope module, "a0" "fulladder" 3 49, 3 20 0, S_0xf92d00;
 .timescale -9 -12;
    .port_info 0 /INPUT 1 "cin";
    .port_info 1 /INPUT 1 "a";
    .port_info 2 /INPUT 1 "b";
    .port_info 3 /OUTPUT 1 "s";
    .port_info 4 /OUTPUT 1 "cout";
L_0xfa07e0 .functor OR 1, L_0xfa05f0, L_0xfa0770, C4<0>, C4<0>;
v0xf93d30_0 .net "a", 0 0, L_0xfa0870;  1 drivers
v0xf93df0_0 .net "b", 0 0, L_0xfa0930;  1 drivers
v0xf93ec0_0 .net "cin", 0 0, v0xf9ee50_0;  alias, 1 drivers
v0xf93f90_0 .net "cout", 0 0, L_0xfa07e0;  alias, 1 drivers
v0xf94030_0 .net "cout_tmp1", 0 0, L_0xfa05f0;  1 drivers
v0xf94120_0 .net "cout_tmp2", 0 0, L_0xfa0770;  1 drivers
v0xf941f0_0 .net "s", 0 0, L_0xfa06b0;  1 drivers
v0xf942c0_0 .net "s_tmp", 0 0, L_0xfa01d0;  1 drivers
S_0xf93170 .scope module, "h0" "halfadder" 3 27, 3 10 0, S_0xf92ee0;
 .timescale -9 -12;
    .port_info 0 /INPUT 1 "a";
    .port_info 1 /INPUT 1 "b";
    .port_info 2 /OUTPUT 1 "s";
    .port_info 3 /OUTPUT 1 "cout";
L_0xfa01d0 .functor XOR 1, L_0xfa0870, L_0xfa0930, C4<0>, C4<0>;
L_0xfa05f0 .functor AND 1, L_0xfa0870, L_0xfa0930, C4<1>, C4<1>;
v0xf933a0_0 .net "a", 0 0, L_0xfa0870;  alias, 1 drivers
v0xf93480_0 .net "b", 0 0, L_0xfa0930;  alias, 1 drivers
v0xf93540_0 .net "cout", 0 0, L_0xfa05f0;  alias, 1 drivers
v0xf93610_0 .net "s", 0 0, L_0xfa01d0;  alias, 1 drivers
S_0xf93780 .scope module, "h1" "halfadder" 3 34, 3 10 0, S_0xf92ee0;
 .timescale -9 -12;
    .port_info 0 /INPUT 1 "a";
    .port_info 1 /INPUT 1 "b";
    .port_info 2 /OUTPUT 1 "s";
    .port_info 3 /OUTPUT 1 "cout";
L_0xfa06b0 .functor XOR 1, L_0xfa01d0, v0xf9ee50_0, C4<0>, C4<0>;
L_0xfa0770 .functor AND 1, L_0xfa01d0, v0xf9ee50_0, C4<1>, C4<1>;
v0xf93980_0 .net "a", 0 0, L_0xfa01d0;  alias, 1 drivers
v0xf93a50_0 .net "b", 0 0, v0xf9ee50_0;  alias, 1 drivers
v0xf93b40_0 .net "cout", 0 0, L_0xfa0770;  alias, 1 drivers
v0xf93be0_0 .net "s", 0 0, L_0xfa06b0;  alias, 1 drivers
S_0xf943b0 .scope module, "a1" "fulladder" 3 55, 3 20 0, S_0xf92d00;
 .timescale -9 -12;
    .port_info 0 /INPUT 1 "cin";
    .port_info 1 /INPUT 1 "a";
    .port_info 2 /INPUT 1 "b";
    .port_info 3 /OUTPUT 1 "s";
    .port_info 4 /OUTPUT 1 "cout";
L_0xfa0e60 .functor OR 1, L_0xfa0b60, L_0xfa0dd0, C4<0>, C4<0>;
v0xf951c0_0 .net "a", 0 0, L_0xfa0f10;  1 drivers
v0xf95280_0 .net "b", 0 0, L_0xfa1040;  1 drivers
v0xf95350_0 .net "cin", 0 0, L_0xfa07e0;  alias, 1 drivers
v0xf95470_0 .net "cout", 0 0, L_0xfa0e60;  alias, 1 drivers
v0xf95510_0 .net "cout_tmp1", 0 0, L_0xfa0b60;  1 drivers
v0xf95600_0 .net "cout_tmp2", 0 0, L_0xfa0dd0;  1 drivers
v0xf956a0_0 .net "s", 0 0, L_0xfa0c40;  1 drivers
v0xf95770_0 .net "s_tmp", 0 0, L_0xfa0a60;  1 drivers
S_0xf94630 .scope module, "h0" "halfadder" 3 27, 3 10 0, S_0xf943b0;
 .timescale -9 -12;
    .port_info 0 /INPUT 1 "a";
    .port_info 1 /INPUT 1 "b";
    .port_info 2 /OUTPUT 1 "s";
    .port_info 3 /OUTPUT 1 "cout";
L_0xfa0a60 .functor XOR 1, L_0xfa0f10, L_0xfa1040, C4<0>, C4<0>;
L_0xfa0b60 .functor AND 1, L_0xfa0f10, L_0xfa1040, C4<1>, C4<1>;
v0xf94840_0 .net "a", 0 0, L_0xfa0f10;  alias, 1 drivers
v0xf94920_0 .net "b", 0 0, L_0xfa1040;  alias, 1 drivers
v0xf949e0_0 .net "cout", 0 0, L_0xfa0b60;  alias, 1 drivers
v0xf94ab0_0 .net "s", 0 0, L_0xfa0a60;  alias, 1 drivers
S_0xf94c20 .scope module, "h1" "halfadder" 3 34, 3 10 0, S_0xf943b0;
 .timescale -9 -12;
    .port_info 0 /INPUT 1 "a";
    .port_info 1 /INPUT 1 "b";
    .port_info 2 /OUTPUT 1 "s";
    .port_info 3 /OUTPUT 1 "cout";
L_0xfa0c40 .functor XOR 1, L_0xfa0a60, L_0xfa07e0, C4<0>, C4<0>;
L_0xfa0dd0 .functor AND 1, L_0xfa0a60, L_0xfa07e0, C4<1>, C4<1>;
v0xf94e20_0 .net "a", 0 0, L_0xfa0a60;  alias, 1 drivers
v0xf94ef0_0 .net "b", 0 0, L_0xfa07e0;  alias, 1 drivers
v0xf94fc0_0 .net "cout", 0 0, L_0xfa0dd0;  alias, 1 drivers
v0xf95090_0 .net "s", 0 0, L_0xfa0c40;  alias, 1 drivers
S_0xf95d90 .scope module, "ha" "halfadder" 2 26, 3 10 0, S_0xf62d60;
 .timescale -9 -12;
    .port_info 0 /INPUT 1 "a";
    .port_info 1 /INPUT 1 "b";
    .port_info 2 /OUTPUT 1 "s";
    .port_info 3 /OUTPUT 1 "cout";
L_0xf9f760 .functor XOR 1, v0xf9e4c0_0, v0xf9ec40_0, C4<0>, C4<0>;
L_0xf9f8f0 .functor AND 1, v0xf9e4c0_0, v0xf9ec40_0, C4<1>, C4<1>;
v0xf95fa0_0 .net "a", 0 0, v0xf9e4c0_0;  alias, 1 drivers
v0xf96090_0 .net "b", 0 0, v0xf9ec40_0;  alias, 1 drivers
v0xf961a0_0 .net "cout", 0 0, L_0xf9f8f0;  alias, 1 drivers
v0xf96240_0 .net "s", 0 0, L_0xf9f760;  alias, 1 drivers
S_0xf96360 .scope task, "printPoints" "printPoints" 4 1, 4 1 0, S_0xf62d60;
 .timescale -9 -12;
v0xf96540_0 .var "actual", 31 0;
v0xf96640_0 .var "possible", 31 0;
TD_test_adders.printPoints ;
    %vpi_call 4 4 "$display", "<scorePossible>%d</scorePossible>", v0xf96640_0 {0 0 0};
    %vpi_call 4 5 "$display", "<scoreActual>%d</scoreActual>", v0xf96540_0 {0 0 0};
    %end;
S_0xf96720 .scope module, "r0" "rca4" 2 45, 3 62 0, S_0xf62d60;
 .timescale -9 -12;
    .port_info 0 /INPUT 8 "SWITCH";
    .port_info 1 /OUTPUT 8 "LED";
v0xf9d050_0 .net "LED", 7 0, L_0xfb3ac0;  alias, 1 drivers
v0xf9d150_0 .net "SWITCH", 7 0, L_0xfb3c90;  1 drivers
L_0x7f1420d9d1c8 .functor BUFT 1, C4<00000000000000000000000000000000>, C4<0>, C4<0>, C4<0>;
v0xf9d230_0 .net/2s *"_ivl_0", 31 0, L_0x7f1420d9d1c8;  1 drivers
L_0x7f1420d9d210 .functor BUFT 1, C4<0000>, C4<0>, C4<0>, C4<0>;
v0xf9d2f0_0 .net/2u *"_ivl_19", 3 0, L_0x7f1420d9d210;  1 drivers
v0xf9d3d0_0 .net "cout0", 0 0, L_0xfa24e0;  1 drivers
L_0xfb28a0 .part L_0x7f1420d9d1c8, 0, 1;
L_0xfb2990 .part L_0xfb3c90, 0, 2;
L_0xfb2a30 .part L_0xfb3c90, 4, 2;
L_0xfb38f0 .part L_0xfb3c90, 2, 2;
L_0xfb3990 .part L_0xfb3c90, 6, 2;
L_0xfb3ac0 .concat8 [ 2 2 4 0], L_0xfa27f0, L_0xfb3850, L_0x7f1420d9d210;
S_0xf96970 .scope module, "a0" "fulladder2" 3 65, 3 42 0, S_0xf96720;
 .timescale -9 -12;
    .port_info 0 /INPUT 1 "cin";
    .port_info 1 /INPUT 2 "a";
    .port_info 2 /INPUT 2 "b";
    .port_info 3 /OUTPUT 2 "s";
    .port_info 4 /OUTPUT 1 "cout";
v0xf99730_0 .net "a", 1 0, L_0xfb2990;  1 drivers
v0xf99830_0 .net "b", 1 0, L_0xfb2a30;  1 drivers
v0xf99910_0 .net "cin", 0 0, L_0xfb28a0;  1 drivers
v0xf99a00_0 .net "cout", 0 0, L_0xfa24e0;  alias, 1 drivers
v0xf99aa0_0 .net "cout_tmp", 0 0, L_0xfa1e70;  1 drivers
v0xf99b90_0 .net "s", 1 0, L_0xfa27f0;  1 drivers
L_0xfa1f90 .part L_0xfb2990, 0, 1;
L_0xfa20c0 .part L_0xfb2a30, 0, 1;
L_0xfa2590 .part L_0xfb2990, 1, 1;
L_0xfa26c0 .part L_0xfb2a30, 1, 1;
L_0xfa27f0 .concat8 [ 1 1 0 0], L_0xfa1c20, L_0xfa2310;
S_0xf96bf0 .scope module, "a0" "fulladder" 3 49, 3 20 0, S_0xf96970;
 .timescale -9 -12;
    .port_info 0 /INPUT 1 "cin";
    .port_info 1 /INPUT 1 "a";
    .port_info 2 /INPUT 1 "b";
    .port_info 3 /OUTPUT 1 "s";
    .port_info 4 /OUTPUT 1 "cout";
L_0xfa1e70 .functor OR 1, L_0xfa1700, L_0xfa1d70, C4<0>, C4<0>;
v0xf97b10_0 .net "a", 0 0, L_0xfa1f90;  1 drivers
v0xf97bd0_0 .net "b", 0 0, L_0xfa20c0;  1 drivers
v0xf97ca0_0 .net "cin", 0 0, L_0xfb28a0;  alias, 1 drivers
v0xf97da0_0 .net "cout", 0 0, L_0xfa1e70;  alias, 1 drivers
v0xf97e40_0 .net "cout_tmp1", 0 0, L_0xfa1700;  1 drivers
v0xf97f30_0 .net "cout_tmp2", 0 0, L_0xfa1d70;  1 drivers
v0xf98000_0 .net "s", 0 0, L_0xfa1c20;  1 drivers
v0xf980d0_0 .net "s_tmp", 0 0, L_0xfa1810;  1 drivers
S_0xf96e70 .scope module, "h0" "halfadder" 3 27, 3 10 0, S_0xf96bf0;
 .timescale -9 -12;
    .port_info 0 /INPUT 1 "a";
    .port_info 1 /INPUT 1 "b";
    .port_info 2 /OUTPUT 1 "s";
    .port_info 3 /OUTPUT 1 "cout";
L_0xfa1810 .functor XOR 1, L_0xfa1f90, L_0xfa20c0, C4<0>, C4<0>;
L_0xfa1700 .functor AND 1, L_0xfa1f90, L_0xfa20c0, C4<1>, C4<1>;
v0xf97110_0 .net "a", 0 0, L_0xfa1f90;  alias, 1 drivers
v0xf971f0_0 .net "b", 0 0, L_0xfa20c0;  alias, 1 drivers
v0xf972b0_0 .net "cout", 0 0, L_0xfa1700;  alias, 1 drivers
v0xf97380_0 .net "s", 0 0, L_0xfa1810;  alias, 1 drivers
S_0xf974f0 .scope module, "h1" "halfadder" 3 34, 3 10 0, S_0xf96bf0;
 .timescale -9 -12;
    .port_info 0 /INPUT 1 "a";
    .port_info 1 /INPUT 1 "b";
    .port_info 2 /OUTPUT 1 "s";
    .port_info 3 /OUTPUT 1 "cout";
L_0xfa1c20 .functor XOR 1, L_0xfa1810, L_0xfb28a0, C4<0>, C4<0>;
L_0xfa1d70 .functor AND 1, L_0xfa1810, L_0xfb28a0, C4<1>, C4<1>;
v0xf97760_0 .net "a", 0 0, L_0xfa1810;  alias, 1 drivers
v0xf97830_0 .net "b", 0 0, L_0xfb28a0;  alias, 1 drivers
v0xf978d0_0 .net "cout", 0 0, L_0xfa1d70;  alias, 1 drivers
v0xf979a0_0 .net "s", 0 0, L_0xfa1c20;  alias, 1 drivers
S_0xf981c0 .scope module, "a1" "fulladder" 3 55, 3 20 0, S_0xf96970;
 .timescale -9 -12;
    .port_info 0 /INPUT 1 "cin";
    .port_info 1 /INPUT 1 "a";
    .port_info 2 /INPUT 1 "b";
    .port_info 3 /OUTPUT 1 "s";
    .port_info 4 /OUTPUT 1 "cout";
L_0xfa24e0 .functor OR 1, L_0xfa2280, L_0xfa2450, C4<0>, C4<0>;
v0xf99090_0 .net "a", 0 0, L_0xfa2590;  1 drivers
v0xf99150_0 .net "b", 0 0, L_0xfa26c0;  1 drivers
v0xf99220_0 .net "cin", 0 0, L_0xfa1e70;  alias, 1 drivers
v0xf99340_0 .net "cout", 0 0, L_0xfa24e0;  alias, 1 drivers
v0xf993e0_0 .net "cout_tmp1", 0 0, L_0xfa2280;  1 drivers
v0xf994d0_0 .net "cout_tmp2", 0 0, L_0xfa2450;  1 drivers
v0xf99570_0 .net "s", 0 0, L_0xfa2310;  1 drivers
v0xf99640_0 .net "s_tmp", 0 0, L_0xfa21f0;  1 drivers
S_0xf98420 .scope module, "h0" "halfadder" 3 27, 3 10 0, S_0xf981c0;
 .timescale -9 -12;
    .port_info 0 /INPUT 1 "a";
    .port_info 1 /INPUT 1 "b";
    .port_info 2 /OUTPUT 1 "s";
    .port_info 3 /OUTPUT 1 "cout";
L_0xfa21f0 .functor XOR 1, L_0xfa2590, L_0xfa26c0, C4<0>, C4<0>;
L_0xfa2280 .functor AND 1, L_0xfa2590, L_0xfa26c0, C4<1>, C4<1>;
v0xf986a0_0 .net "a", 0 0, L_0xfa2590;  alias, 1 drivers
v0xf98780_0 .net "b", 0 0, L_0xfa26c0;  alias, 1 drivers
v0xf98840_0 .net "cout", 0 0, L_0xfa2280;  alias, 1 drivers
v0xf98910_0 .net "s", 0 0, L_0xfa21f0;  alias, 1 drivers
S_0xf98a80 .scope module, "h1" "halfadder" 3 34, 3 10 0, S_0xf981c0;
 .timescale -9 -12;
    .port_info 0 /INPUT 1 "a";
    .port_info 1 /INPUT 1 "b";
    .port_info 2 /OUTPUT 1 "s";
    .port_info 3 /OUTPUT 1 "cout";
L_0xfa2310 .functor XOR 1, L_0xfa21f0, L_0xfa1e70, C4<0>, C4<0>;
L_0xfa2450 .functor AND 1, L_0xfa21f0, L_0xfa1e70, C4<1>, C4<1>;
v0xf98cf0_0 .net "a", 0 0, L_0xfa21f0;  alias, 1 drivers
v0xf98dc0_0 .net "b", 0 0, L_0xfa1e70;  alias, 1 drivers
v0xf98e90_0 .net "cout", 0 0, L_0xfa2450;  alias, 1 drivers
v0xf98f60_0 .net "s", 0 0, L_0xfa2310;  alias, 1 drivers
S_0xf99cd0 .scope module, "a3" "fulladder2" 3 67, 3 42 0, S_0xf96720;
 .timescale -9 -12;
    .port_info 0 /INPUT 1 "cin";
    .port_info 1 /INPUT 2 "a";
    .port_info 2 /INPUT 2 "b";
    .port_info 3 /OUTPUT 2 "s";
    .port_info 4 /OUTPUT 1 "cout";
v0xf9ca90_0 .net "a", 1 0, L_0xfb38f0;  1 drivers
v0xf9cb90_0 .net "b", 1 0, L_0xfb3990;  1 drivers
v0xf9cc70_0 .net "cin", 0 0, L_0xfa24e0;  alias, 1 drivers
v0xf9cda0_0 .net "cout", 0 0, L_0xfb3530;  1 drivers
v0xf9ce70_0 .net "cout_tmp", 0 0, L_0xfb2fc0;  1 drivers
v0xf9cf10_0 .net "s", 1 0, L_0xfb3850;  1 drivers
L_0xfb3030 .part L_0xfb38f0, 0, 1;
L_0xfb3160 .part L_0xfb3990, 0, 1;
L_0xfb35f0 .part L_0xfb38f0, 1, 1;
L_0xfb3720 .part L_0xfb3990, 1, 1;
L_0xfb3850 .concat8 [ 1 1 0 0], L_0xfb2cf0, L_0xfb3370;
S_0xf99f50 .scope module, "a0" "fulladder" 3 49, 3 20 0, S_0xf99cd0;
 .timescale -9 -12;
    .port_info 0 /INPUT 1 "cin";
    .port_info 1 /INPUT 1 "a";
    .port_info 2 /INPUT 1 "b";
    .port_info 3 /OUTPUT 1 "s";
    .port_info 4 /OUTPUT 1 "cout";
L_0xfb2fc0 .functor OR 1, L_0xfb2c30, L_0xfb2e40, C4<0>, C4<0>;
v0xf9ae80_0 .net "a", 0 0, L_0xfb3030;  1 drivers
v0xf9af40_0 .net "b", 0 0, L_0xfb3160;  1 drivers
v0xf9b010_0 .net "cin", 0 0, L_0xfa24e0;  alias, 1 drivers
v0xf9b0e0_0 .net "cout", 0 0, L_0xfb2fc0;  alias, 1 drivers
v0xf9b180_0 .net "cout_tmp1", 0 0, L_0xfb2c30;  1 drivers
v0xf9b270_0 .net "cout_tmp2", 0 0, L_0xfb2e40;  1 drivers
v0xf9b340_0 .net "s", 0 0, L_0xfb2cf0;  1 drivers
v0xf9b410_0 .net "s_tmp", 0 0, L_0xfb2b20;  1 drivers
S_0xf9a1e0 .scope module, "h0" "halfadder" 3 27, 3 10 0, S_0xf99f50;
 .timescale -9 -12;
    .port_info 0 /INPUT 1 "a";
    .port_info 1 /INPUT 1 "b";
    .port_info 2 /OUTPUT 1 "s";
    .port_info 3 /OUTPUT 1 "cout";
L_0xfb2b20 .functor XOR 1, L_0xfb3030, L_0xfb3160, C4<0>, C4<0>;
L_0xfb2c30 .functor AND 1, L_0xfb3030, L_0xfb3160, C4<1>, C4<1>;
v0xf9a480_0 .net "a", 0 0, L_0xfb3030;  alias, 1 drivers
v0xf9a560_0 .net "b", 0 0, L_0xfb3160;  alias, 1 drivers
v0xf9a620_0 .net "cout", 0 0, L_0xfb2c30;  alias, 1 drivers
v0xf9a6f0_0 .net "s", 0 0, L_0xfb2b20;  alias, 1 drivers
S_0xf9a860 .scope module, "h1" "halfadder" 3 34, 3 10 0, S_0xf99f50;
 .timescale -9 -12;
    .port_info 0 /INPUT 1 "a";
    .port_info 1 /INPUT 1 "b";
    .port_info 2 /OUTPUT 1 "s";
    .port_info 3 /OUTPUT 1 "cout";
L_0xfb2cf0 .functor XOR 1, L_0xfb2b20, L_0xfa24e0, C4<0>, C4<0>;
L_0xfb2e40 .functor AND 1, L_0xfb2b20, L_0xfa24e0, C4<1>, C4<1>;
v0xf9aad0_0 .net "a", 0 0, L_0xfb2b20;  alias, 1 drivers
v0xf9aba0_0 .net "b", 0 0, L_0xfa24e0;  alias, 1 drivers
v0xf9ac90_0 .net "cout", 0 0, L_0xfb2e40;  alias, 1 drivers
v0xf9ad30_0 .net "s", 0 0, L_0xfb2cf0;  alias, 1 drivers
S_0xf9b500 .scope module, "a1" "fulladder" 3 55, 3 20 0, S_0xf99cd0;
 .timescale -9 -12;
    .port_info 0 /INPUT 1 "cin";
    .port_info 1 /INPUT 1 "a";
    .port_info 2 /INPUT 1 "b";
    .port_info 3 /OUTPUT 1 "s";
    .port_info 4 /OUTPUT 1 "cout";
L_0xfb3530 .functor OR 1, L_0xfb3300, L_0xfb34c0, C4<0>, C4<0>;
v0xf9c3f0_0 .net "a", 0 0, L_0xfb35f0;  1 drivers
v0xf9c4b0_0 .net "b", 0 0, L_0xfb3720;  1 drivers
v0xf9c580_0 .net "cin", 0 0, L_0xfb2fc0;  alias, 1 drivers
v0xf9c6a0_0 .net "cout", 0 0, L_0xfb3530;  alias, 1 drivers
v0xf9c740_0 .net "cout_tmp1", 0 0, L_0xfb3300;  1 drivers
v0xf9c830_0 .net "cout_tmp2", 0 0, L_0xfb34c0;  1 drivers
v0xf9c8d0_0 .net "s", 0 0, L_0xfb3370;  1 drivers
v0xf9c9a0_0 .net "s_tmp", 0 0, L_0xfb3290;  1 drivers
S_0xf9b780 .scope module, "h0" "halfadder" 3 27, 3 10 0, S_0xf9b500;
 .timescale -9 -12;
    .port_info 0 /INPUT 1 "a";
    .port_info 1 /INPUT 1 "b";
    .port_info 2 /OUTPUT 1 "s";
    .port_info 3 /OUTPUT 1 "cout";
L_0xfb3290 .functor XOR 1, L_0xfb35f0, L_0xfb3720, C4<0>, C4<0>;
L_0xfb3300 .functor AND 1, L_0xfb35f0, L_0xfb3720, C4<1>, C4<1>;
v0xf9ba00_0 .net "a", 0 0, L_0xfb35f0;  alias, 1 drivers
v0xf9bae0_0 .net "b", 0 0, L_0xfb3720;  alias, 1 drivers
v0xf9bba0_0 .net "cout", 0 0, L_0xfb3300;  alias, 1 drivers
v0xf9bc70_0 .net "s", 0 0, L_0xfb3290;  alias, 1 drivers
S_0xf9bde0 .scope module, "h1" "halfadder" 3 34, 3 10 0, S_0xf9b500;
 .timescale -9 -12;
    .port_info 0 /INPUT 1 "a";
    .port_info 1 /INPUT 1 "b";
    .port_info 2 /OUTPUT 1 "s";
    .port_info 3 /OUTPUT 1 "cout";
L_0xfb3370 .functor XOR 1, L_0xfb3290, L_0xfb2fc0, C4<0>, C4<0>;
L_0xfb34c0 .functor AND 1, L_0xfb3290, L_0xfb2fc0, C4<1>, C4<1>;
v0xf9c050_0 .net "a", 0 0, L_0xfb3290;  alias, 1 drivers
v0xf9c120_0 .net "b", 0 0, L_0xfb2fc0;  alias, 1 drivers
v0xf9c1f0_0 .net "cout", 0 0, L_0xfb34c0;  alias, 1 drivers
v0xf9c2c0_0 .net "s", 0 0, L_0xfb3370;  alias, 1 drivers
    .scope S_0xf62d60;
T_1 ;
    %vpi_call 2 52 "$dumpfile", "rca.vcd" {0 0 0};
    %vpi_call 2 53 "$dumpvars" {0 0 0};
    %pushi/vec4 0, 0, 1;
    %store/vec4 v0xf9e4c0_0, 0, 1;
    %pushi/vec4 0, 0, 1;
    %store/vec4 v0xf9ec40_0, 0, 1;
    %pushi/vec4 0, 0, 32;
    %store/vec4 v0xf9eef0_0, 0, 32;
    %pushi/vec4 0, 0, 32;
    %store/vec4 v0xf9f680_0, 0, 32;
    %delay 100000, 0;
    %pushi/vec4 0, 0, 32;
    %store/vec4 v0xf9f5a0_0, 0, 32;
T_1.0 ;
    %load/vec4 v0xf9f5a0_0;
    %cmpi/s 3, 0, 32;
    %flag_or 5, 4;
    %jmp/0xz T_1.1, 5;
    %load/vec4 v0xf9f5a0_0;
    %parti/s 1, 0, 2;
    %store/vec4 v0xf9e4c0_0, 0, 1;
    %load/vec4 v0xf9f5a0_0;
    %parti/s 1, 1, 2;
    %store/vec4 v0xf9ec40_0, 0, 1;
    %delay 6000, 0;
    %load/vec4 v0xf9f680_0;
    %addi 2, 0, 32;
    %store/vec4 v0xf9f680_0, 0, 32;
    %load/vec4 v0xf9f5a0_0;
    %dup/vec4;
    %pushi/vec4 0, 0, 32;
    %cmp/u;
    %jmp/1 T_1.2, 6;
    %dup/vec4;
    %pushi/vec4 3, 0, 32;
    %cmp/u;
    %jmp/1 T_1.3, 6;
    %dup/vec4;
    %pushi/vec4 1, 0, 32;
    %cmp/u;
    %jmp/1 T_1.4, 6;
    %dup/vec4;
    %pushi/vec4 2, 0, 32;
    %cmp/u;
    %jmp/1 T_1.5, 6;
    %jmp T_1.6;
T_1.2 ;
    %load/vec4 v0xf9eaa0_0;
    %pad/u 32;
    %cmpi/ne 0, 0, 32;
    %jmp/0xz  T_1.7, 6;
    %load/vec4 v0xf9eef0_0;
    %cmpi/s 15, 0, 32;
    %jmp/0xz  T_1.9, 5;
    %vpi_call 2 78 "$display", "[halfadder] ERROR: %b + %b should produce sum=0 but was %b instead", v0xf9e4c0_0, v0xf9ec40_0, v0xf9eaa0_0 {0 0 0};
T_1.9 ;
    %load/vec4 v0xf9eef0_0;
    %addi 1, 0, 32;
    %store/vec4 v0xf9eef0_0, 0, 32;
T_1.7 ;
    %jmp T_1.6;
T_1.3 ;
    %load/vec4 v0xf9eaa0_0;
    %pad/u 32;
    %cmpi/ne 0, 0, 32;
    %jmp/0xz  T_1.11, 6;
    %load/vec4 v0xf9eef0_0;
    %cmpi/s 15, 0, 32;
    %jmp/0xz  T_1.13, 5;
    %vpi_call 2 78 "$display", "[halfadder] ERROR: %b + %b should produce sum=0 but was %b instead", v0xf9e4c0_0, v0xf9ec40_0, v0xf9eaa0_0 {0 0 0};
T_1.13 ;
    %load/vec4 v0xf9eef0_0;
    %addi 1, 0, 32;
    %store/vec4 v0xf9eef0_0, 0, 32;
T_1.11 ;
    %jmp T_1.6;
T_1.4 ;
    %load/vec4 v0xf9eaa0_0;
    %pad/u 32;
    %cmpi/ne 1, 0, 32;
    %jmp/0xz  T_1.15, 6;
    %load/vec4 v0xf9eef0_0;
    %cmpi/s 15, 0, 32;
    %jmp/0xz  T_1.17, 5;
    %vpi_call 2 85 "$display", "[halfadder] ERROR: %b + %b should produce sum=1 but was %b instead", v0xf9e4c0_0, v0xf9ec40_0, v0xf9eaa0_0 {0 0 0};
T_1.17 ;
    %load/vec4 v0xf9eef0_0;
    %addi 1, 0, 32;
    %store/vec4 v0xf9eef0_0, 0, 32;
T_1.15 ;
    %jmp T_1.6;
T_1.5 ;
    %load/vec4 v0xf9eaa0_0;
    %pad/u 32;
    %cmpi/ne 1, 0, 32;
    %jmp/0xz  T_1.19, 6;
    %load/vec4 v0xf9eef0_0;
    %cmpi/s 15, 0, 32;
    %jmp/0xz  T_1.21, 5;
    %vpi_call 2 85 "$display", "[halfadder] ERROR: %b + %b should produce sum=1 but was %b instead", v0xf9e4c0_0, v0xf9ec40_0, v0xf9eaa0_0 {0 0 0};
T_1.21 ;
    %load/vec4 v0xf9eef0_0;
    %addi 1, 0, 32;
    %store/vec4 v0xf9eef0_0, 0, 32;
T_1.19 ;
    %jmp T_1.6;
T_1.6 ;
    %pop/vec4 1;
    %load/vec4 v0xf9f5a0_0;
    %cmpi/s 3, 0, 32;
    %flag_get/vec4 5;
    %pushi/vec4 0, 0, 32;
    %load/vec4 v0xf9ea00_0;
    %pad/u 32;
    %cmp/ne;
    %flag_get/vec4 6;
    %and;
    %flag_set/vec4 8;
    %jmp/0xz  T_1.23, 8;
    %load/vec4 v0xf9eef0_0;
    %cmpi/s 15, 0, 32;
    %jmp/0xz  T_1.25, 5;
    %vpi_call 2 94 "$display", "[halfadder] ERROR: %b + %b should produce cout=0 but was %b instead", v0xf9e4c0_0, v0xf9ec40_0, v0xf9ea00_0 {0 0 0};
T_1.25 ;
    %load/vec4 v0xf9eef0_0;
    %addi 1, 0, 32;
    %store/vec4 v0xf9eef0_0, 0, 32;
T_1.23 ;
    %load/vec4 v0xf9f5a0_0;
    %pushi/vec4 3, 0, 32;
    %cmp/e;
    %flag_get/vec4 4;
    %pushi/vec4 1, 0, 32;
    %load/vec4 v0xf9ea00_0;
    %pad/u 32;
    %cmp/ne;
    %flag_get/vec4 6;
    %and;
    %flag_set/vec4 8;
    %jmp/0xz  T_1.27, 8;
    %load/vec4 v0xf9eef0_0;
    %cmpi/s 15, 0, 32;
    %jmp/0xz  T_1.29, 5;
    %vpi_call 2 100 "$display", "[halfadder] ERROR: %b + %b should produce cout=1 but was %b instead", v0xf9e4c0_0, v0xf9ec40_0, v0xf9ea00_0 {0 0 0};
T_1.29 ;
    %load/vec4 v0xf9eef0_0;
    %addi 1, 0, 32;
    %store/vec4 v0xf9eef0_0, 0, 32;
T_1.27 ;
    %load/vec4 v0xf9f5a0_0;
    %addi 1, 0, 32;
    %store/vec4 v0xf9f5a0_0, 0, 32;
    %jmp T_1.0;
T_1.1 ;
    %pushi/vec4 0, 0, 32;
    %store/vec4 v0xf9f5a0_0, 0, 32;
T_1.31 ;
    %load/vec4 v0xf9f5a0_0;
    %cmpi/s 7, 0, 32;
    %flag_or 5, 4;
    %jmp/0xz T_1.32, 5;
    %load/vec4 v0xf9f5a0_0;
    %parti/s 1, 0, 2;
    %store/vec4 v0xf9e4c0_0, 0, 1;
    %load/vec4 v0xf9f5a0_0;
    %parti/s 1, 1, 2;
    %store/vec4 v0xf9ec40_0, 0, 1;
    %load/vec4 v0xf9f5a0_0;
    %parti/s 1, 2, 3;
    %store/vec4 v0xf9ee50_0, 0, 1;
    %delay 6000, 0;
    %load/vec4 v0xf9f680_0;
    %addi 2, 0, 32;
    %store/vec4 v0xf9f680_0, 0, 32;
    %load/vec4 v0xf9f340_0;
    %load/vec4 v0xf9e840_0;
    %cmp/ne;
    %jmp/0xz  T_1.33, 6;
    %load/vec4 v0xf9eef0_0;
    %cmpi/s 15, 0, 32;
    %jmp/0xz  T_1.35, 5;
    %vpi_call 2 120 "$display", "[fulladder] ERROR: %b + %b should produce cout=%b but was %b instead", v0xf9e4c0_0, v0xf9ec40_0, v0xf9f340_0, v0xf9e840_0 {0 0 0};
T_1.35 ;
    %load/vec4 v0xf9eef0_0;
    %addi 1, 0, 32;
    %store/vec4 v0xf9eef0_0, 0, 32;
T_1.33 ;
    %load/vec4 v0xf9f400_0;
    %load/vec4 v0xf9e910_0;
    %cmp/ne;
    %jmp/0xz  T_1.37, 6;
    %load/vec4 v0xf9eef0_0;
    %cmpi/s 15, 0, 32;
    %jmp/0xz  T_1.39, 5;
    %vpi_call 2 126 "$display", "[fulladder] ERROR: %b + %b should produce sum=%b but was %b instead", v0xf9e4c0_0, v0xf9ec40_0, v0xf9f400_0, v0xf9e910_0 {0 0 0};
T_1.39 ;
    %load/vec4 v0xf9eef0_0;
    %addi 1, 0, 32;
    %store/vec4 v0xf9eef0_0, 0, 32;
T_1.37 ;
    %load/vec4 v0xf9f5a0_0;
    %addi 1, 0, 32;
    %store/vec4 v0xf9f5a0_0, 0, 32;
    %jmp T_1.31;
T_1.32 ;
    %pushi/vec4 0, 0, 32;
    %store/vec4 v0xf9f5a0_0, 0, 32;
T_1.41 ;
    %load/vec4 v0xf9f5a0_0;
    %cmpi/s 31, 0, 32;
    %flag_or 5, 4;
    %jmp/0xz T_1.42, 5;
    %load/vec4 v0xf9f5a0_0;
    %parti/s 2, 0, 2;
    %store/vec4 v0xf9e560_0, 0, 2;
    %load/vec4 v0xf9f5a0_0;
    %parti/s 2, 2, 3;
    %store/vec4 v0xf9ece0_0, 0, 2;
    %load/vec4 v0xf9f5a0_0;
    %parti/s 1, 4, 4;
    %store/vec4 v0xf9ee50_0, 0, 1;
    %delay 6000, 0;
    %load/vec4 v0xf9f680_0;
    %addi 2, 0, 32;
    %store/vec4 v0xf9f680_0, 0, 32;
    %load/vec4 v0xf9ef90_0;
    %load/vec4 v0xf9e6e0_0;
    %cmp/ne;
    %jmp/0xz  T_1.43, 6;
    %load/vec4 v0xf9eef0_0;
    %cmpi/s 15, 0, 32;
    %jmp/0xz  T_1.45, 5;
    %vpi_call 2 145 "$display", "[fulladder2] ERROR: %b + %b should produce cout=%b but was %b instead", v0xf9e560_0, v0xf9ece0_0, v0xf9ef90_0, v0xf9e6e0_0 {0 0 0};
T_1.45 ;
    %load/vec4 v0xf9eef0_0;
    %addi 1, 0, 32;
    %store/vec4 v0xf9eef0_0, 0, 32;
T_1.43 ;
    %load/vec4 v0xf9f260_0;
    %load/vec4 v0xf9e780_0;
    %cmp/ne;
    %jmp/0xz  T_1.47, 6;
    %load/vec4 v0xf9eef0_0;
    %cmpi/s 15, 0, 32;
    %jmp/0xz  T_1.49, 5;
    %vpi_call 2 151 "$display", "[fulladder2] ERROR: %b + %b should produce sum=%b but was %b instead", v0xf9e560_0, v0xf9ece0_0, v0xf9f260_0, v0xf9e780_0 {0 0 0};
T_1.49 ;
    %load/vec4 v0xf9eef0_0;
    %addi 1, 0, 32;
    %store/vec4 v0xf9eef0_0, 0, 32;
T_1.47 ;
    %load/vec4 v0xf9f5a0_0;
    %addi 1, 0, 32;
    %store/vec4 v0xf9f5a0_0, 0, 32;
    %jmp T_1.41;
T_1.42 ;
    %pushi/vec4 0, 0, 32;
    %store/vec4 v0xf9f5a0_0, 0, 32;
T_1.51 ;
    %load/vec4 v0xf9f5a0_0;
    %cmpi/s 255, 0, 32;
    %flag_or 5, 4;
    %jmp/0xz T_1.52, 5;
    %load/vec4 v0xf9f5a0_0;
    %parti/s 4, 0, 2;
    %store/vec4 v0xf9e620_0, 0, 4;
    %load/vec4 v0xf9f5a0_0;
    %parti/s 4, 4, 4;
    %store/vec4 v0xf9edb0_0, 0, 4;
    %delay 6000, 0;
    %load/vec4 v0xf9f680_0;
    %addi 1, 0, 32;
    %store/vec4 v0xf9f680_0, 0, 32;
    %load/vec4 v0xf9f4c0_0;
    %pad/u 8;
    %load/vec4 v0xf9eb70_0;
    %cmp/ne;
    %jmp/0xz  T_1.53, 6;
    %load/vec4 v0xf9eef0_0;
    %cmpi/s 15, 0, 32;
    %jmp/0xz  T_1.55, 5;
    %vpi_call 2 170 "$display", "[rca4] ERROR: %b + %b should produce sum=%b but was %b instead", v0xf9e620_0, v0xf9edb0_0, v0xf9f4c0_0, v0xf9eb70_0 {0 0 0};
T_1.55 ;
    %load/vec4 v0xf9eef0_0;
    %addi 1, 0, 32;
    %store/vec4 v0xf9eef0_0, 0, 32;
T_1.53 ;
    %load/vec4 v0xf9f5a0_0;
    %addi 1, 0, 32;
    %store/vec4 v0xf9f5a0_0, 0, 32;
    %jmp T_1.51;
T_1.52 ;
    %load/vec4 v0xf9eef0_0;
    %cmpi/s 15, 0, 32;
    %flag_or 5, 4; GT is !LE
    %flag_inv 5;
    %jmp/0xz  T_1.57, 5;
    %load/vec4 v0xf9eef0_0;
    %subi 15, 0, 32;
    %vpi_call 2 177 "$display", "Additional %d errors NOT printed.", S<0,vec4,s32> {1 0 0};
T_1.57 ;
    %vpi_call 2 179 "$display", "Simulation finished: %d test cases %d errors", v0xf9f680_0, v0xf9eef0_0 {0 0 0};
    %load/vec4 v0xf9f680_0;
    %store/vec4 v0xf96640_0, 0, 32;
    %load/vec4 v0xf9f680_0;
    %load/vec4 v0xf9eef0_0;
    %sub;
    %store/vec4 v0xf96540_0, 0, 32;
    %fork TD_test_adders.printPoints, S_0xf96360;
    %join;
    %vpi_call 2 181 "$finish" {0 0 0};
    %end;
    .thread T_1;
# The file index is used to find the file name in the following table.
:file_names 5;
    "N/A";
    "<interactive>";
    "rca_testbench.v";
    "rca.v";
    "./print_points.v";
